Log file open, 10/06/18 13:07:40
LogInit: Display: Running engine for game: BasilicaSudak_UE4
LogPlatformFile: Not using cached read wrapper
LogTaskGraph: Started task graph with 5 named threads and 8 total threads with 3 sets of task threads.
LogStats: Stats thread started at 0.071807
LogICUInternationalization: Display: ICU TimeZone Detection - Raw Offset: +4:00, Platform Override: ''
LogPluginManager: Mounting plugin OnlineSubsystemUtils
LogPluginManager: Mounting plugin OnlineSubsystemNull
LogPluginManager: Mounting plugin OnlineSubsystemGooglePlay
LogPluginManager: Mounting plugin OnlineSubsystem
LogPluginManager: Mounting plugin OnlineSubsystemIOS
LogPluginManager: Mounting plugin LinearTimecode
LogPluginManager: Mounting plugin MediaPlayerEditor
LogPluginManager: Mounting plugin WmfMedia
LogPluginManager: Mounting plugin MediaCompositing
LogPluginManager: Mounting plugin AvfMedia
LogPluginManager: Mounting plugin AndroidMedia
LogPluginManager: Mounting plugin ImgMedia
LogPluginManager: Mounting plugin CharacterAI
LogPluginManager: Mounting plugin ProxyLODPlugin
LogPluginManager: Mounting plugin AppleVision
LogPluginManager: Mounting plugin AlembicImporter
LogPluginManager: Mounting plugin GeometryCache
LogPluginManager: Mounting plugin HTML5Networking
LogPluginManager: Mounting plugin BackChannel
LogPluginManager: Mounting plugin AppleImageUtils
LogPluginManager: Mounting plugin DatasmithContent
LogPluginManager: Mounting plugin Paper2D
LogPluginManager: Mounting plugin NUTUnrealEngine4
LogPluginManager: Mounting plugin NetcodeUnitTest
LogPluginManager: Mounting plugin LevelSequenceEditor
LogPluginManager: Mounting plugin MatineeToLevelSequence
LogPluginManager: Mounting plugin ActorSequence
LogPluginManager: Mounting plugin AssetManagerEditor
LogPluginManager: Mounting plugin PluginBrowser
LogPluginManager: Mounting plugin MacGraphicsSwitching
LogPluginManager: Mounting plugin FacialAnimation
LogPluginManager: Mounting plugin MobileLauncherProfileWizard
LogPluginManager: Mounting plugin CryptoKeys
LogPluginManager: Mounting plugin MeshEditor
LogPluginManager: Mounting plugin GameplayTagsEditor
LogPluginManager: Mounting plugin SpeedTreeImporter
LogPluginManager: Mounting plugin DataValidation
LogPluginManager: Mounting plugin AISupport
LogPluginManager: Mounting plugin TcpMessaging
LogPluginManager: Mounting plugin UdpMessaging
LogPluginManager: Mounting plugin RuntimePhysXCooking
LogPluginManager: Mounting plugin EditableMesh
LogPluginManager: Mounting plugin CableComponent
LogPluginManager: Mounting plugin ExampleDeviceProfileSelector
LogPluginManager: Mounting plugin AppleMoviePlayer
LogPluginManager: Mounting plugin ImmediatePhysics
LogPluginManager: Mounting plugin ProceduralMeshComponent
LogPluginManager: Mounting plugin SteamVR
LogPluginManager: Mounting plugin WindowsMoviePlayer
LogPluginManager: Mounting plugin AndroidDeviceProfileSelector
LogPluginManager: Mounting plugin LocationServicesBPLibrary
LogPluginManager: Mounting plugin MobilePatchingUtils
LogPluginManager: Mounting plugin GoogleCloudMessaging
LogPluginManager: Mounting plugin PhysXVehicles
LogPluginManager: Mounting plugin CustomMeshComponent
LogPluginManager: Mounting plugin ArchVisCharacter
LogPluginManager: Mounting plugin AndroidPermission
LogPluginManager: Mounting plugin LinuxDeviceProfileSelector
LogPluginManager: Mounting plugin OculusVR
LogPluginManager: Plugin shader directory ../../../Engine/Plugins/Runtime/Oculus/OculusVR/Shaders found
LogPluginManager: Mapping shader source directory ../../../Engine/Plugins/Runtime/Oculus/OculusVR/Shaders to virtual directory /Plugin/OculusVR
LogPluginManager: Mounting plugin AndroidMoviePlayer
LogPluginManager: Mounting plugin AudioCapture
LogPluginManager: Mounting plugin IOSDeviceProfileSelector
LogPluginManager: Mounting plugin LightPropagationVolume
LogPluginManager: Mounting plugin GitSourceControl
LogPluginManager: Mounting plugin NullSourceCodeAccess
LogPluginManager: Mounting plugin PerforceSourceControl
LogPluginManager: Mounting plugin CLionSourceCodeAccess
LogPluginManager: Mounting plugin XCodeSourceCodeAccess
LogPluginManager: Mounting plugin VisualStudioCodeSourceCodeAccess
LogPluginManager: Mounting plugin UObjectPlugin
LogPluginManager: Mounting plugin SubversionSourceControl
LogPluginManager: Mounting plugin VisualStudioSourceCodeAccess
LogPluginManager: Mounting plugin CodeLiteSourceCodeAccess
LogPluginManager: Mounting plugin KDevelopSourceCodeAccess
LogPluginManager: Mounting plugin MagicLeap
LogPluginManager: Mounting plugin MagicLeapMedia
LogPluginManager: Mounting plugin MagicLeapEmulator
LogPluginManager: Mounting plugin LauncherChunkInstaller
LogStreaming: Display: Took  0.589s to configure plugins.
LogInit: Using libcurl 7.48.0-DEV
LogInit:  - built for x86_64-unknown-linux-gnu
LogInit:  - supports SSL with OpenSSL/1.0.2h
LogInit:  - supports HTTP deflate (compression) using libz 1.2.8
LogInit:  - other features:
LogInit:      CURL_VERSION_SSL
LogInit:      CURL_VERSION_LIBZ
LogInit:      CURL_VERSION_IPV6
LogInit:      CURL_VERSION_ASYNCHDNS
LogInit:      CURL_VERSION_LARGEFILE
LogInit:      CURL_VERSION_TLSAUTH_SRP
LogInit:  Libcurl: checking if '/etc/pki/tls/certs/ca-bundle.crt' exists
LogInit:  Libcurl: checking if '/etc/ssl/certs/ca-certificates.crt' exists
LogInit:  CurlRequestOptions (configurable via config and command line):
LogInit:  - bVerifyPeer = true  - Libcurl will verify peer certificate
LogInit:  - bUseHttpProxy = false  - Libcurl will NOT use HTTP proxy
LogInit:  - bDontReuseConnections = false  - Libcurl will reuse connections
LogInit:  - CertBundlePath = /etc/ssl/certs/ca-certificates.crt  - Libcurl will set CURLOPT_CAINFO to it
LogInit:  - MaxHostConnections = 16  - Libcurl will limit the number of connections to a host
LogInit:  - LocalHostAddr = Default
LogInit:  - BufferSize = 65536
LogInit: Build: ++UE4+Release-4.20-CL-0
LogInit: Engine Version: 4.20.3-0+++UE4+Release-4.20
LogInit: Compatible Engine Version: 4.20.0-0+++UE4+Release-4.20
LogInit: Net CL: 0
LogInit: OS: GenericOSVersionLabel (GenericOSSubVersionLabel), CPU: Intel(R) Core(TM) i3-6100 CPU @ 3.70GHz, GPU: GenericGPUBrand
LogInit: Compiled (64-bit): Sep 21 2018 12:16:14
LogInit: Compiled with Clang: 5.0.0 (tags/RELEASE_500/final)
LogInit: Build Configuration: Development
LogInit: Branch Name: ++UE4+Release-4.20
LogInit: Command Line:  /Game/ChirschScene -game -PIEVIACONSOLE -ResX=1280 -ResY=720 -Multiprocess -messaging -SessionName="Play in Standalone Game" -windowed
LogInit: Base Directory: /media/scad/WD1003FZEX_1TB/Epic_Games/UnrealEngine/Engine/Binaries/Linux/
LogInit: Installed Engine Build: 0
LogDevObjectVersion: Number of dev versions registered: 20
LogDevObjectVersion:   Dev-Blueprints (B0D832E4-1F89-4F0D-ACCF-7EB736FD4AA2): 10
LogDevObjectVersion:   Dev-Build (E1C64328-A22C-4D53-A36C-8E866417BD8C): 0
LogDevObjectVersion:   Dev-Core (375EC13C-06E4-48FB-B500-84F0262A717E): 2
LogDevObjectVersion:   Dev-Editor (E4B068ED-F494-42E9-A231-DA0B2E46BB41): 24
LogDevObjectVersion:   Dev-Framework (CFFC743F-43B0-4480-9391-14DF171D2073): 34
LogDevObjectVersion:   Dev-Mobile (B02B49B5-BB20-44E9-A304-32B752E40360): 2
LogDevObjectVersion:   Dev-Networking (A4E4105C-59A1-49B5-A7C5-40C4547EDFEE): 0
LogDevObjectVersion:   Dev-Online (39C831C9-5AE6-47DC-9A44-9C173E1C8E7C): 0
LogDevObjectVersion:   Dev-Physics (78F01B33-EBEA-4F98-B9B4-84EACCB95AA2): 0
LogDevObjectVersion:   Dev-Platform (6631380F-2D4D-43E0-8009-CF276956A95A): 0
LogDevObjectVersion:   Dev-Rendering (12F88B9F-8875-4AFC-A67C-D90C383ABD29): 26
LogDevObjectVersion:   Dev-Sequencer (7B5AE74C-D270-4C10-A958-57980B212A5A): 9
LogDevObjectVersion:   Dev-VR (D7296918-1DD6-4BDD-9DE2-64A83CC13884): 2
LogDevObjectVersion:   Dev-LoadTimes (C2A15278-BFE7-4AFE-6C17-90FF531DF755): 1
LogDevObjectVersion:   Private-Geometry (6EACA3D4-40EC-4CC1-B786-8BED09428FC5): 3
LogDevObjectVersion:   Dev-AnimPhys (29E575DD-E0A3-4627-9D10-D276232CDCEA): 17
LogDevObjectVersion:   Dev-ReflectionCapture (6B266CEC-1EC7-4B8F-A30B-E4D90942FC07): 1
LogDevObjectVersion:   Dev-Automation (0DF73D61-A23F-47EA-B727-89E90C41499A): 1
LogDevObjectVersion:   FortniteMain (601D1886-AC64-4F84-AA16-D3DE0DEAC7D6): 12
LogDevObjectVersion:   Dev-Enterprise (9DFFBCD6-494F-0158-E221-12823C92A888): 1
LogStreaming: Display: Took  0.001s to delete old logs.
LogInit: Presizing for max 8388607 objects, including 0 objects not considered by GC, pre-allocating 0 bytes for permanent pool.
LogInit: Object subsystem initialized
[2018.10.06-10.07.41:791][  0]LogInit: Initializing SDL.
[2018.10.06-10.07.42:141][  0]LogInit: Initialized SDL 2.0.5 revision: 11184 (hg-11184:04063928c4a8 with EpicExtensions) (compiled against 2.0.5)
[2018.10.06-10.07.42:141][  0]LogInit: Using SDL_WINDOW_OPENGL
[2018.10.06-10.07.42:141][  0]LogInit: Using SDL video driver 'x11'
[2018.10.06-10.07.42:142][  0]LogInit: Display metrics:
[2018.10.06-10.07.42:142][  0]LogInit:   PrimaryDisplayWidth: 1920
[2018.10.06-10.07.42:142][  0]LogInit:   PrimaryDisplayHeight: 1080
[2018.10.06-10.07.42:142][  0]LogInit:   PrimaryDisplayWorkAreaRect:
[2018.10.06-10.07.42:142][  0]LogInit:     Left=0, Top=0, Right=1920, Bottom=1016
[2018.10.06-10.07.42:142][  0]LogInit:   VirtualDisplayRect:
[2018.10.06-10.07.42:142][  0]LogInit:     Left=0, Top=0, Right=3840, Bottom=1080
[2018.10.06-10.07.42:142][  0]LogInit:   TitleSafePaddingSize: X=0.000 Y=0.000 Z=0.000 W=0.000
[2018.10.06-10.07.42:142][  0]LogInit:   ActionSafePaddingSize: X=0.000 Y=0.000 Z=0.000 W=0.000
[2018.10.06-10.07.42:142][  0]LogInit:   Number of monitors: 2
[2018.10.06-10.07.42:142][  0]LogInit:     Monitor 0
[2018.10.06-10.07.42:142][  0]LogInit:       Name: PHL 227E6 22"
[2018.10.06-10.07.42:142][  0]LogInit:       ID: display0
[2018.10.06-10.07.42:142][  0]LogInit:       NativeWidth: 1920
[2018.10.06-10.07.42:142][  0]LogInit:       NativeHeight: 1080
[2018.10.06-10.07.42:142][  0]LogInit:       bIsPrimary: true
[2018.10.06-10.07.42:142][  0]LogInit:     Monitor 1
[2018.10.06-10.07.42:142][  0]LogInit:       Name: VE228 22"
[2018.10.06-10.07.42:142][  0]LogInit:       ID: display1
[2018.10.06-10.07.42:142][  0]LogInit:       NativeWidth: 1920
[2018.10.06-10.07.42:142][  0]LogInit:       NativeHeight: 1080
[2018.10.06-10.07.42:142][  0]LogInit:       bIsPrimary: false
[2018.10.06-10.07.42:142][  0]LogLinux: Selected Device Profile: [Linux]
[2018.10.06-10.07.42:142][  0]LogInit: Applying CVar settings loaded from the selected device profile: [Linux]
[2018.10.06-10.07.42:148][  0]LogHAL: Display: Platform has ~ 4 GB [16781991936 / 4294967296 / 16], which maps to Smallest [LargestMinGB=32, LargerMinGB=12, DefaultMinGB=8, SmallerMinGB=6, SmallestMinGB=0)
[2018.10.06-10.07.42:148][  0]LogInit: Going up to parent DeviceProfile []
[2018.10.06-10.07.42:149][  0]LogInit: Using custom *.sym to symbolicate
[2018.10.06-10.07.42:149][  0]LogInit: Unix hardware info:
[2018.10.06-10.07.42:149][  0]LogInit:  - we are not the first instance of this executable
[2018.10.06-10.07.42:149][  0]LogInit:  - this process' id (pid) is 2191, parent process' id (ppid) is 24606
[2018.10.06-10.07.42:149][  0]LogInit:  - we are not running under debugger
[2018.10.06-10.07.42:149][  0]LogInit:  - machine network name is 'MicrolabHS'
[2018.10.06-10.07.42:149][  0]LogInit:  - user name is 'scad' (scad)
[2018.10.06-10.07.42:149][  0]LogInit:  - we're logged in locally
[2018.10.06-10.07.42:149][  0]LogInit:  - we're running with rendering
[2018.10.06-10.07.42:149][  0]LogInit:  - CPU: GenuineIntel 'Intel(R) Core(TM) i3-6100 CPU @ 3.70GHz' (signature: 0x506E3)
[2018.10.06-10.07.42:149][  0]LogInit:  - Number of physical cores available for the process: 2
[2018.10.06-10.07.42:149][  0]LogInit:  - Number of logical cores available for the process: 4
[2018.10.06-10.07.42:149][  0]LogInit:  - Cache line size: 64
[2018.10.06-10.07.42:149][  0]LogInit:  - Memory allocator used: binned2
[2018.10.06-10.07.42:149][  0]LogCore: Benchmarking clocks:
[2018.10.06-10.07.42:149][  0]LogCore:  - CLOCK_REALTIME (id=0) can sustain 49461207 (49461K, 49M) calls per second without zero deltas.
[2018.10.06-10.07.42:149][  0]LogCore:  - CLOCK_MONOTONIC (id=1) can sustain 51963112 (51963K, 52M) calls per second without zero deltas.
[2018.10.06-10.07.42:149][  0]LogCore:  - CLOCK_MONOTONIC_RAW (id=4) can sustain 3649826 (3650K, 4M) calls per second without zero deltas.
[2018.10.06-10.07.42:149][  0]LogCore:  - CLOCK_MONOTONIC_COARSE (id=6) can sustain 156182576 (156183K, 156M) calls per second with 99.999834% zero deltas.
[2018.10.06-10.07.42:149][  0]LogCore: Selected clock_id 1 (CLOCK_MONOTONIC) since it is the fastest support clock without zero deltas.
[2018.10.06-10.07.42:149][  0]LogInit: Unix-specific commandline switches:
[2018.10.06-10.07.42:149][  0]LogInit:  -nodwarf (currently OFF): suppress parsing of DWARF debug info (callstacks will be generated faster, but won't have line numbers)
[2018.10.06-10.07.42:149][  0]LogInit:  -ansimalloc - use malloc()/free() from libc (useful for tools like valgrind and electric fence)
[2018.10.06-10.07.42:149][  0]LogInit:  -jemalloc - use jemalloc for all memory allocation
[2018.10.06-10.07.42:149][  0]LogInit:  -binnedmalloc - use binned malloc  for all memory allocation
[2018.10.06-10.07.42:149][  0]LogInit:  -filemapcachesize=NUMBER - set the size for case-sensitive file mapping cache
[2018.10.06-10.07.42:149][  0]LogInit:  -httpproxy=ADDRESS:PORT - redirects HTTP requests to a proxy (only supported if compiled with libcurl)
[2018.10.06-10.07.42:149][  0]LogInit:  -reuseconn - allow libcurl to reuse HTTP connections (only matters if compiled with libcurl)
[2018.10.06-10.07.42:149][  0]LogInit:  -virtmemkb=NUMBER - sets process virtual memory (address space) limit (overrides VirtualMemoryLimitInKB value from .ini)
[2018.10.06-10.07.42:149][  0]LogInit:  - Physical RAM available (not considering process quota): 16 GB (16004 MB, 16388664 KB, 16781991936 bytes)
[2018.10.06-10.07.42:280][  0]LogInit: Using OS detected language (en-US).
[2018.10.06-10.07.42:280][  0]LogInit: Using OS detected locale (en-US).
[2018.10.06-10.07.42:280][  0]LogTextLocalizationManager: No specific localization for 'en-US' exists, so the 'en' localization will be used.
[2018.10.06-10.07.42:694][  0]LogStreaming: Display: Took  0.414s to InitEngineTextLocalization.
[2018.10.06-10.07.42:822][  0]LogSlate: New Slate User Created.  User Index 0, Is Virtual User: 0
[2018.10.06-10.07.42:822][  0]LogSlate: Slate User Registered.  User Index 0, Is Virtual User: 0
[2018.10.06-10.07.43:165][  0]LogRHI: Initializing OpenGL RHI
[2018.10.06-10.07.43:165][  0]LogRHI:   GL_VENDOR: NVIDIA Corporation
[2018.10.06-10.07.43:165][  0]LogRHI:   GL_RENDERER: GeForce GTX 1050 Ti/PCIe/SSE2
[2018.10.06-10.07.43:165][  0]LogRHI:   GL_VERSION: 4.3.0 NVIDIA 390.87
[2018.10.06-10.07.43:165][  0]LogRHI:   GL_SHADING_LANGUAGE_VERSION: 4.30 NVIDIA via Cg compiler
[2018.10.06-10.07.43:165][  0]LogRHI: OpenGL Extensions:
[2018.10.06-10.07.43:165][  0]LogRHI:   GL_AMD_multi_draw_indirect
[2018.10.06-10.07.43:165][  0]LogRHI:   GL_AMD_seamless_cubemap_per_texture
[2018.10.06-10.07.43:165][  0]LogRHI:   GL_AMD_vertex_shader_viewport_index
[2018.10.06-10.07.43:165][  0]LogRHI:   GL_AMD_vertex_shader_layer
[2018.10.06-10.07.43:165][  0]LogRHI:   GL_ARB_arrays_of_arrays
[2018.10.06-10.07.43:165][  0]LogRHI:   GL_ARB_base_instance
[2018.10.06-10.07.43:165][  0]LogRHI:   GL_ARB_bindless_texture
[2018.10.06-10.07.43:165][  0]LogRHI:   GL_ARB_blend_func_extended
[2018.10.06-10.07.43:165][  0]LogRHI:   GL_ARB_buffer_storage
[2018.10.06-10.07.43:165][  0]LogRHI:   GL_ARB_clear_buffer_object
[2018.10.06-10.07.43:165][  0]LogRHI:   GL_ARB_clear_texture
[2018.10.06-10.07.43:165][  0]LogRHI:   GL_ARB_clip_control
[2018.10.06-10.07.43:165][  0]LogRHI:   GL_ARB_color_buffer_float
[2018.10.06-10.07.43:165][  0]LogRHI:   GL_ARB_compressed_texture_pixel_storage
[2018.10.06-10.07.43:165][  0]LogRHI:   GL_ARB_conservative_depth
[2018.10.06-10.07.43:165][  0]LogRHI:   GL_ARB_compute_shader
[2018.10.06-10.07.43:165][  0]LogRHI:   GL_ARB_compute_variable_group_size
[2018.10.06-10.07.43:165][  0]LogRHI:   GL_ARB_conditional_render_inverted
[2018.10.06-10.07.43:165][  0]LogRHI:   GL_ARB_copy_buffer
[2018.10.06-10.07.43:165][  0]LogRHI:   GL_ARB_copy_image
[2018.10.06-10.07.43:165][  0]LogRHI:   GL_ARB_cull_distance
[2018.10.06-10.07.43:165][  0]LogRHI:   GL_ARB_debug_output
[2018.10.06-10.07.43:165][  0]LogRHI:   GL_ARB_depth_buffer_float
[2018.10.06-10.07.43:165][  0]LogRHI:   GL_ARB_depth_clamp
[2018.10.06-10.07.43:165][  0]LogRHI:   GL_ARB_depth_texture
[2018.10.06-10.07.43:165][  0]LogRHI:   GL_ARB_derivative_control
[2018.10.06-10.07.43:165][  0]LogRHI:   GL_ARB_direct_state_access
[2018.10.06-10.07.43:165][  0]LogRHI:   GL_ARB_draw_buffers
[2018.10.06-10.07.43:165][  0]LogRHI:   GL_ARB_draw_buffers_blend
[2018.10.06-10.07.43:166][  0]LogRHI:   GL_ARB_draw_indirect
[2018.10.06-10.07.43:166][  0]LogRHI:   GL_ARB_draw_elements_base_vertex
[2018.10.06-10.07.43:166][  0]LogRHI:   GL_ARB_draw_instanced
[2018.10.06-10.07.43:166][  0]LogRHI:   GL_ARB_enhanced_layouts
[2018.10.06-10.07.43:166][  0]LogRHI:   GL_ARB_ES2_compatibility
[2018.10.06-10.07.43:166][  0]LogRHI:   GL_ARB_ES3_compatibility
[2018.10.06-10.07.43:166][  0]LogRHI:   GL_ARB_ES3_1_compatibility
[2018.10.06-10.07.43:166][  0]LogRHI:   GL_ARB_ES3_2_compatibility
[2018.10.06-10.07.43:166][  0]LogRHI:   GL_ARB_explicit_attrib_location
[2018.10.06-10.07.43:166][  0]LogRHI:   GL_ARB_explicit_uniform_location
[2018.10.06-10.07.43:166][  0]LogRHI:   GL_ARB_fragment_coord_conventions
[2018.10.06-10.07.43:166][  0]LogRHI:   GL_ARB_fragment_layer_viewport
[2018.10.06-10.07.43:166][  0]LogRHI:   GL_ARB_fragment_program
[2018.10.06-10.07.43:166][  0]LogRHI:   GL_ARB_fragment_program_shadow
[2018.10.06-10.07.43:166][  0]LogRHI:   GL_ARB_fragment_shader
[2018.10.06-10.07.43:166][  0]LogRHI:   GL_ARB_fragment_shader_interlock
[2018.10.06-10.07.43:166][  0]LogRHI:   GL_ARB_framebuffer_no_attachments
[2018.10.06-10.07.43:166][  0]LogRHI:   GL_ARB_framebuffer_object
[2018.10.06-10.07.43:166][  0]LogRHI:   GL_ARB_framebuffer_sRGB
[2018.10.06-10.07.43:166][  0]LogRHI:   GL_ARB_geometry_shader4
[2018.10.06-10.07.43:166][  0]LogRHI:   GL_ARB_get_program_binary
[2018.10.06-10.07.43:166][  0]LogRHI:   GL_ARB_get_texture_sub_image
[2018.10.06-10.07.43:166][  0]LogRHI:   GL_ARB_gl_spirv
[2018.10.06-10.07.43:166][  0]LogRHI:   GL_ARB_gpu_shader5
[2018.10.06-10.07.43:166][  0]LogRHI:   GL_ARB_gpu_shader_fp64
[2018.10.06-10.07.43:166][  0]LogRHI:   GL_ARB_gpu_shader_int64
[2018.10.06-10.07.43:166][  0]LogRHI:   GL_ARB_half_float_pixel
[2018.10.06-10.07.43:166][  0]LogRHI:   GL_ARB_half_float_vertex
[2018.10.06-10.07.43:166][  0]LogRHI:   GL_ARB_imaging
[2018.10.06-10.07.43:166][  0]LogRHI:   GL_ARB_indirect_parameters
[2018.10.06-10.07.43:166][  0]LogRHI:   GL_ARB_instanced_arrays
[2018.10.06-10.07.43:166][  0]LogRHI:   GL_ARB_internalformat_query
[2018.10.06-10.07.43:166][  0]LogRHI:   GL_ARB_internalformat_query2
[2018.10.06-10.07.43:166][  0]LogRHI:   GL_ARB_invalidate_subdata
[2018.10.06-10.07.43:166][  0]LogRHI:   GL_ARB_map_buffer_alignment
[2018.10.06-10.07.43:166][  0]LogRHI:   GL_ARB_map_buffer_range
[2018.10.06-10.07.43:166][  0]LogRHI:   GL_ARB_multi_bind
[2018.10.06-10.07.43:166][  0]LogRHI:   GL_ARB_multi_draw_indirect
[2018.10.06-10.07.43:166][  0]LogRHI:   GL_ARB_multisample
[2018.10.06-10.07.43:166][  0]LogRHI:   GL_ARB_multitexture
[2018.10.06-10.07.43:166][  0]LogRHI:   GL_ARB_occlusion_query
[2018.10.06-10.07.43:166][  0]LogRHI:   GL_ARB_occlusion_query2
[2018.10.06-10.07.43:166][  0]LogRHI:   GL_ARB_parallel_shader_compile
[2018.10.06-10.07.43:166][  0]LogRHI:   GL_ARB_pipeline_statistics_query
[2018.10.06-10.07.43:166][  0]LogRHI:   GL_ARB_pixel_buffer_object
[2018.10.06-10.07.43:166][  0]LogRHI:   GL_ARB_point_parameters
[2018.10.06-10.07.43:166][  0]LogRHI:   GL_ARB_point_sprite
[2018.10.06-10.07.43:166][  0]LogRHI:   GL_ARB_polygon_offset_clamp
[2018.10.06-10.07.43:166][  0]LogRHI:   GL_ARB_post_depth_coverage
[2018.10.06-10.07.43:166][  0]LogRHI:   GL_ARB_program_interface_query
[2018.10.06-10.07.43:166][  0]LogRHI:   GL_ARB_provoking_vertex
[2018.10.06-10.07.43:166][  0]LogRHI:   GL_ARB_query_buffer_object
[2018.10.06-10.07.43:166][  0]LogRHI:   GL_ARB_robust_buffer_access_behavior
[2018.10.06-10.07.43:166][  0]LogRHI:   GL_ARB_robustness
[2018.10.06-10.07.43:166][  0]LogRHI:   GL_ARB_sample_locations
[2018.10.06-10.07.43:166][  0]LogRHI:   GL_ARB_sample_shading
[2018.10.06-10.07.43:166][  0]LogRHI:   GL_ARB_sampler_objects
[2018.10.06-10.07.43:166][  0]LogRHI:   GL_ARB_seamless_cube_map
[2018.10.06-10.07.43:166][  0]LogRHI:   GL_ARB_seamless_cubemap_per_texture
[2018.10.06-10.07.43:166][  0]LogRHI:   GL_ARB_separate_shader_objects
[2018.10.06-10.07.43:166][  0]LogRHI:   GL_ARB_shader_atomic_counter_ops
[2018.10.06-10.07.43:166][  0]LogRHI:   GL_ARB_shader_atomic_counters
[2018.10.06-10.07.43:166][  0]LogRHI:   GL_ARB_shader_ballot
[2018.10.06-10.07.43:166][  0]LogRHI:   GL_ARB_shader_bit_encoding
[2018.10.06-10.07.43:166][  0]LogRHI:   GL_ARB_shader_clock
[2018.10.06-10.07.43:166][  0]LogRHI:   GL_ARB_shader_draw_parameters
[2018.10.06-10.07.43:166][  0]LogRHI:   GL_ARB_shader_group_vote
[2018.10.06-10.07.43:166][  0]LogRHI:   GL_ARB_shader_image_load_store
[2018.10.06-10.07.43:166][  0]LogRHI:   GL_ARB_shader_image_size
[2018.10.06-10.07.43:166][  0]LogRHI:   GL_ARB_shader_objects
[2018.10.06-10.07.43:166][  0]LogRHI:   GL_ARB_shader_precision
[2018.10.06-10.07.43:166][  0]LogRHI:   GL_ARB_shader_storage_buffer_object
[2018.10.06-10.07.43:166][  0]LogRHI:   GL_ARB_shader_subroutine
[2018.10.06-10.07.43:166][  0]LogRHI:   GL_ARB_shader_texture_image_samples
[2018.10.06-10.07.43:166][  0]LogRHI:   GL_ARB_shader_texture_lod
[2018.10.06-10.07.43:166][  0]LogRHI:   GL_ARB_shading_language_100
[2018.10.06-10.07.43:166][  0]LogRHI:   GL_ARB_shader_viewport_layer_array
[2018.10.06-10.07.43:166][  0]LogRHI:   GL_ARB_shading_language_420pack
[2018.10.06-10.07.43:166][  0]LogRHI:   GL_ARB_shading_language_include
[2018.10.06-10.07.43:166][  0]LogRHI:   GL_ARB_shading_language_packing
[2018.10.06-10.07.43:166][  0]LogRHI:   GL_ARB_shadow
[2018.10.06-10.07.43:166][  0]LogRHI:   GL_ARB_sparse_buffer
[2018.10.06-10.07.43:166][  0]LogRHI:   GL_ARB_sparse_texture
[2018.10.06-10.07.43:166][  0]LogRHI:   GL_ARB_sparse_texture2
[2018.10.06-10.07.43:166][  0]LogRHI:   GL_ARB_sparse_texture_clamp
[2018.10.06-10.07.43:166][  0]LogRHI:   GL_ARB_spirv_extensions
[2018.10.06-10.07.43:166][  0]LogRHI:   GL_ARB_stencil_texturing
[2018.10.06-10.07.43:166][  0]LogRHI:   GL_ARB_sync
[2018.10.06-10.07.43:166][  0]LogRHI:   GL_ARB_tessellation_shader
[2018.10.06-10.07.43:166][  0]LogRHI:   GL_ARB_texture_barrier
[2018.10.06-10.07.43:166][  0]LogRHI:   GL_ARB_texture_border_clamp
[2018.10.06-10.07.43:166][  0]LogRHI:   GL_ARB_texture_buffer_object
[2018.10.06-10.07.43:166][  0]LogRHI:   GL_ARB_texture_buffer_object_rgb32
[2018.10.06-10.07.43:166][  0]LogRHI:   GL_ARB_texture_buffer_range
[2018.10.06-10.07.43:166][  0]LogRHI:   GL_ARB_texture_compression
[2018.10.06-10.07.43:166][  0]LogRHI:   GL_ARB_texture_compression_bptc
[2018.10.06-10.07.43:166][  0]LogRHI:   GL_ARB_texture_compression_rgtc
[2018.10.06-10.07.43:166][  0]LogRHI:   GL_ARB_texture_cube_map
[2018.10.06-10.07.43:166][  0]LogRHI:   GL_ARB_texture_cube_map_array
[2018.10.06-10.07.43:166][  0]LogRHI:   GL_ARB_texture_env_add
[2018.10.06-10.07.43:166][  0]LogRHI:   GL_ARB_texture_env_combine
[2018.10.06-10.07.43:166][  0]LogRHI:   GL_ARB_texture_env_crossbar
[2018.10.06-10.07.43:166][  0]LogRHI:   GL_ARB_texture_env_dot3
[2018.10.06-10.07.43:166][  0]LogRHI:   GL_ARB_texture_filter_anisotropic
[2018.10.06-10.07.43:166][  0]LogRHI:   GL_ARB_texture_filter_minmax
[2018.10.06-10.07.43:166][  0]LogRHI:   GL_ARB_texture_float
[2018.10.06-10.07.43:166][  0]LogRHI:   GL_ARB_texture_gather
[2018.10.06-10.07.43:166][  0]LogRHI:   GL_ARB_texture_mirror_clamp_to_edge
[2018.10.06-10.07.43:166][  0]LogRHI:   GL_ARB_texture_mirrored_repeat
[2018.10.06-10.07.43:166][  0]LogRHI:   GL_ARB_texture_multisample
[2018.10.06-10.07.43:166][  0]LogRHI:   GL_ARB_texture_non_power_of_two
[2018.10.06-10.07.43:166][  0]LogRHI:   GL_ARB_texture_query_levels
[2018.10.06-10.07.43:166][  0]LogRHI:   GL_ARB_texture_query_lod
[2018.10.06-10.07.43:166][  0]LogRHI:   GL_ARB_texture_rectangle
[2018.10.06-10.07.43:166][  0]LogRHI:   GL_ARB_texture_rg
[2018.10.06-10.07.43:166][  0]LogRHI:   GL_ARB_texture_rgb10_a2ui
[2018.10.06-10.07.43:166][  0]LogRHI:   GL_ARB_texture_stencil8
[2018.10.06-10.07.43:166][  0]LogRHI:   GL_ARB_texture_storage
[2018.10.06-10.07.43:166][  0]LogRHI:   GL_ARB_texture_storage_multisample
[2018.10.06-10.07.43:166][  0]LogRHI:   GL_ARB_texture_swizzle
[2018.10.06-10.07.43:166][  0]LogRHI:   GL_ARB_texture_view
[2018.10.06-10.07.43:166][  0]LogRHI:   GL_ARB_timer_query
[2018.10.06-10.07.43:166][  0]LogRHI:   GL_ARB_transform_feedback2
[2018.10.06-10.07.43:166][  0]LogRHI:   GL_ARB_transform_feedback3
[2018.10.06-10.07.43:166][  0]LogRHI:   GL_ARB_transform_feedback_instanced
[2018.10.06-10.07.43:166][  0]LogRHI:   GL_ARB_transform_feedback_overflow_query
[2018.10.06-10.07.43:166][  0]LogRHI:   GL_ARB_transpose_matrix
[2018.10.06-10.07.43:166][  0]LogRHI:   GL_ARB_uniform_buffer_object
[2018.10.06-10.07.43:166][  0]LogRHI:   GL_ARB_vertex_array_bgra
[2018.10.06-10.07.43:166][  0]LogRHI:   GL_ARB_vertex_array_object
[2018.10.06-10.07.43:166][  0]LogRHI:   GL_ARB_vertex_attrib_64bit
[2018.10.06-10.07.43:166][  0]LogRHI:   GL_ARB_vertex_attrib_binding
[2018.10.06-10.07.43:166][  0]LogRHI:   GL_ARB_vertex_buffer_object
[2018.10.06-10.07.43:166][  0]LogRHI:   GL_ARB_vertex_program
[2018.10.06-10.07.43:166][  0]LogRHI:   GL_ARB_vertex_shader
[2018.10.06-10.07.43:166][  0]LogRHI:   GL_ARB_vertex_type_10f_11f_11f_rev
[2018.10.06-10.07.43:166][  0]LogRHI:   GL_ARB_vertex_type_2_10_10_10_rev
[2018.10.06-10.07.43:166][  0]LogRHI:   GL_ARB_viewport_array
[2018.10.06-10.07.43:166][  0]LogRHI:   GL_ARB_window_pos
[2018.10.06-10.07.43:166][  0]LogRHI:   GL_ATI_draw_buffers
[2018.10.06-10.07.43:166][  0]LogRHI:   GL_ATI_texture_float
[2018.10.06-10.07.43:167][  0]LogRHI:   GL_ATI_texture_mirror_once
[2018.10.06-10.07.43:167][  0]LogRHI:   GL_S3_s3tc
[2018.10.06-10.07.43:167][  0]LogRHI:   GL_EXT_texture_env_add
[2018.10.06-10.07.43:167][  0]LogRHI:   GL_EXT_abgr
[2018.10.06-10.07.43:167][  0]LogRHI:   GL_EXT_bgra
[2018.10.06-10.07.43:167][  0]LogRHI:   GL_EXT_bindable_uniform
[2018.10.06-10.07.43:167][  0]LogRHI:   GL_EXT_blend_color
[2018.10.06-10.07.43:167][  0]LogRHI:   GL_EXT_blend_equation_separate
[2018.10.06-10.07.43:167][  0]LogRHI:   GL_EXT_blend_func_separate
[2018.10.06-10.07.43:167][  0]LogRHI:   GL_EXT_blend_minmax
[2018.10.06-10.07.43:167][  0]LogRHI:   GL_EXT_blend_subtract
[2018.10.06-10.07.43:167][  0]LogRHI:   GL_EXT_compiled_vertex_array
[2018.10.06-10.07.43:167][  0]LogRHI:   GL_EXT_Cg_shader
[2018.10.06-10.07.43:167][  0]LogRHI:   GL_EXT_depth_bounds_test
[2018.10.06-10.07.43:167][  0]LogRHI:   GL_EXT_direct_state_access
[2018.10.06-10.07.43:167][  0]LogRHI:   GL_EXT_draw_buffers2
[2018.10.06-10.07.43:167][  0]LogRHI:   GL_EXT_draw_instanced
[2018.10.06-10.07.43:167][  0]LogRHI:   GL_EXT_draw_range_elements
[2018.10.06-10.07.43:167][  0]LogRHI:   GL_EXT_fog_coord
[2018.10.06-10.07.43:167][  0]LogRHI:   GL_EXT_framebuffer_blit
[2018.10.06-10.07.43:167][  0]LogRHI:   GL_EXT_framebuffer_multisample
[2018.10.06-10.07.43:167][  0]LogRHI:   GL_EXTX_framebuffer_mixed_formats
[2018.10.06-10.07.43:167][  0]LogRHI:   GL_EXT_framebuffer_multisample_blit_scaled
[2018.10.06-10.07.43:167][  0]LogRHI:   GL_EXT_framebuffer_object
[2018.10.06-10.07.43:167][  0]LogRHI:   GL_EXT_framebuffer_sRGB
[2018.10.06-10.07.43:167][  0]LogRHI:   GL_EXT_geometry_shader4
[2018.10.06-10.07.43:167][  0]LogRHI:   GL_EXT_gpu_program_parameters
[2018.10.06-10.07.43:167][  0]LogRHI:   GL_EXT_gpu_shader4
[2018.10.06-10.07.43:167][  0]LogRHI:   GL_EXT_multi_draw_arrays
[2018.10.06-10.07.43:167][  0]LogRHI:   GL_EXT_packed_depth_stencil
[2018.10.06-10.07.43:167][  0]LogRHI:   GL_EXT_packed_float
[2018.10.06-10.07.43:167][  0]LogRHI:   GL_EXT_packed_pixels
[2018.10.06-10.07.43:167][  0]LogRHI:   GL_EXT_pixel_buffer_object
[2018.10.06-10.07.43:167][  0]LogRHI:   GL_EXT_point_parameters
[2018.10.06-10.07.43:167][  0]LogRHI:   GL_EXT_polygon_offset_clamp
[2018.10.06-10.07.43:167][  0]LogRHI:   GL_EXT_post_depth_coverage
[2018.10.06-10.07.43:167][  0]LogRHI:   GL_EXT_provoking_vertex
[2018.10.06-10.07.43:167][  0]LogRHI:   GL_EXT_raster_multisample
[2018.10.06-10.07.43:167][  0]LogRHI:   GL_EXT_rescale_normal
[2018.10.06-10.07.43:167][  0]LogRHI:   GL_EXT_secondary_color
[2018.10.06-10.07.43:167][  0]LogRHI:   GL_EXT_separate_shader_objects
[2018.10.06-10.07.43:167][  0]LogRHI:   GL_EXT_separate_specular_color
[2018.10.06-10.07.43:167][  0]LogRHI:   GL_EXT_shader_image_load_formatted
[2018.10.06-10.07.43:167][  0]LogRHI:   GL_EXT_shader_image_load_store
[2018.10.06-10.07.43:167][  0]LogRHI:   GL_EXT_shader_integer_mix
[2018.10.06-10.07.43:167][  0]LogRHI:   GL_EXT_shadow_funcs
[2018.10.06-10.07.43:167][  0]LogRHI:   GL_EXT_sparse_texture2
[2018.10.06-10.07.43:167][  0]LogRHI:   GL_EXT_stencil_two_side
[2018.10.06-10.07.43:167][  0]LogRHI:   GL_EXT_stencil_wrap
[2018.10.06-10.07.43:167][  0]LogRHI:   GL_EXT_texture3D
[2018.10.06-10.07.43:167][  0]LogRHI:   GL_EXT_texture_array
[2018.10.06-10.07.43:167][  0]LogRHI:   GL_EXT_texture_buffer_object
[2018.10.06-10.07.43:167][  0]LogRHI:   GL_EXT_texture_compression_dxt1
[2018.10.06-10.07.43:167][  0]LogRHI:   GL_EXT_texture_compression_latc
[2018.10.06-10.07.43:167][  0]LogRHI:   GL_EXT_texture_compression_rgtc
[2018.10.06-10.07.43:167][  0]LogRHI:   GL_EXT_texture_compression_s3tc
[2018.10.06-10.07.43:167][  0]LogRHI:   GL_EXT_texture_cube_map
[2018.10.06-10.07.43:167][  0]LogRHI:   GL_EXT_texture_edge_clamp
[2018.10.06-10.07.43:167][  0]LogRHI:   GL_EXT_texture_env_combine
[2018.10.06-10.07.43:167][  0]LogRHI:   GL_EXT_texture_env_dot3
[2018.10.06-10.07.43:167][  0]LogRHI:   GL_EXT_texture_filter_anisotropic
[2018.10.06-10.07.43:167][  0]LogRHI:   GL_EXT_texture_filter_minmax
[2018.10.06-10.07.43:167][  0]LogRHI:   GL_EXT_texture_integer
[2018.10.06-10.07.43:167][  0]LogRHI:   GL_EXT_texture_lod
[2018.10.06-10.07.43:167][  0]LogRHI:   GL_EXT_texture_lod_bias
[2018.10.06-10.07.43:167][  0]LogRHI:   GL_EXT_texture_mirror_clamp
[2018.10.06-10.07.43:167][  0]LogRHI:   GL_EXT_texture_object
[2018.10.06-10.07.43:167][  0]LogRHI:   GL_EXT_texture_shared_exponent
[2018.10.06-10.07.43:167][  0]LogRHI:   GL_EXT_texture_sRGB
[2018.10.06-10.07.43:167][  0]LogRHI:   GL_EXT_texture_sRGB_decode
[2018.10.06-10.07.43:167][  0]LogRHI:   GL_EXT_texture_storage
[2018.10.06-10.07.43:167][  0]LogRHI:   GL_EXT_texture_swizzle
[2018.10.06-10.07.43:167][  0]LogRHI:   GL_EXT_timer_query
[2018.10.06-10.07.43:167][  0]LogRHI:   GL_EXT_transform_feedback2
[2018.10.06-10.07.43:167][  0]LogRHI:   GL_EXT_vertex_array
[2018.10.06-10.07.43:167][  0]LogRHI:   GL_EXT_vertex_array_bgra
[2018.10.06-10.07.43:167][  0]LogRHI:   GL_EXT_vertex_attrib_64bit
[2018.10.06-10.07.43:167][  0]LogRHI:   GL_EXT_window_rectangles
[2018.10.06-10.07.43:167][  0]LogRHI:   GL_EXT_x11_sync_object
[2018.10.06-10.07.43:167][  0]LogRHI:   GL_EXT_import_sync_object
[2018.10.06-10.07.43:167][  0]LogRHI:   GL_NV_robustness_video_memory_purge
[2018.10.06-10.07.43:167][  0]LogRHI:   GL_IBM_rasterpos_clip
[2018.10.06-10.07.43:167][  0]LogRHI:   GL_IBM_texture_mirrored_repeat
[2018.10.06-10.07.43:167][  0]LogRHI:   GL_KHR_context_flush_control
[2018.10.06-10.07.43:167][  0]LogRHI:   GL_KHR_debug
[2018.10.06-10.07.43:167][  0]LogRHI:   GL_EXT_memory_object
[2018.10.06-10.07.43:167][  0]LogRHI:   GL_EXT_memory_object_fd
[2018.10.06-10.07.43:167][  0]LogRHI:   GL_KHR_parallel_shader_compile
[2018.10.06-10.07.43:167][  0]LogRHI:   GL_KHR_no_error
[2018.10.06-10.07.43:167][  0]LogRHI:   GL_KHR_robust_buffer_access_behavior
[2018.10.06-10.07.43:167][  0]LogRHI:   GL_KHR_robustness
[2018.10.06-10.07.43:167][  0]LogRHI:   GL_EXT_semaphore
[2018.10.06-10.07.43:167][  0]LogRHI:   GL_EXT_semaphore_fd
[2018.10.06-10.07.43:167][  0]LogRHI:   GL_KTX_buffer_region
[2018.10.06-10.07.43:167][  0]LogRHI:   GL_NV_alpha_to_coverage_dither_control
[2018.10.06-10.07.43:167][  0]LogRHI:   GL_NV_bindless_multi_draw_indirect
[2018.10.06-10.07.43:167][  0]LogRHI:   GL_NV_bindless_multi_draw_indirect_count
[2018.10.06-10.07.43:167][  0]LogRHI:   GL_NV_bindless_texture
[2018.10.06-10.07.43:167][  0]LogRHI:   GL_NV_blend_equation_advanced
[2018.10.06-10.07.43:167][  0]LogRHI:   GL_NV_blend_equation_advanced_coherent
[2018.10.06-10.07.43:167][  0]LogRHI:   GL_NVX_blend_equation_advanced_multi_draw_buffers
[2018.10.06-10.07.43:167][  0]LogRHI:   GL_NV_blend_minmax_factor
[2018.10.06-10.07.43:167][  0]LogRHI:   GL_NV_blend_square
[2018.10.06-10.07.43:167][  0]LogRHI:   GL_NV_clip_space_w_scaling
[2018.10.06-10.07.43:167][  0]LogRHI:   GL_NV_command_list
[2018.10.06-10.07.43:167][  0]LogRHI:   GL_NV_compute_program5
[2018.10.06-10.07.43:167][  0]LogRHI:   GL_NV_conditional_render
[2018.10.06-10.07.43:167][  0]LogRHI:   GL_NV_conservative_raster
[2018.10.06-10.07.43:167][  0]LogRHI:   GL_NV_conservative_raster_dilate
[2018.10.06-10.07.43:167][  0]LogRHI:   GL_NV_conservative_raster_pre_snap_triangles
[2018.10.06-10.07.43:167][  0]LogRHI:   GL_NV_copy_depth_to_color
[2018.10.06-10.07.43:167][  0]LogRHI:   GL_NV_copy_image
[2018.10.06-10.07.43:167][  0]LogRHI:   GL_NV_depth_buffer_float
[2018.10.06-10.07.43:167][  0]LogRHI:   GL_NV_depth_clamp
[2018.10.06-10.07.43:167][  0]LogRHI:   GL_NV_draw_texture
[2018.10.06-10.07.43:167][  0]LogRHI:   GL_NV_draw_vulkan_image
[2018.10.06-10.07.43:167][  0]LogRHI:   GL_NV_ES1_1_compatibility
[2018.10.06-10.07.43:167][  0]LogRHI:   GL_NV_ES3_1_compatibility
[2018.10.06-10.07.43:167][  0]LogRHI:   GL_NV_explicit_multisample
[2018.10.06-10.07.43:167][  0]LogRHI:   GL_NV_fence
[2018.10.06-10.07.43:167][  0]LogRHI:   GL_NV_fill_rectangle
[2018.10.06-10.07.43:167][  0]LogRHI:   GL_NV_float_buffer
[2018.10.06-10.07.43:167][  0]LogRHI:   GL_NV_fog_distance
[2018.10.06-10.07.43:167][  0]LogRHI:   GL_NV_fragment_coverage_to_color
[2018.10.06-10.07.43:167][  0]LogRHI:   GL_NV_fragment_program
[2018.10.06-10.07.43:167][  0]LogRHI:   GL_NV_fragment_program_option
[2018.10.06-10.07.43:167][  0]LogRHI:   GL_NV_fragment_program2
[2018.10.06-10.07.43:167][  0]LogRHI:   GL_NV_fragment_shader_interlock
[2018.10.06-10.07.43:167][  0]LogRHI:   GL_NV_framebuffer_mixed_samples
[2018.10.06-10.07.43:167][  0]LogRHI:   GL_NV_framebuffer_multisample_coverage
[2018.10.06-10.07.43:167][  0]LogRHI:   GL_NV_geometry_shader4
[2018.10.06-10.07.43:167][  0]LogRHI:   GL_NV_geometry_shader_passthrough
[2018.10.06-10.07.43:167][  0]LogRHI:   GL_NV_gpu_program4
[2018.10.06-10.07.43:167][  0]LogRHI:   GL_NV_internalformat_sample_query
[2018.10.06-10.07.43:168][  0]LogRHI:   GL_NV_gpu_program4_1
[2018.10.06-10.07.43:168][  0]LogRHI:   GL_NV_gpu_program5
[2018.10.06-10.07.43:168][  0]LogRHI:   GL_NV_gpu_program5_mem_extended
[2018.10.06-10.07.43:168][  0]LogRHI:   GL_NV_gpu_program_fp64
[2018.10.06-10.07.43:168][  0]LogRHI:   GL_NV_gpu_shader5
[2018.10.06-10.07.43:168][  0]LogRHI:   GL_NV_half_float
[2018.10.06-10.07.43:168][  0]LogRHI:   GL_NV_light_max_exponent
[2018.10.06-10.07.43:168][  0]LogRHI:   GL_NV_multisample_coverage
[2018.10.06-10.07.43:168][  0]LogRHI:   GL_NV_multisample_filter_hint
[2018.10.06-10.07.43:168][  0]LogRHI:   GL_NV_occlusion_query
[2018.10.06-10.07.43:168][  0]LogRHI:   GL_NV_packed_depth_stencil
[2018.10.06-10.07.43:168][  0]LogRHI:   GL_NV_parameter_buffer_object
[2018.10.06-10.07.43:168][  0]LogRHI:   GL_NV_parameter_buffer_object2
[2018.10.06-10.07.43:168][  0]LogRHI:   GL_NV_path_rendering
[2018.10.06-10.07.43:168][  0]LogRHI:   GL_NV_path_rendering_shared_edge
[2018.10.06-10.07.43:168][  0]LogRHI:   GL_NV_pixel_data_range
[2018.10.06-10.07.43:168][  0]LogRHI:   GL_NV_point_sprite
[2018.10.06-10.07.43:168][  0]LogRHI:   GL_NV_primitive_restart
[2018.10.06-10.07.43:168][  0]LogRHI:   GL_NV_query_resource
[2018.10.06-10.07.43:168][  0]LogRHI:   GL_NV_query_resource_tag
[2018.10.06-10.07.43:168][  0]LogRHI:   GL_NV_register_combiners
[2018.10.06-10.07.43:168][  0]LogRHI:   GL_NV_register_combiners2
[2018.10.06-10.07.43:168][  0]LogRHI:   GL_NV_sample_locations
[2018.10.06-10.07.43:168][  0]LogRHI:   GL_NV_sample_mask_override_coverage
[2018.10.06-10.07.43:168][  0]LogRHI:   GL_NV_shader_atomic_counters
[2018.10.06-10.07.43:168][  0]LogRHI:   GL_NV_shader_atomic_float
[2018.10.06-10.07.43:168][  0]LogRHI:   GL_NV_shader_atomic_float64
[2018.10.06-10.07.43:168][  0]LogRHI:   GL_NV_shader_atomic_fp16_vector
[2018.10.06-10.07.43:168][  0]LogRHI:   GL_NV_shader_atomic_int64
[2018.10.06-10.07.43:168][  0]LogRHI:   GL_NV_shader_buffer_load
[2018.10.06-10.07.43:168][  0]LogRHI:   GL_NV_shader_storage_buffer_object
[2018.10.06-10.07.43:168][  0]LogRHI:   GL_NV_stereo_view_rendering
[2018.10.06-10.07.43:168][  0]LogRHI:   GL_NV_texgen_reflection
[2018.10.06-10.07.43:168][  0]LogRHI:   GL_NV_texture_barrier
[2018.10.06-10.07.43:168][  0]LogRHI:   GL_NV_texture_compression_vtc
[2018.10.06-10.07.43:168][  0]LogRHI:   GL_NV_texture_env_combine4
[2018.10.06-10.07.43:168][  0]LogRHI:   GL_NV_texture_multisample
[2018.10.06-10.07.43:168][  0]LogRHI:   GL_NV_texture_rectangle
[2018.10.06-10.07.43:168][  0]LogRHI:   GL_NV_texture_rectangle_compressed
[2018.10.06-10.07.43:168][  0]LogRHI:   GL_NV_texture_shader
[2018.10.06-10.07.43:168][  0]LogRHI:   GL_NV_texture_shader2
[2018.10.06-10.07.43:168][  0]LogRHI:   GL_NV_texture_shader3
[2018.10.06-10.07.43:168][  0]LogRHI:   GL_NV_transform_feedback
[2018.10.06-10.07.43:168][  0]LogRHI:   GL_NV_transform_feedback2
[2018.10.06-10.07.43:168][  0]LogRHI:   GL_NV_uniform_buffer_unified_memory
[2018.10.06-10.07.43:168][  0]LogRHI:   GL_NV_vdpau_interop
[2018.10.06-10.07.43:168][  0]LogRHI:   GL_NV_vertex_array_range
[2018.10.06-10.07.43:168][  0]LogRHI:   GL_NV_vertex_array_range2
[2018.10.06-10.07.43:168][  0]LogRHI:   GL_NV_vertex_attrib_integer_64bit
[2018.10.06-10.07.43:168][  0]LogRHI:   GL_NV_vertex_buffer_unified_memory
[2018.10.06-10.07.43:168][  0]LogRHI:   GL_NV_vertex_program
[2018.10.06-10.07.43:168][  0]LogRHI:   GL_NV_vertex_program1_1
[2018.10.06-10.07.43:168][  0]LogRHI:   GL_NV_vertex_program2
[2018.10.06-10.07.43:168][  0]LogRHI:   GL_NV_vertex_program2_option
[2018.10.06-10.07.43:168][  0]LogRHI:   GL_NV_vertex_program3
[2018.10.06-10.07.43:168][  0]LogRHI:   GL_NV_viewport_array2
[2018.10.06-10.07.43:168][  0]LogRHI:   GL_NV_viewport_swizzle
[2018.10.06-10.07.43:168][  0]LogRHI:   GL_NVX_conditional_render
[2018.10.06-10.07.43:168][  0]LogRHI:   GL_NVX_gpu_memory_info
[2018.10.06-10.07.43:168][  0]LogRHI:   GL_NVX_nvenc_interop
[2018.10.06-10.07.43:168][  0]LogRHI:   GL_NV_shader_thread_group
[2018.10.06-10.07.43:168][  0]LogRHI:   GL_NV_shader_thread_shuffle
[2018.10.06-10.07.43:168][  0]LogRHI:   GL_KHR_blend_equation_advanced
[2018.10.06-10.07.43:168][  0]LogRHI:   GL_KHR_blend_equation_advanced_coherent
[2018.10.06-10.07.43:168][  0]LogRHI:   GL_SGIS_generate_mipmap
[2018.10.06-10.07.43:168][  0]LogRHI:   GL_SGIS_texture_lod
[2018.10.06-10.07.43:168][  0]LogRHI:   GL_SGIX_depth_texture
[2018.10.06-10.07.43:168][  0]LogRHI:   GL_SGIX_shadow
[2018.10.06-10.07.43:168][  0]LogRHI:   GL_SUN_slice_accum
[2018.10.06-10.07.43:184][  0]LogRHI:   GL_MAX_TEXTURE_SIZE: 32768
[2018.10.06-10.07.43:184][  0]LogRHI:   GL_MAX_CUBE_MAP_TEXTURE_SIZE: 32768
[2018.10.06-10.07.43:184][  0]LogRHI:   GL_MAX_ARRAY_TEXTURE_LAYERS: 2048
[2018.10.06-10.07.43:184][  0]LogRHI:   GL_MAX_3D_TEXTURE_SIZE: 16384
[2018.10.06-10.07.43:184][  0]LogRHI:   GL_MAX_RENDERBUFFER_SIZE: 32768
[2018.10.06-10.07.43:184][  0]LogRHI:   GL_MAX_TEXTURE_IMAGE_UNITS: 32
[2018.10.06-10.07.43:184][  0]LogRHI:   GL_MAX_DRAW_BUFFERS: 8
[2018.10.06-10.07.43:184][  0]LogRHI:   GL_MAX_COLOR_ATTACHMENTS: 8
[2018.10.06-10.07.43:184][  0]LogRHI:   GL_MAX_SAMPLES: 32
[2018.10.06-10.07.43:184][  0]LogRHI:   GL_MAX_COLOR_TEXTURE_SAMPLES: 32
[2018.10.06-10.07.43:184][  0]LogRHI:   GL_MAX_DEPTH_TEXTURE_SAMPLES: 32
[2018.10.06-10.07.43:184][  0]LogRHI:   GL_MAX_INTEGER_SAMPLES: 32
[2018.10.06-10.07.43:184][  0]LogRHI:   GL_MAX_COMBINED_TEXTURE_IMAGE_UNITS: 192
[2018.10.06-10.07.43:184][  0]LogRHI:   GL_MAX_VERTEX_ATTRIBS: 16
[2018.10.06-10.07.43:184][  0]LogRHI:   GL_MAX_TEXTURE_MAX_ANISOTROPY_EXT: 16
[2018.10.06-10.07.43:184][  0]LogRHI: OpenGL MajorVersion = 4, MinorVersion = 3, ShaderPlatform = GLSL_430, FeatureLevel = SM5
[2018.10.06-10.07.43:190][  0]LogRHI: Texture pool is 2867 MB (70% of 4096 MB)
[2018.10.06-10.07.43:190][  0]LogShaderCompilers: Guid format shader working directory is 15 characters bigger than the processId version (../../../../../!Works/[3D Modeling]/BasilcaSudak/UE4/Intermediate/Shaders/WorkingDirectory/2191/).
[2018.10.06-10.07.43:191][  0]LogShaderCompilers: Cleaned the shader compiler working directory '../../../../../!Works/[3D Modeling]/BasilcaSudak/UE4/Intermediate/Shaders/tmp/000416C508D62B8CB3D384EEA4EC8462/'.
[2018.10.06-10.07.43:191][  0]LogShaderCompilers: Display: Using Local Shader Compiler.
[2018.10.06-10.07.45:130][  0]LogTemp: Display: Loaded TP AllDesktopTargetPlatform
[2018.10.06-10.07.45:245][  0]LogTemp: Display: Loaded TP LinuxClientTargetPlatform
[2018.10.06-10.07.45:361][  0]LogTemp: Display: Loaded TP LinuxNoEditorTargetPlatform
[2018.10.06-10.07.45:476][  0]LogTemp: Display: Loaded TP LinuxServerTargetPlatform
[2018.10.06-10.07.45:573][  0]LogTemp: Display: Loaded TP LinuxTargetPlatform
[2018.10.06-10.07.45:682][  0]LogTemp: Display: Loaded TP HTML5TargetPlatform
[2018.10.06-10.07.45:874][  0]LogTemp: Display: Loaded TP AndroidTargetPlatform
[2018.10.06-10.07.45:874][  0]LogTemp: Display: Loaded TP AndroidTargetPlatform
[2018.10.06-10.07.45:874][  0]LogTemp: Display: Loaded TP AndroidTargetPlatform
[2018.10.06-10.07.45:874][  0]LogTemp: Display: Loaded TP AndroidTargetPlatform
[2018.10.06-10.07.45:874][  0]LogTemp: Display: Loaded TP AndroidTargetPlatform
[2018.10.06-10.07.45:874][  0]LogTemp: Display: Loaded TP AndroidTargetPlatform
[2018.10.06-10.07.45:874][  0]LogTemp: Display: Loaded TP AndroidTargetPlatform
[2018.10.06-10.07.45:874][  0]LogTemp: Display: Loaded TP AndroidTargetPlatform
[2018.10.06-10.07.45:874][  0]LogTemp: Display: Loaded TP AndroidTargetPlatform
[2018.10.06-10.07.45:874][  0]LogTemp: Display: Loaded TP AndroidTargetPlatform
[2018.10.06-10.07.45:874][  0]LogTemp: Display: Loaded TP AndroidTargetPlatform
[2018.10.06-10.07.45:874][  0]LogTemp: Display: Loaded TP AndroidTargetPlatform
[2018.10.06-10.07.45:874][  0]LogTemp: Display: Loaded TP AndroidTargetPlatform
[2018.10.06-10.07.45:874][  0]LogTemp: Display: Loaded TP AndroidTargetPlatform
[2018.10.06-10.07.45:874][  0]LogTemp: Display: Loaded TP AndroidTargetPlatform
[2018.10.06-10.07.45:874][  0]LogTemp: Display: Loaded TP AndroidTargetPlatform
[2018.10.06-10.07.45:874][  0]LogTemp: Display: Loaded TP AndroidTargetPlatform
[2018.10.06-10.07.45:874][  0]LogTemp: Display: Loaded TP AndroidTargetPlatform
[2018.10.06-10.07.45:874][  0]LogTargetPlatformManager: Display: Building Assets For Linux
[2018.10.06-10.07.46:280][  0]LogDerivedDataCache: Display: Max Cache Size: 512 MB
[2018.10.06-10.07.46:342][  0]LogDerivedDataCache: Loaded boot cache 0.06s 85MB ../../../../../!Works/[3D Modeling]/BasilcaSudak/UE4/DerivedDataCache/Boot.ddc.
[2018.10.06-10.07.46:342][  0]LogDerivedDataCache: Display: Loaded Boot cache: ../../../../../!Works/[3D Modeling]/BasilcaSudak/UE4/DerivedDataCache/Boot.ddc
[2018.10.06-10.07.46:342][  0]LogDerivedDataCache: FDerivedDataBackendGraph:  Pak pak cache file ../../../../../!Works/[3D Modeling]/BasilcaSudak/UE4/DerivedDataCache/DDC.ddp not found, will not use a pak cache.
[2018.10.06-10.07.46:342][  0]LogDerivedDataCache: Unable to find inner node Pak for hierarchical cache Hierarchy.
[2018.10.06-10.07.46:342][  0]LogDerivedDataCache: FDerivedDataBackendGraph:  EnginePak pak cache file ../../../Engine/DerivedDataCache/DDC.ddp not found, will not use a pak cache.
[2018.10.06-10.07.46:342][  0]LogDerivedDataCache: Unable to find inner node EnginePak for hierarchical cache Hierarchy.
[2018.10.06-10.07.46:343][  0]LogDerivedDataCache: Using Local data cache path ../../../Engine/DerivedDataCache: Writable
[2018.10.06-10.07.46:343][  0]LogDerivedDataCache: Shared data cache path not found in *engine.ini, will not use an Shared cache.
[2018.10.06-10.07.46:343][  0]LogDerivedDataCache: Unable to find inner node Shared for hierarchical cache Hierarchy.
[2018.10.06-10.07.46:365][  0]LogMaterial: Verifying Global Shaders for GLSL_430
[2018.10.06-10.07.46:366][  0]LogSlate: Using FreeType 2.6.0
[2018.10.06-10.07.46:367][  0]LogSlate: SlateFontServices - WITH_FREETYPE: 1, WITH_HARFBUZZ: 0
[2018.10.06-10.07.46:442][  0]LogInit: Using OS detected language (en-US).
[2018.10.06-10.07.46:442][  0]LogInit: Using OS detected locale (en-US).
[2018.10.06-10.07.46:442][  0]LogTextLocalizationManager: No localization for 'en-US' exists, so 'en' will be used for the language.
[2018.10.06-10.07.46:442][  0]LogTextLocalizationManager: No localization for 'en-US' exists, so 'en' will be used for the locale.
[2018.10.06-10.07.46:784][  0]LogStreaming: Display: Took  0.342s to InitGameTextLocalization.
[2018.10.06-10.07.46:791][  0]LogAssetRegistry: FAssetRegistry took 0.0035 seconds to start up
[2018.10.06-10.07.47:089][  0]LogPackageLocalizationCache: Processed 11 localized package path(s) for 1 prioritized culture(s) in 0.017642 seconds
[2018.10.06-10.07.47:167][  0]LogLinux: Selected Device Profile: [Linux]
[2018.10.06-10.07.47:475][  0]LogMeshReduction: Using QuadricMeshReduction for automatic static mesh reduction
[2018.10.06-10.07.47:475][  0]LogMeshReduction: No automatic skeletal mesh reduction module available
[2018.10.06-10.07.47:475][  0]LogMeshReduction: No automatic mesh merging module available
[2018.10.06-10.07.47:475][  0]LogMeshReduction: No distributed automatic mesh merging module available
[2018.10.06-10.07.47:475][  0]LogMeshMerging: No automatic mesh merging module available
[2018.10.06-10.07.47:475][  0]LogMeshMerging: No distributed automatic mesh merging module available
[2018.10.06-10.07.47:576][  0]LogNetVersion: BasilicaSudak_UE4 1.0.0, NetCL: 0, EngineNetVer: 5, GameNetVer: 0 (Checksum: 1314248602)
[2018.10.06-10.07.48:410][  0]LogHAL: Linux SourceCodeAccessSettings: NullSourceCodeAccessor
[2018.10.06-10.07.51:027][  0]LogTcpMessaging: Initializing TcpMessaging bridge
[2018.10.06-10.07.51:030][  0]LogUdpMessaging: Initializing bridge on interface 0.0.0.0:0 to multicast group 230.0.0.1:6666.
[2018.10.06-10.07.54:556][  0]LogAndroidPermission: UAndroidPermissionCallbackProxy::GetInstance
[2018.10.06-10.07.54:794][  0]SourceControl: Source control is disabled
[2018.10.06-10.07.54:794][  0]SourceControl: Source control is disabled
[2018.10.06-10.07.55:429][  0]SourceControl: Source control is disabled
[2018.10.06-10.07.55:440][  0]LogUObjectArray: 41358 objects as part of root set at end of initial load.
[2018.10.06-10.07.55:440][  0]LogUObjectAllocator: 7258088 out of 0 bytes used by permanent object pool.
[2018.10.06-10.07.55:440][  0]LogUObjectArray: CloseDisregardForGC: 0/0 objects in disregard for GC pool
[2018.10.06-10.07.55:607][  0]LogEngine: Initializing Engine...
[2018.10.06-10.07.55:607][  0]LogHMD: Failed to initialize OpenVR with code 100
[2018.10.06-10.07.55:609][  0]LogStats: UGameplayTagsManager::ConstructGameplayTagTree: ImportINI prefixes -  0.000 s
[2018.10.06-10.07.55:609][  0]LogStats: UGameplayTagsManager::ConstructGameplayTagTree: Construct from data asset -  0.000 s
[2018.10.06-10.07.55:609][  0]LogStats: UGameplayTagsManager::ConstructGameplayTagTree: ImportINI -  0.000 s
[2018.10.06-10.07.55:609][  0]LogStats: UGameplayTagsManager::ConstructGameplayTagTree: GameplayTagTreeChangedEvent.Broadcast -  0.000 s
[2018.10.06-10.07.55:846][  0]LogInit: Initializing FReadOnlyCVARCache
[2018.10.06-10.07.55:847][  0]LogAudioMixer: Display: Audio Mixer Platform Settings:
[2018.10.06-10.07.55:847][  0]LogAudioMixer: Display: 	Sample Rate:						  48000
[2018.10.06-10.07.55:847][  0]LogAudioMixer: Display: 	Callback Buffer Frame Size Requested: 1024
[2018.10.06-10.07.55:847][  0]LogAudioMixer: Display: 	Callback Buffer Frame Size To Use:	  1024
[2018.10.06-10.07.55:847][  0]LogAudioMixer: Display: 	Number of buffers to queue:			  2
[2018.10.06-10.07.55:847][  0]LogAudioMixer: Display: 	Max Channels (voices):				  0
[2018.10.06-10.07.55:847][  0]LogAudioMixer: Display: 	Number of Async Source Workers:		  0
[2018.10.06-10.07.55:847][  0]LogAudioMixer: Display: Initializing audio mixer.
[2018.10.06-10.07.55:868][  0]LogAudioMixerSDL: Display: Initialized SDL using pulseaudio platform API backend.
[2018.10.06-10.07.55:923][  0]LogInit: FAudioDevice initialized.
[2018.10.06-10.07.55:924][  0]LogNetVersion: Set ProjectVersion to 1.0.0.0. Version Checksum will be recalculated on next use.
[2018.10.06-10.07.55:925][  0]LogInit: Texture streaming: Enabled
[2018.10.06-10.07.56:479][  0]LogEngine: GameWindow did not exist.  Was created
[2018.10.06-10.07.56:521][  0]LogSlate: Updating window title bar state: overlay mode, drag disabled, window buttons hidden, title bar hidden
[2018.10.06-10.07.56:566][  0]LogInit: Display: Game Engine Initialized.
[2018.10.06-10.07.56:566][  0]LogGameplayTags: Display: UGameplayTagsManager::DoneAddingNativeTags. DelegateIsBound: 0
[2018.10.06-10.07.56:566][  0]LogStats: UGameplayTagsManager::ConstructGameplayTagTree: ImportINI prefixes -  0.000 s
[2018.10.06-10.07.56:566][  0]LogStats: UGameplayTagsManager::ConstructGameplayTagTree: Construct from data asset -  0.000 s
[2018.10.06-10.07.56:566][  0]LogStats: UGameplayTagsManager::ConstructGameplayTagTree: ImportINI -  0.000 s
[2018.10.06-10.07.56:566][  0]LogStats: UGameplayTagsManager::ConstructGameplayTagTree: GameplayTagTreeChangedEvent.Broadcast -  0.000 s
[2018.10.06-10.07.56:582][  0]LogInit: Display: Starting Game.
[2018.10.06-10.07.56:582][  0]LogNet: Browse: /Game/ChirschScene?Name=Player
[2018.10.06-10.07.56:582][  0]LogLoad: LoadMap: /Game/ChirschScene?Name=Player
[2018.10.06-10.07.57:990][  0]LogAIModule: Creating AISystem for world ChirschScene
[2018.10.06-10.07.57:990][  0]LogLoad: Game class is 'SudakGameMode_C'
[2018.10.06-10.07.58:013][  0]LogWorld: Bringing World /Game/ChirschScene.ChirschScene up for play (max tick rate 0) at 2018.10.06-13.07.58
[2018.10.06-10.07.58:014][  0]LogWorld: Bringing up level for play took: 0.023602
[2018.10.06-10.07.58:023][  0]LogLoad: Took 1.441232 seconds to LoadMap(/Game/ChirschScene)
[2018.10.06-10.07.58:528][  0]LogRenderer: Reallocating scene render targets to support 1280x720 Format 10 NumSamples 1 (Frame:1).
[2018.10.06-10.07.58:528][  0]LogLoad: (Engine Initialization) Total time: 19.05 seconds
[2018.10.06-10.07.58:528][  0]LogLoad: (Engine Initialization) Total Blueprint compile time: 0.00 seconds
[2018.10.06-10.07.58:552][  0]LogInit: Adding external input plugin.
[2018.10.06-10.07.58:617][  0]LogContentStreaming: Texture pool size now 1000 MB
[2018.10.06-10.07.58:710][  0]LogLinux: Setting swap interval to 'Immediate'
[2018.10.06-10.09.06:356][120]LogSlate: FSceneViewport::OnFocusLost() reason 2
[2018.10.06-10.09.06:954][157]Closing by request
[2018.10.06-10.09.06:954][157]LogCore: FUnixPlatformMisc::RequestExit(0)
[2018.10.06-10.09.06:954][157]LogGenericPlatformMisc: FPlatformMisc::RequestExit(0)
[2018.10.06-10.09.07:070][158]LogSlate: Window 'Sudak Chirch (64-bit Development GLSL_430) ' being destroyed
[2018.10.06-10.09.07:120][158]LogSlate: Slate User Destroyed.  User Index 0, Is Virtual User: 0
[2018.10.06-10.09.07:120][158]LogExit: Preparing to exit.
[2018.10.06-10.09.08:147][158]LogSlate: Updating window title bar state: overlay mode, drag disabled, window buttons hidden, title bar hidden
[2018.10.06-10.09.08:157][158]LogExit: Game engine shut down
[2018.10.06-10.09.08:209][158]LogExit: Object subsystem successfully closed.
[2018.10.06-10.09.08:224][158]LogShaderCompilers: Display: Shaders left to compile 0
[2018.10.06-10.09.08:266][158]LogModuleManager: Shutting down and abandoning module AndroidDeviceDetection (338)
[2018.10.06-10.09.08:557][158]LogModuleManager: Shutting down and abandoning module SequenceRecorderSections (336)
[2018.10.06-10.09.08:557][158]LogModuleManager: Shutting down and abandoning module SequenceRecorder (334)
[2018.10.06-10.09.08:557][158]LogModuleManager: Shutting down and abandoning module AutomationController (332)
[2018.10.06-10.09.08:557][158]LogModuleManager: Shutting down and abandoning module AutomationWorker (330)
[2018.10.06-10.09.08:557][158]LogModuleManager: Shutting down and abandoning module Voice (328)
[2018.10.06-10.09.08:557][158]LogModuleManager: Shutting down and abandoning module AIModule (326)
[2018.10.06-10.09.08:557][158]LogModuleManager: Shutting down and abandoning module GameplayDebugger (325)
[2018.10.06-10.09.08:557][158]LogModuleManager: Shutting down and abandoning module AITestSuite (323)
[2018.10.06-10.09.08:557][158]LogModuleManager: Shutting down and abandoning module NavigationSystem (321)
[2018.10.06-10.09.08:557][158]LogModuleManager: Shutting down and abandoning module HotReload (318)
[2018.10.06-10.09.08:557][158]LogModuleManager: Shutting down and abandoning module DirectoryWatcher (317)
[2018.10.06-10.09.08:557][158]LogModuleManager: Shutting down and abandoning module CharacterAI (314)
[2018.10.06-10.09.08:557][158]LogModuleManager: Shutting down and abandoning module ImgMediaFactory (312)
[2018.10.06-10.09.08:557][158]LogModuleManager: Shutting down and abandoning module AvfMediaFactory (310)
[2018.10.06-10.09.08:557][158]LogModuleManager: Shutting down and abandoning module WmfMediaFactory (308)
[2018.10.06-10.09.08:557][158]LogModuleManager: Shutting down and abandoning module SessionServices (306)
[2018.10.06-10.09.08:557][158]LogModuleManager: Shutting down and abandoning module PIEPreviewDeviceProfileSelector (304)
[2018.10.06-10.09.08:557][158]LogModuleManager: Shutting down and abandoning module MovieSceneCapture (302)
[2018.10.06-10.09.08:557][158]LogModuleManager: Shutting down and abandoning module MovieSceneTracks (300)
[2018.10.06-10.09.08:557][158]LogModuleManager: Shutting down and abandoning module MovieScene (298)
[2018.10.06-10.09.08:558][158]LogModuleManager: Shutting down and abandoning module StreamingPauseRendering (296)
[2018.10.06-10.09.08:558][158]LogModuleManager: Shutting down and abandoning module PortalServices (294)
[2018.10.06-10.09.08:558][158]LogModuleManager: Shutting down and abandoning module PortalRpc (292)
[2018.10.06-10.09.08:558][158]LogModuleManager: Shutting down and abandoning module MessagingRpc (290)
[2018.10.06-10.09.08:558][158]LogModuleManager: Shutting down and abandoning module ProfilerService (288)
[2018.10.06-10.09.08:617][158]LogModuleManager: Shutting down and abandoning module TaskGraph (286)
[2018.10.06-10.09.08:617][158]LogModuleManager: Shutting down and abandoning module KDevelopSourceCodeAccess (284)
[2018.10.06-10.09.08:617][158]LogModuleManager: Shutting down and abandoning module CodeLiteSourceCodeAccess (282)
[2018.10.06-10.09.08:617][158]LogModuleManager: Shutting down and abandoning module SubversionSourceControl (280)
[2018.10.06-10.09.08:617][158]LogModuleManager: Shutting down and abandoning module UObjectPlugin (278)
[2018.10.06-10.09.08:617][158]LogModuleManager: Shutting down and abandoning module VisualStudioCodeSourceCodeAccess (276)
[2018.10.06-10.09.08:617][158]LogModuleManager: Shutting down and abandoning module CLionSourceCodeAccess (274)
[2018.10.06-10.09.08:617][158]LogModuleManager: Shutting down and abandoning module PerforceSourceControl (272)
[2018.10.06-10.09.08:617][158]LogModuleManager: Shutting down and abandoning module SourceControl (271)
[2018.10.06-10.09.08:617][158]LogModuleManager: Shutting down and abandoning module AndroidPermission (268)
[2018.10.06-10.09.08:617][158]LogModuleManager: Shutting down and abandoning module ArchVisCharacter (266)
[2018.10.06-10.09.08:617][158]LogModuleManager: Shutting down and abandoning module CustomMeshComponent (264)
[2018.10.06-10.09.08:617][158]LogModuleManager: Shutting down and abandoning module MobilePatchingUtils (262)
[2018.10.06-10.09.08:617][158]LogModuleManager: Shutting down and abandoning module SteamVRController (260)
[2018.10.06-10.09.08:617][158]LogModuleManager: Shutting down and abandoning module ProceduralMeshComponent (258)
[2018.10.06-10.09.08:617][158]LogModuleManager: Shutting down and abandoning module CableComponent (256)
[2018.10.06-10.09.08:617][158]LogModuleManager: Shutting down and abandoning module EditableMesh (254)
[2018.10.06-10.09.08:617][158]LogModuleManager: Shutting down and abandoning module CryptoKeysOpenSSL (252)
[2018.10.06-10.09.08:617][158]LogModuleManager: Shutting down and abandoning module CryptoKeys (250)
[2018.10.06-10.09.08:617][158]LogModuleManager: Shutting down and abandoning module NetcodeUnitTest (248)
[2018.10.06-10.09.08:617][158]LogModuleManager: Shutting down and abandoning module NUTUnrealEngine4 (246)
[2018.10.06-10.09.08:617][158]LogModuleManager: Shutting down and abandoning module DatasmithContent (244)
[2018.10.06-10.09.08:618][158]LogModuleManager: Shutting down and abandoning module AppleImageUtilsBlueprintSupport (242)
[2018.10.06-10.09.08:618][158]LogModuleManager: Shutting down and abandoning module AppleImageUtils (240)
[2018.10.06-10.09.08:618][158]LogModuleManager: Shutting down and abandoning module BackChannel (238)
[2018.10.06-10.09.08:618][158]LogModuleManager: Shutting down and abandoning module GeometryCacheTracks (236)
[2018.10.06-10.09.08:618][158]LogModuleManager: Shutting down and abandoning module GeometryCacheSequencer (235)
[2018.10.06-10.09.08:618][158]LogModuleManager: Shutting down and abandoning module GeometryCache (232)
[2018.10.06-10.09.08:618][158]LogModuleManager: Shutting down and abandoning module GeometryCacheEd (231)
[2018.10.06-10.09.08:618][158]LogModuleManager: Shutting down and abandoning module AppleVisionBlueprintSupport (228)
[2018.10.06-10.09.08:618][158]LogModuleManager: Shutting down and abandoning module AppleVision (226)
[2018.10.06-10.09.08:618][158]LogModuleManager: Shutting down and abandoning module ImgMedia (224)
[2018.10.06-10.09.08:618][158]LogModuleManager: Shutting down and abandoning module Media (223)
[2018.10.06-10.09.08:623][158]LogModuleManager: Shutting down and abandoning module MediaCompositing (220)
[2018.10.06-10.09.08:623][158]LogModuleManager: Shutting down and abandoning module LinearTimecode (218)
[2018.10.06-10.09.08:623][158]LogModuleManager: Shutting down and abandoning module NullSourceCodeAccess (216)
[2018.10.06-10.09.08:623][158]LogModuleManager: Shutting down and abandoning module LightPropagationVolumeRuntime (214)
[2018.10.06-10.09.08:623][158]LogModuleManager: Shutting down and abandoning module PhysXVehiclesEditor (212)
[2018.10.06-10.09.08:623][158]LogModuleManager: Shutting down and abandoning module PhysXVehicles (210)
[2018.10.06-10.09.08:623][158]LogModuleManager: Shutting down and abandoning module LocationServicesBPLibrary (208)
[2018.10.06-10.09.08:623][158]LogModuleManager: Shutting down and abandoning module ImmediatePhysicsEditor (206)
[2018.10.06-10.09.08:623][158]LogModuleManager: Shutting down and abandoning module ImmediatePhysics (204)
[2018.10.06-10.09.08:623][158]LogModuleManager: Shutting down and abandoning module RuntimePhysXCooking (202)
[2018.10.06-10.09.08:623][158]LogModuleManager: Shutting down and abandoning module UdpMessaging (200)
[2018.10.06-10.09.08:724][158]LogModuleManager: Shutting down and abandoning module TcpMessaging (198)
[2018.10.06-10.09.09:036][158]LogModuleManager: Shutting down and abandoning module AISupportModule (196)
[2018.10.06-10.09.09:036][158]LogModuleManager: Shutting down and abandoning module DataValidation (194)
[2018.10.06-10.09.09:036][158]LogModuleManager: Shutting down and abandoning module GameplayTagsEditor (192)
[2018.10.06-10.09.09:036][158]LogModuleManager: Shutting down and abandoning module FacialAnimation (190)
[2018.10.06-10.09.09:036][158]LogModuleManager: Shutting down and abandoning module AssetManagerEditor (188)
[2018.10.06-10.09.09:036][158]LogModuleManager: Shutting down and abandoning module TreeMap (187)
[2018.10.06-10.09.09:036][158]LogModuleManager: Shutting down and abandoning module ActorSequence (184)
[2018.10.06-10.09.09:036][158]LogModuleManager: Shutting down and abandoning module Paper2D (182)
[2018.10.06-10.09.09:036][158]LogModuleManager: Shutting down and abandoning module PacketHandler (180)
[2018.10.06-10.09.09:036][158]LogModuleManager: Shutting down and abandoning module ClothingSystemEditor (178)
[2018.10.06-10.09.09:036][158]LogModuleManager: Shutting down and abandoning module ClothingSystemRuntime (176)
[2018.10.06-10.09.09:036][158]LogModuleManager: Shutting down and abandoning module MediaAssets (174)
[2018.10.06-10.09.09:036][158]LogModuleManager: Shutting down and abandoning module Overlay (172)
[2018.10.06-10.09.09:036][158]LogModuleManager: Shutting down and abandoning module OverlayEditor (171)
[2018.10.06-10.09.09:036][158]LogModuleManager: Shutting down and abandoning module VREditor (168)
[2018.10.06-10.09.09:036][158]LogModuleManager: Shutting down and abandoning module StringTableEditor (166)
[2018.10.06-10.09.09:036][158]LogModuleManager: Shutting down and abandoning module GameplayTasksEditor (164)
[2018.10.06-10.09.09:036][158]LogModuleManager: Shutting down and abandoning module BehaviorTreeEditor (162)
[2018.10.06-10.09.09:036][158]LogModuleManager: Shutting down and abandoning module FunctionalTesting (160)
[2018.10.06-10.09.09:036][158]LogModuleManager: Shutting down and abandoning module CollisionAnalyzer (158)
[2018.10.06-10.09.09:037][158]LogModuleManager: Shutting down and abandoning module WorkspaceMenuStructure (157)
[2018.10.06-10.09.09:037][158]LogModuleManager: Shutting down and abandoning module UMG (154)
[2018.10.06-10.09.09:037][158]LogModuleManager: Shutting down and abandoning module UMGEditor (153)
[2018.10.06-10.09.09:037][158]LogModuleManager: Shutting down and abandoning module Sequencer (152)
[2018.10.06-10.09.09:037][158]LogModuleManager: Shutting down and abandoning module MessageLog (149)
[2018.10.06-10.09.09:037][158]LogModuleManager: Shutting down and abandoning module SlateReflector (144)
[2018.10.06-10.09.09:037][158]LogModuleManager: Shutting down and abandoning module Slate (142)
[2018.10.06-10.09.09:037][158]LogModuleManager: Shutting down and abandoning module EditorStyle (140)
[2018.10.06-10.09.09:038][158]LogModuleManager: Shutting down and abandoning module MRMesh (138)
[2018.10.06-10.09.09:038][158]LogModuleManager: Shutting down and abandoning module Messaging (136)
[2018.10.06-10.09.09:038][158]LogModuleManager: Shutting down and abandoning module SourceCodeAccess (134)
[2018.10.06-10.09.09:038][158]LogModuleManager: Shutting down and abandoning module HeadMountedDisplay (132)
[2018.10.06-10.09.09:038][158]LogModuleManager: Shutting down and abandoning module AudioMixerSDL (130)
[2018.10.06-10.09.09:038][158]LogModuleManager: Shutting down and abandoning module Networking (128)
[2018.10.06-10.09.09:038][158]LogModuleManager: Shutting down and abandoning module Core (126)
[2018.10.06-10.09.09:038][158]LogModuleManager: Shutting down and abandoning module LevelSequence (124)
[2018.10.06-10.09.09:038][158]LogModuleManager: Shutting down and abandoning module KismetCompiler (122)
[2018.10.06-10.09.09:038][158]LogModuleManager: Shutting down and abandoning module MeshUtilities (120)
[2018.10.06-10.09.09:038][158]LogModuleManager: Shutting down and abandoning module MeshMergeUtilities (119)
[2018.10.06-10.09.09:038][158]LogModuleManager: Shutting down and abandoning module MeshReductionInterface (118)
[2018.10.06-10.09.09:038][158]LogModuleManager: Shutting down and abandoning module QuadricMeshReduction (117)
[2018.10.06-10.09.09:038][158]LogModuleManager: Shutting down and abandoning module MaterialBaking (113)
[2018.10.06-10.09.09:038][158]LogModuleManager: Shutting down and abandoning module DerivedDataCache (108)
[2018.10.06-10.09.09:403][158]LogDerivedDataCache: Shutdown
[2018.10.06-10.09.09:403][158]LogModuleManager: Shutting down and abandoning module TargetPlatform (106)
[2018.10.06-10.09.09:403][158]LogModuleManager: Shutting down and abandoning module VulkanShaderFormat (105)
[2018.10.06-10.09.09:403][158]LogModuleManager: Shutting down and abandoning module ShaderFormatVectorVM (103)
[2018.10.06-10.09.09:403][158]LogModuleManager: Shutting down and abandoning module ShaderFormatOpenGL (101)
[2018.10.06-10.09.09:403][158]LogModuleManager: Shutting down and abandoning module TextureFormatUncompressed (99)
[2018.10.06-10.09.09:403][158]LogModuleManager: Shutting down and abandoning module TextureFormatPVR (97)
[2018.10.06-10.09.09:403][158]LogModuleManager: Shutting down and abandoning module TextureFormatDXT (95)
[2018.10.06-10.09.09:403][158]LogModuleManager: Shutting down and abandoning module TextureFormatIntelISPCTexComp (93)
[2018.10.06-10.09.09:403][158]LogModuleManager: Shutting down and abandoning module TextureFormatASTC (91)
[2018.10.06-10.09.09:403][158]LogModuleManager: Shutting down and abandoning module ImageWrapper (90)
[2018.10.06-10.09.09:403][158]LogModuleManager: Shutting down and abandoning module TextureFormatAndroid (87)
[2018.10.06-10.09.09:403][158]LogModuleManager: Shutting down and abandoning module AudioFormatOpus (85)
[2018.10.06-10.09.09:403][158]LogModuleManager: Shutting down and abandoning module AudioFormatOgg (83)
[2018.10.06-10.09.09:403][158]LogModuleManager: Shutting down and abandoning module AudioFormatADPCM (81)
[2018.10.06-10.09.09:403][158]LogModuleManager: Shutting down and abandoning module AndroidTargetPlatform (79)
[2018.10.06-10.09.09:407][158]LogModuleManager: Shutting down and abandoning module HTML5TargetPlatform (77)
[2018.10.06-10.09.09:407][158]LogModuleManager: Shutting down and abandoning module LinuxTargetPlatform (75)
[2018.10.06-10.09.09:407][158]LogModuleManager: Shutting down and abandoning module LinuxServerTargetPlatform (73)
[2018.10.06-10.09.09:407][158]LogModuleManager: Shutting down and abandoning module LinuxNoEditorTargetPlatform (71)
[2018.10.06-10.09.09:407][158]LogModuleManager: Shutting down and abandoning module LinuxClientTargetPlatform (69)
[2018.10.06-10.09.09:407][158]LogModuleManager: Shutting down and abandoning module AllDesktopTargetPlatform (67)
[2018.10.06-10.09.09:407][158]LogModuleManager: Shutting down and abandoning module InputCore (64)
[2018.10.06-10.09.09:407][158]LogModuleManager: Shutting down and abandoning module Settings (62)
[2018.10.06-10.09.09:407][158]LogModuleManager: Shutting down and abandoning module PhysXCooking (60)
[2018.10.06-10.09.09:407][158]LogModuleManager: Shutting down and abandoning module LauncherChunkInstaller (58)
[2018.10.06-10.09.09:407][158]LogModuleManager: Shutting down and abandoning module LinuxDeviceProfileSelector (56)
[2018.10.06-10.09.09:407][158]LogModuleManager: Shutting down and abandoning module SteamVR (54)
[2018.10.06-10.09.09:408][158]LogModuleManager: Shutting down and abandoning module ExampleDeviceProfileSelector (52)
[2018.10.06-10.09.09:408][158]LogModuleManager: Shutting down and abandoning module OnlineSubsystem (50)
[2018.10.06-10.09.09:408][158]LogModuleManager: Shutting down and abandoning module XMPP (45)
[2018.10.06-10.09.09:408][158]LogModuleManager: Shutting down and abandoning module HTTP (43)
[2018.10.06-10.09.09:410][158]LogModuleManager: Shutting down and abandoning module SSL (42)
[2018.10.06-10.09.09:411][158]LogModuleManager: Shutting down and abandoning module OnlineBlueprintSupport (38)
[2018.10.06-10.09.09:411][158]LogModuleManager: Shutting down and abandoning module AnimationModifiers (34)
[2018.10.06-10.09.09:411][158]LogModuleManager: Shutting down and abandoning module PropertyEditor (33)
[2018.10.06-10.09.09:411][158]LogModuleManager: Shutting down and abandoning module AudioEditor (30)
[2018.10.06-10.09.09:411][158]LogModuleManager: Shutting down and abandoning module TextureCompressor (28)
[2018.10.06-10.09.09:411][158]LogModuleManager: Shutting down and abandoning module ShaderCore (26)
[2018.10.06-10.09.09:411][158]LogModuleManager: Shutting down and abandoning module Landscape (24)
[2018.10.06-10.09.09:411][158]LogModuleManager: Shutting down and abandoning module SlateRHIRenderer (22)
[2018.10.06-10.09.09:411][158]LogModuleManager: Shutting down and abandoning module OpenGLDrv (20)
[2018.10.06-10.09.09:411][158]LogModuleManager: Shutting down and abandoning module AnimGraphRuntime (18)
[2018.10.06-10.09.09:411][158]LogModuleManager: Shutting down and abandoning module Renderer (16)
[2018.10.06-10.09.09:411][158]LogModuleManager: Shutting down and abandoning module Engine (14)
[2018.10.06-10.09.09:411][158]LogModuleManager: Shutting down and abandoning module CoreUObject (12)
[2018.10.06-10.09.09:411][158]LogModuleManager: Shutting down and abandoning module NetworkFile (10)
[2018.10.06-10.09.09:411][158]LogModuleManager: Shutting down and abandoning module CookedIterativeFile (8)
[2018.10.06-10.09.09:411][158]LogModuleManager: Shutting down and abandoning module StreamingFile (6)
[2018.10.06-10.09.09:411][158]LogModuleManager: Shutting down and abandoning module SandboxFile (4)
[2018.10.06-10.09.09:411][158]LogModuleManager: Shutting down and abandoning module PakFile (2)
[2018.10.06-10.09.09:412][158]LogExit: Exiting.
[2018.10.06-10.09.09:412][158]LogInit: Tearing down SDL.
[2018.10.06-10.09.09:423][158]Log file closed, 10/06/18 13:09:09
