Log file open, 10/10/18 17:09:09
LogInit: Display: Running engine for game: BasilicaSudak_UE4
LogPlatformFile: Not using cached read wrapper
LogTaskGraph: Started task graph with 5 named threads and 8 total threads with 3 sets of task threads.
LogStats: Stats thread started at 0.189559
LogICUInternationalization: Display: ICU TimeZone Detection - Raw Offset: +4:00, Platform Override: ''
LogPluginManager: Mounting plugin OnlineSubsystemUtils
LogPluginManager: Mounting plugin OnlineSubsystemNull
LogPluginManager: Mounting plugin OnlineSubsystemGooglePlay
LogPluginManager: Mounting plugin OnlineSubsystem
LogPluginManager: Mounting plugin OnlineSubsystemIOS
LogPluginManager: Mounting plugin LinearTimecode
LogPluginManager: Mounting plugin MediaPlayerEditor
LogPluginManager: Mounting plugin WmfMedia
LogPluginManager: Mounting plugin MediaCompositing
LogPluginManager: Mounting plugin AvfMedia
LogPluginManager: Mounting plugin AndroidMedia
LogPluginManager: Mounting plugin ImgMedia
LogPluginManager: Mounting plugin CharacterAI
LogPluginManager: Mounting plugin ProxyLODPlugin
LogPluginManager: Mounting plugin AppleVision
LogPluginManager: Mounting plugin AlembicImporter
LogPluginManager: Mounting plugin GeometryCache
LogPluginManager: Mounting plugin HTML5Networking
LogPluginManager: Mounting plugin BackChannel
LogPluginManager: Mounting plugin AppleImageUtils
LogPluginManager: Mounting plugin DatasmithContent
LogPluginManager: Mounting plugin Paper2D
LogPluginManager: Mounting plugin NUTUnrealEngine4
LogPluginManager: Mounting plugin NetcodeUnitTest
LogPluginManager: Mounting plugin LevelSequenceEditor
LogPluginManager: Mounting plugin MatineeToLevelSequence
LogPluginManager: Mounting plugin ActorSequence
LogPluginManager: Mounting plugin AssetManagerEditor
LogPluginManager: Mounting plugin PluginBrowser
LogPluginManager: Mounting plugin MacGraphicsSwitching
LogPluginManager: Mounting plugin FacialAnimation
LogPluginManager: Mounting plugin MobileLauncherProfileWizard
LogPluginManager: Mounting plugin CryptoKeys
LogPluginManager: Mounting plugin MeshEditor
LogPluginManager: Mounting plugin GameplayTagsEditor
LogPluginManager: Mounting plugin SpeedTreeImporter
LogPluginManager: Mounting plugin DataValidation
LogPluginManager: Mounting plugin AISupport
LogPluginManager: Mounting plugin TcpMessaging
LogPluginManager: Mounting plugin UdpMessaging
LogPluginManager: Mounting plugin RuntimePhysXCooking
LogPluginManager: Mounting plugin EditableMesh
LogPluginManager: Mounting plugin CableComponent
LogPluginManager: Mounting plugin ExampleDeviceProfileSelector
LogPluginManager: Mounting plugin AppleMoviePlayer
LogPluginManager: Mounting plugin ImmediatePhysics
LogPluginManager: Mounting plugin ProceduralMeshComponent
LogPluginManager: Mounting plugin SteamVR
LogPluginManager: Mounting plugin WindowsMoviePlayer
LogPluginManager: Mounting plugin AndroidDeviceProfileSelector
LogPluginManager: Mounting plugin LocationServicesBPLibrary
LogPluginManager: Mounting plugin MobilePatchingUtils
LogPluginManager: Mounting plugin GoogleCloudMessaging
LogPluginManager: Mounting plugin PhysXVehicles
LogPluginManager: Mounting plugin CustomMeshComponent
LogPluginManager: Mounting plugin ArchVisCharacter
LogPluginManager: Mounting plugin AndroidPermission
LogPluginManager: Mounting plugin LinuxDeviceProfileSelector
LogPluginManager: Mounting plugin OculusVR
LogPluginManager: Plugin shader directory ../../../Engine/Plugins/Runtime/Oculus/OculusVR/Shaders found
LogPluginManager: Mapping shader source directory ../../../Engine/Plugins/Runtime/Oculus/OculusVR/Shaders to virtual directory /Plugin/OculusVR
LogPluginManager: Mounting plugin AndroidMoviePlayer
LogPluginManager: Mounting plugin AudioCapture
LogPluginManager: Mounting plugin IOSDeviceProfileSelector
LogPluginManager: Mounting plugin LightPropagationVolume
LogPluginManager: Mounting plugin GitSourceControl
LogPluginManager: Mounting plugin NullSourceCodeAccess
LogPluginManager: Mounting plugin PerforceSourceControl
LogPluginManager: Mounting plugin CLionSourceCodeAccess
LogPluginManager: Mounting plugin XCodeSourceCodeAccess
LogPluginManager: Mounting plugin VisualStudioCodeSourceCodeAccess
LogPluginManager: Mounting plugin UObjectPlugin
LogPluginManager: Mounting plugin SubversionSourceControl
LogPluginManager: Mounting plugin VisualStudioSourceCodeAccess
LogPluginManager: Mounting plugin CodeLiteSourceCodeAccess
LogPluginManager: Mounting plugin KDevelopSourceCodeAccess
LogPluginManager: Mounting plugin MagicLeap
LogPluginManager: Mounting plugin MagicLeapMedia
LogPluginManager: Mounting plugin MagicLeapEmulator
LogPluginManager: Mounting plugin LauncherChunkInstaller
LogStreaming: Display: Took  0.626s to configure plugins.
LogInit: Using libcurl 7.48.0-DEV
LogInit:  - built for x86_64-unknown-linux-gnu
LogInit:  - supports SSL with OpenSSL/1.0.2h
LogInit:  - supports HTTP deflate (compression) using libz 1.2.8
LogInit:  - other features:
LogInit:      CURL_VERSION_SSL
LogInit:      CURL_VERSION_LIBZ
LogInit:      CURL_VERSION_IPV6
LogInit:      CURL_VERSION_ASYNCHDNS
LogInit:      CURL_VERSION_LARGEFILE
LogInit:      CURL_VERSION_TLSAUTH_SRP
LogInit:  Libcurl: checking if '/etc/pki/tls/certs/ca-bundle.crt' exists
LogInit:  Libcurl: checking if '/etc/ssl/certs/ca-certificates.crt' exists
LogInit:  CurlRequestOptions (configurable via config and command line):
LogInit:  - bVerifyPeer = true  - Libcurl will verify peer certificate
LogInit:  - bUseHttpProxy = false  - Libcurl will NOT use HTTP proxy
LogInit:  - bDontReuseConnections = false  - Libcurl will reuse connections
LogInit:  - CertBundlePath = /etc/ssl/certs/ca-certificates.crt  - Libcurl will set CURLOPT_CAINFO to it
LogInit:  - MaxHostConnections = 16  - Libcurl will limit the number of connections to a host
LogInit:  - LocalHostAddr = Default
LogInit:  - BufferSize = 65536
LogInit: Build: ++UE4+Release-4.20-CL-0
LogInit: Engine Version: 4.20.3-0+++UE4+Release-4.20
LogInit: Compatible Engine Version: 4.20.0-0+++UE4+Release-4.20
LogInit: Net CL: 0
LogInit: OS: GenericOSVersionLabel (GenericOSSubVersionLabel), CPU: Intel(R) Core(TM) i3-6100 CPU @ 3.70GHz, GPU: GenericGPUBrand
LogInit: Compiled (64-bit): Sep 21 2018 12:16:14
LogInit: Compiled with Clang: 5.0.0 (tags/RELEASE_500/final)
LogInit: Build Configuration: Development
LogInit: Branch Name: ++UE4+Release-4.20
LogInit: Command Line: 
LogInit: Base Directory: /media/scad/WD1003FZEX_1TB/Epic_Games/UnrealEngine/Engine/Binaries/Linux/
LogInit: Installed Engine Build: 0
LogDevObjectVersion: Number of dev versions registered: 20
LogDevObjectVersion:   Dev-Blueprints (B0D832E4-1F89-4F0D-ACCF-7EB736FD4AA2): 10
LogDevObjectVersion:   Dev-Build (E1C64328-A22C-4D53-A36C-8E866417BD8C): 0
LogDevObjectVersion:   Dev-Core (375EC13C-06E4-48FB-B500-84F0262A717E): 2
LogDevObjectVersion:   Dev-Editor (E4B068ED-F494-42E9-A231-DA0B2E46BB41): 24
LogDevObjectVersion:   Dev-Framework (CFFC743F-43B0-4480-9391-14DF171D2073): 34
LogDevObjectVersion:   Dev-Mobile (B02B49B5-BB20-44E9-A304-32B752E40360): 2
LogDevObjectVersion:   Dev-Networking (A4E4105C-59A1-49B5-A7C5-40C4547EDFEE): 0
LogDevObjectVersion:   Dev-Online (39C831C9-5AE6-47DC-9A44-9C173E1C8E7C): 0
LogDevObjectVersion:   Dev-Physics (78F01B33-EBEA-4F98-B9B4-84EACCB95AA2): 0
LogDevObjectVersion:   Dev-Platform (6631380F-2D4D-43E0-8009-CF276956A95A): 0
LogDevObjectVersion:   Dev-Rendering (12F88B9F-8875-4AFC-A67C-D90C383ABD29): 26
LogDevObjectVersion:   Dev-Sequencer (7B5AE74C-D270-4C10-A958-57980B212A5A): 9
LogDevObjectVersion:   Dev-VR (D7296918-1DD6-4BDD-9DE2-64A83CC13884): 2
LogDevObjectVersion:   Dev-LoadTimes (C2A15278-BFE7-4AFE-6C17-90FF531DF755): 1
LogDevObjectVersion:   Private-Geometry (6EACA3D4-40EC-4CC1-B786-8BED09428FC5): 3
LogDevObjectVersion:   Dev-AnimPhys (29E575DD-E0A3-4627-9D10-D276232CDCEA): 17
LogDevObjectVersion:   Dev-ReflectionCapture (6B266CEC-1EC7-4B8F-A30B-E4D90942FC07): 1
LogDevObjectVersion:   Dev-Automation (0DF73D61-A23F-47EA-B727-89E90C41499A): 1
LogDevObjectVersion:   FortniteMain (601D1886-AC64-4F84-AA16-D3DE0DEAC7D6): 12
LogDevObjectVersion:   Dev-Enterprise (9DFFBCD6-494F-0158-E221-12823C92A888): 1
LogStreaming: Display: Took  0.001s to delete old logs.
LogInit: Presizing for max 8388607 objects, including 0 objects not considered by GC, pre-allocating 0 bytes for permanent pool.
LogInit: Object subsystem initialized
[2018.10.10-14.09.11:047][  0]LogInit: Initializing SDL.
[2018.10.10-14.09.12:649][  0]LogInit: Initialized SDL 2.0.5 revision: 11184 (hg-11184:04063928c4a8 with EpicExtensions) (compiled against 2.0.5)
[2018.10.10-14.09.12:649][  0]LogInit: Using SDL_WINDOW_OPENGL
[2018.10.10-14.09.12:649][  0]LogInit: Using SDL video driver 'x11'
[2018.10.10-14.09.12:649][  0]LogInit: Display metrics:
[2018.10.10-14.09.12:649][  0]LogInit:   PrimaryDisplayWidth: 1920
[2018.10.10-14.09.12:649][  0]LogInit:   PrimaryDisplayHeight: 1080
[2018.10.10-14.09.12:649][  0]LogInit:   PrimaryDisplayWorkAreaRect:
[2018.10.10-14.09.12:649][  0]LogInit:     Left=0, Top=0, Right=1920, Bottom=1016
[2018.10.10-14.09.12:649][  0]LogInit:   VirtualDisplayRect:
[2018.10.10-14.09.12:649][  0]LogInit:     Left=0, Top=0, Right=3840, Bottom=1080
[2018.10.10-14.09.12:649][  0]LogInit:   TitleSafePaddingSize: X=0.000 Y=0.000 Z=0.000 W=0.000
[2018.10.10-14.09.12:650][  0]LogInit:   ActionSafePaddingSize: X=0.000 Y=0.000 Z=0.000 W=0.000
[2018.10.10-14.09.12:650][  0]LogInit:   Number of monitors: 2
[2018.10.10-14.09.12:650][  0]LogInit:     Monitor 0
[2018.10.10-14.09.12:650][  0]LogInit:       Name: PHL 227E6 22"
[2018.10.10-14.09.12:650][  0]LogInit:       ID: display0
[2018.10.10-14.09.12:650][  0]LogInit:       NativeWidth: 1920
[2018.10.10-14.09.12:650][  0]LogInit:       NativeHeight: 1080
[2018.10.10-14.09.12:650][  0]LogInit:       bIsPrimary: true
[2018.10.10-14.09.12:650][  0]LogInit:     Monitor 1
[2018.10.10-14.09.12:650][  0]LogInit:       Name: VE228 22"
[2018.10.10-14.09.12:650][  0]LogInit:       ID: display1
[2018.10.10-14.09.12:650][  0]LogInit:       NativeWidth: 1920
[2018.10.10-14.09.12:650][  0]LogInit:       NativeHeight: 1080
[2018.10.10-14.09.12:650][  0]LogInit:       bIsPrimary: false
[2018.10.10-14.09.12:650][  0]LogLinux: Selected Device Profile: [Linux]
[2018.10.10-14.09.12:650][  0]LogInit: Applying CVar settings loaded from the selected device profile: [Linux]
[2018.10.10-14.09.12:706][  0]LogHAL: Display: Platform has ~ 4 GB [16781991936 / 4294967296 / 16], which maps to Smallest [LargestMinGB=32, LargerMinGB=12, DefaultMinGB=8, SmallerMinGB=6, SmallestMinGB=0)
[2018.10.10-14.09.12:706][  0]LogInit: Going up to parent DeviceProfile []
[2018.10.10-14.09.12:766][  0]LogInit: Using custom *.sym to symbolicate
[2018.10.10-14.09.12:766][  0]LogInit: Unix hardware info:
[2018.10.10-14.09.12:766][  0]LogInit:  - we are not the first instance of this executable
[2018.10.10-14.09.12:766][  0]LogInit:  - this process' id (pid) is 12383, parent process' id (ppid) is 1
[2018.10.10-14.09.12:766][  0]LogInit:  - we are not running under debugger
[2018.10.10-14.09.12:766][  0]LogInit:  - machine network name is 'MicrolabHS'
[2018.10.10-14.09.12:766][  0]LogInit:  - user name is 'scad' (scad)
[2018.10.10-14.09.12:766][  0]LogInit:  - we're logged in locally
[2018.10.10-14.09.12:766][  0]LogInit:  - we're running with rendering
[2018.10.10-14.09.12:766][  0]LogInit:  - CPU: GenuineIntel 'Intel(R) Core(TM) i3-6100 CPU @ 3.70GHz' (signature: 0x506E3)
[2018.10.10-14.09.12:766][  0]LogInit:  - Number of physical cores available for the process: 2
[2018.10.10-14.09.12:766][  0]LogInit:  - Number of logical cores available for the process: 4
[2018.10.10-14.09.12:766][  0]LogInit:  - Cache line size: 64
[2018.10.10-14.09.12:766][  0]LogInit:  - Memory allocator used: binned2
[2018.10.10-14.09.12:766][  0]LogCore: Benchmarking clocks:
[2018.10.10-14.09.12:766][  0]LogCore:  - CLOCK_REALTIME (id=0) can sustain 49416109 (49416K, 49M) calls per second without zero deltas.
[2018.10.10-14.09.12:767][  0]LogCore:  - CLOCK_MONOTONIC (id=1) can sustain 53924884 (53925K, 54M) calls per second without zero deltas.
[2018.10.10-14.09.12:767][  0]LogCore:  - CLOCK_MONOTONIC_RAW (id=4) can sustain 3858374 (3858K, 4M) calls per second without zero deltas.
[2018.10.10-14.09.12:767][  0]LogCore:  - CLOCK_MONOTONIC_COARSE (id=6) can sustain 168605707 (168606K, 169M) calls per second with 99.999846% zero deltas.
[2018.10.10-14.09.12:767][  0]LogCore: Selected clock_id 1 (CLOCK_MONOTONIC) since it is the fastest support clock without zero deltas.
[2018.10.10-14.09.12:767][  0]LogInit: Unix-specific commandline switches:
[2018.10.10-14.09.12:767][  0]LogInit:  -nodwarf (currently OFF): suppress parsing of DWARF debug info (callstacks will be generated faster, but won't have line numbers)
[2018.10.10-14.09.12:767][  0]LogInit:  -ansimalloc - use malloc()/free() from libc (useful for tools like valgrind and electric fence)
[2018.10.10-14.09.12:767][  0]LogInit:  -jemalloc - use jemalloc for all memory allocation
[2018.10.10-14.09.12:767][  0]LogInit:  -binnedmalloc - use binned malloc  for all memory allocation
[2018.10.10-14.09.12:767][  0]LogInit:  -filemapcachesize=NUMBER - set the size for case-sensitive file mapping cache
[2018.10.10-14.09.12:767][  0]LogInit:  -httpproxy=ADDRESS:PORT - redirects HTTP requests to a proxy (only supported if compiled with libcurl)
[2018.10.10-14.09.12:767][  0]LogInit:  -reuseconn - allow libcurl to reuse HTTP connections (only matters if compiled with libcurl)
[2018.10.10-14.09.12:768][  0]LogInit:  -virtmemkb=NUMBER - sets process virtual memory (address space) limit (overrides VirtualMemoryLimitInKB value from .ini)
[2018.10.10-14.09.12:770][  0]LogInit:  - Physical RAM available (not considering process quota): 16 GB (16004 MB, 16388664 KB, 16781991936 bytes)
[2018.10.10-14.09.13:099][  0]LogInit: Using OS detected language (en-US).
[2018.10.10-14.09.13:099][  0]LogInit: Using OS detected locale (en-US).
[2018.10.10-14.09.13:127][  0]LogTextLocalizationManager: No specific localization for 'en-US' exists, so the 'en' localization will be used.
[2018.10.10-14.09.13:815][  0]LogStreaming: Display: Took  0.717s to InitEngineTextLocalization.
[2018.10.10-14.09.14:227][  0]LogSlate: New Slate User Created.  User Index 0, Is Virtual User: 0
[2018.10.10-14.09.14:227][  0]LogSlate: Slate User Registered.  User Index 0, Is Virtual User: 0
[2018.10.10-14.09.15:838][  0]LogRHI: Initializing OpenGL RHI
[2018.10.10-14.09.15:838][  0]LogRHI:   GL_VENDOR: NVIDIA Corporation
[2018.10.10-14.09.15:838][  0]LogRHI:   GL_RENDERER: GeForce GTX 1050 Ti/PCIe/SSE2
[2018.10.10-14.09.15:838][  0]LogRHI:   GL_VERSION: 4.3.0 NVIDIA 390.87
[2018.10.10-14.09.15:838][  0]LogRHI:   GL_SHADING_LANGUAGE_VERSION: 4.30 NVIDIA via Cg compiler
[2018.10.10-14.09.15:838][  0]LogRHI: OpenGL Extensions:
[2018.10.10-14.09.15:838][  0]LogRHI:   GL_AMD_multi_draw_indirect
[2018.10.10-14.09.15:838][  0]LogRHI:   GL_AMD_seamless_cubemap_per_texture
[2018.10.10-14.09.15:838][  0]LogRHI:   GL_AMD_vertex_shader_viewport_index
[2018.10.10-14.09.15:838][  0]LogRHI:   GL_AMD_vertex_shader_layer
[2018.10.10-14.09.15:838][  0]LogRHI:   GL_ARB_arrays_of_arrays
[2018.10.10-14.09.15:838][  0]LogRHI:   GL_ARB_base_instance
[2018.10.10-14.09.15:838][  0]LogRHI:   GL_ARB_bindless_texture
[2018.10.10-14.09.15:838][  0]LogRHI:   GL_ARB_blend_func_extended
[2018.10.10-14.09.15:838][  0]LogRHI:   GL_ARB_buffer_storage
[2018.10.10-14.09.15:838][  0]LogRHI:   GL_ARB_clear_buffer_object
[2018.10.10-14.09.15:838][  0]LogRHI:   GL_ARB_clear_texture
[2018.10.10-14.09.15:838][  0]LogRHI:   GL_ARB_clip_control
[2018.10.10-14.09.15:838][  0]LogRHI:   GL_ARB_color_buffer_float
[2018.10.10-14.09.15:838][  0]LogRHI:   GL_ARB_compressed_texture_pixel_storage
[2018.10.10-14.09.15:838][  0]LogRHI:   GL_ARB_conservative_depth
[2018.10.10-14.09.15:838][  0]LogRHI:   GL_ARB_compute_shader
[2018.10.10-14.09.15:838][  0]LogRHI:   GL_ARB_compute_variable_group_size
[2018.10.10-14.09.15:838][  0]LogRHI:   GL_ARB_conditional_render_inverted
[2018.10.10-14.09.15:838][  0]LogRHI:   GL_ARB_copy_buffer
[2018.10.10-14.09.15:838][  0]LogRHI:   GL_ARB_copy_image
[2018.10.10-14.09.15:838][  0]LogRHI:   GL_ARB_cull_distance
[2018.10.10-14.09.15:838][  0]LogRHI:   GL_ARB_debug_output
[2018.10.10-14.09.15:838][  0]LogRHI:   GL_ARB_depth_buffer_float
[2018.10.10-14.09.15:838][  0]LogRHI:   GL_ARB_depth_clamp
[2018.10.10-14.09.15:838][  0]LogRHI:   GL_ARB_depth_texture
[2018.10.10-14.09.15:838][  0]LogRHI:   GL_ARB_derivative_control
[2018.10.10-14.09.15:838][  0]LogRHI:   GL_ARB_direct_state_access
[2018.10.10-14.09.15:838][  0]LogRHI:   GL_ARB_draw_buffers
[2018.10.10-14.09.15:838][  0]LogRHI:   GL_ARB_draw_buffers_blend
[2018.10.10-14.09.15:838][  0]LogRHI:   GL_ARB_draw_indirect
[2018.10.10-14.09.15:838][  0]LogRHI:   GL_ARB_draw_elements_base_vertex
[2018.10.10-14.09.15:838][  0]LogRHI:   GL_ARB_draw_instanced
[2018.10.10-14.09.15:838][  0]LogRHI:   GL_ARB_enhanced_layouts
[2018.10.10-14.09.15:838][  0]LogRHI:   GL_ARB_ES2_compatibility
[2018.10.10-14.09.15:838][  0]LogRHI:   GL_ARB_ES3_compatibility
[2018.10.10-14.09.15:838][  0]LogRHI:   GL_ARB_ES3_1_compatibility
[2018.10.10-14.09.15:838][  0]LogRHI:   GL_ARB_ES3_2_compatibility
[2018.10.10-14.09.15:838][  0]LogRHI:   GL_ARB_explicit_attrib_location
[2018.10.10-14.09.15:838][  0]LogRHI:   GL_ARB_explicit_uniform_location
[2018.10.10-14.09.15:838][  0]LogRHI:   GL_ARB_fragment_coord_conventions
[2018.10.10-14.09.15:838][  0]LogRHI:   GL_ARB_fragment_layer_viewport
[2018.10.10-14.09.15:838][  0]LogRHI:   GL_ARB_fragment_program
[2018.10.10-14.09.15:838][  0]LogRHI:   GL_ARB_fragment_program_shadow
[2018.10.10-14.09.15:838][  0]LogRHI:   GL_ARB_fragment_shader
[2018.10.10-14.09.15:838][  0]LogRHI:   GL_ARB_fragment_shader_interlock
[2018.10.10-14.09.15:838][  0]LogRHI:   GL_ARB_framebuffer_no_attachments
[2018.10.10-14.09.15:838][  0]LogRHI:   GL_ARB_framebuffer_object
[2018.10.10-14.09.15:838][  0]LogRHI:   GL_ARB_framebuffer_sRGB
[2018.10.10-14.09.15:838][  0]LogRHI:   GL_ARB_geometry_shader4
[2018.10.10-14.09.15:838][  0]LogRHI:   GL_ARB_get_program_binary
[2018.10.10-14.09.15:838][  0]LogRHI:   GL_ARB_get_texture_sub_image
[2018.10.10-14.09.15:838][  0]LogRHI:   GL_ARB_gl_spirv
[2018.10.10-14.09.15:839][  0]LogRHI:   GL_ARB_gpu_shader5
[2018.10.10-14.09.15:839][  0]LogRHI:   GL_ARB_gpu_shader_fp64
[2018.10.10-14.09.15:839][  0]LogRHI:   GL_ARB_gpu_shader_int64
[2018.10.10-14.09.15:839][  0]LogRHI:   GL_ARB_half_float_pixel
[2018.10.10-14.09.15:839][  0]LogRHI:   GL_ARB_half_float_vertex
[2018.10.10-14.09.15:839][  0]LogRHI:   GL_ARB_imaging
[2018.10.10-14.09.15:839][  0]LogRHI:   GL_ARB_indirect_parameters
[2018.10.10-14.09.15:839][  0]LogRHI:   GL_ARB_instanced_arrays
[2018.10.10-14.09.15:839][  0]LogRHI:   GL_ARB_internalformat_query
[2018.10.10-14.09.15:839][  0]LogRHI:   GL_ARB_internalformat_query2
[2018.10.10-14.09.15:839][  0]LogRHI:   GL_ARB_invalidate_subdata
[2018.10.10-14.09.15:839][  0]LogRHI:   GL_ARB_map_buffer_alignment
[2018.10.10-14.09.15:839][  0]LogRHI:   GL_ARB_map_buffer_range
[2018.10.10-14.09.15:839][  0]LogRHI:   GL_ARB_multi_bind
[2018.10.10-14.09.15:839][  0]LogRHI:   GL_ARB_multi_draw_indirect
[2018.10.10-14.09.15:839][  0]LogRHI:   GL_ARB_multisample
[2018.10.10-14.09.15:839][  0]LogRHI:   GL_ARB_multitexture
[2018.10.10-14.09.15:839][  0]LogRHI:   GL_ARB_occlusion_query
[2018.10.10-14.09.15:839][  0]LogRHI:   GL_ARB_occlusion_query2
[2018.10.10-14.09.15:839][  0]LogRHI:   GL_ARB_parallel_shader_compile
[2018.10.10-14.09.15:839][  0]LogRHI:   GL_ARB_pipeline_statistics_query
[2018.10.10-14.09.15:839][  0]LogRHI:   GL_ARB_pixel_buffer_object
[2018.10.10-14.09.15:839][  0]LogRHI:   GL_ARB_point_parameters
[2018.10.10-14.09.15:839][  0]LogRHI:   GL_ARB_point_sprite
[2018.10.10-14.09.15:839][  0]LogRHI:   GL_ARB_polygon_offset_clamp
[2018.10.10-14.09.15:839][  0]LogRHI:   GL_ARB_post_depth_coverage
[2018.10.10-14.09.15:839][  0]LogRHI:   GL_ARB_program_interface_query
[2018.10.10-14.09.15:839][  0]LogRHI:   GL_ARB_provoking_vertex
[2018.10.10-14.09.15:839][  0]LogRHI:   GL_ARB_query_buffer_object
[2018.10.10-14.09.15:839][  0]LogRHI:   GL_ARB_robust_buffer_access_behavior
[2018.10.10-14.09.15:839][  0]LogRHI:   GL_ARB_robustness
[2018.10.10-14.09.15:839][  0]LogRHI:   GL_ARB_sample_locations
[2018.10.10-14.09.15:839][  0]LogRHI:   GL_ARB_sample_shading
[2018.10.10-14.09.15:839][  0]LogRHI:   GL_ARB_sampler_objects
[2018.10.10-14.09.15:839][  0]LogRHI:   GL_ARB_seamless_cube_map
[2018.10.10-14.09.15:839][  0]LogRHI:   GL_ARB_seamless_cubemap_per_texture
[2018.10.10-14.09.15:839][  0]LogRHI:   GL_ARB_separate_shader_objects
[2018.10.10-14.09.15:839][  0]LogRHI:   GL_ARB_shader_atomic_counter_ops
[2018.10.10-14.09.15:839][  0]LogRHI:   GL_ARB_shader_atomic_counters
[2018.10.10-14.09.15:839][  0]LogRHI:   GL_ARB_shader_ballot
[2018.10.10-14.09.15:839][  0]LogRHI:   GL_ARB_shader_bit_encoding
[2018.10.10-14.09.15:839][  0]LogRHI:   GL_ARB_shader_clock
[2018.10.10-14.09.15:839][  0]LogRHI:   GL_ARB_shader_draw_parameters
[2018.10.10-14.09.15:839][  0]LogRHI:   GL_ARB_shader_group_vote
[2018.10.10-14.09.15:839][  0]LogRHI:   GL_ARB_shader_image_load_store
[2018.10.10-14.09.15:839][  0]LogRHI:   GL_ARB_shader_image_size
[2018.10.10-14.09.15:839][  0]LogRHI:   GL_ARB_shader_objects
[2018.10.10-14.09.15:839][  0]LogRHI:   GL_ARB_shader_precision
[2018.10.10-14.09.15:839][  0]LogRHI:   GL_ARB_shader_storage_buffer_object
[2018.10.10-14.09.15:839][  0]LogRHI:   GL_ARB_shader_subroutine
[2018.10.10-14.09.15:839][  0]LogRHI:   GL_ARB_shader_texture_image_samples
[2018.10.10-14.09.15:839][  0]LogRHI:   GL_ARB_shader_texture_lod
[2018.10.10-14.09.15:839][  0]LogRHI:   GL_ARB_shading_language_100
[2018.10.10-14.09.15:839][  0]LogRHI:   GL_ARB_shader_viewport_layer_array
[2018.10.10-14.09.15:839][  0]LogRHI:   GL_ARB_shading_language_420pack
[2018.10.10-14.09.15:839][  0]LogRHI:   GL_ARB_shading_language_include
[2018.10.10-14.09.15:839][  0]LogRHI:   GL_ARB_shading_language_packing
[2018.10.10-14.09.15:839][  0]LogRHI:   GL_ARB_shadow
[2018.10.10-14.09.15:839][  0]LogRHI:   GL_ARB_sparse_buffer
[2018.10.10-14.09.15:839][  0]LogRHI:   GL_ARB_sparse_texture
[2018.10.10-14.09.15:839][  0]LogRHI:   GL_ARB_sparse_texture2
[2018.10.10-14.09.15:839][  0]LogRHI:   GL_ARB_sparse_texture_clamp
[2018.10.10-14.09.15:839][  0]LogRHI:   GL_ARB_spirv_extensions
[2018.10.10-14.09.15:839][  0]LogRHI:   GL_ARB_stencil_texturing
[2018.10.10-14.09.15:839][  0]LogRHI:   GL_ARB_sync
[2018.10.10-14.09.15:839][  0]LogRHI:   GL_ARB_tessellation_shader
[2018.10.10-14.09.15:839][  0]LogRHI:   GL_ARB_texture_barrier
[2018.10.10-14.09.15:839][  0]LogRHI:   GL_ARB_texture_border_clamp
[2018.10.10-14.09.15:839][  0]LogRHI:   GL_ARB_texture_buffer_object
[2018.10.10-14.09.15:839][  0]LogRHI:   GL_ARB_texture_buffer_object_rgb32
[2018.10.10-14.09.15:839][  0]LogRHI:   GL_ARB_texture_buffer_range
[2018.10.10-14.09.15:839][  0]LogRHI:   GL_ARB_texture_compression
[2018.10.10-14.09.15:839][  0]LogRHI:   GL_ARB_texture_compression_bptc
[2018.10.10-14.09.15:839][  0]LogRHI:   GL_ARB_texture_compression_rgtc
[2018.10.10-14.09.15:839][  0]LogRHI:   GL_ARB_texture_cube_map
[2018.10.10-14.09.15:839][  0]LogRHI:   GL_ARB_texture_cube_map_array
[2018.10.10-14.09.15:839][  0]LogRHI:   GL_ARB_texture_env_add
[2018.10.10-14.09.15:839][  0]LogRHI:   GL_ARB_texture_env_combine
[2018.10.10-14.09.15:839][  0]LogRHI:   GL_ARB_texture_env_crossbar
[2018.10.10-14.09.15:839][  0]LogRHI:   GL_ARB_texture_env_dot3
[2018.10.10-14.09.15:839][  0]LogRHI:   GL_ARB_texture_filter_anisotropic
[2018.10.10-14.09.15:839][  0]LogRHI:   GL_ARB_texture_filter_minmax
[2018.10.10-14.09.15:839][  0]LogRHI:   GL_ARB_texture_float
[2018.10.10-14.09.15:839][  0]LogRHI:   GL_ARB_texture_gather
[2018.10.10-14.09.15:839][  0]LogRHI:   GL_ARB_texture_mirror_clamp_to_edge
[2018.10.10-14.09.15:839][  0]LogRHI:   GL_ARB_texture_mirrored_repeat
[2018.10.10-14.09.15:839][  0]LogRHI:   GL_ARB_texture_multisample
[2018.10.10-14.09.15:839][  0]LogRHI:   GL_ARB_texture_non_power_of_two
[2018.10.10-14.09.15:839][  0]LogRHI:   GL_ARB_texture_query_levels
[2018.10.10-14.09.15:839][  0]LogRHI:   GL_ARB_texture_query_lod
[2018.10.10-14.09.15:839][  0]LogRHI:   GL_ARB_texture_rectangle
[2018.10.10-14.09.15:839][  0]LogRHI:   GL_ARB_texture_rg
[2018.10.10-14.09.15:839][  0]LogRHI:   GL_ARB_texture_rgb10_a2ui
[2018.10.10-14.09.15:839][  0]LogRHI:   GL_ARB_texture_stencil8
[2018.10.10-14.09.15:839][  0]LogRHI:   GL_ARB_texture_storage
[2018.10.10-14.09.15:839][  0]LogRHI:   GL_ARB_texture_storage_multisample
[2018.10.10-14.09.15:839][  0]LogRHI:   GL_ARB_texture_swizzle
[2018.10.10-14.09.15:839][  0]LogRHI:   GL_ARB_texture_view
[2018.10.10-14.09.15:839][  0]LogRHI:   GL_ARB_timer_query
[2018.10.10-14.09.15:839][  0]LogRHI:   GL_ARB_transform_feedback2
[2018.10.10-14.09.15:839][  0]LogRHI:   GL_ARB_transform_feedback3
[2018.10.10-14.09.15:839][  0]LogRHI:   GL_ARB_transform_feedback_instanced
[2018.10.10-14.09.15:839][  0]LogRHI:   GL_ARB_transform_feedback_overflow_query
[2018.10.10-14.09.15:839][  0]LogRHI:   GL_ARB_transpose_matrix
[2018.10.10-14.09.15:839][  0]LogRHI:   GL_ARB_uniform_buffer_object
[2018.10.10-14.09.15:840][  0]LogRHI:   GL_ARB_vertex_array_bgra
[2018.10.10-14.09.15:840][  0]LogRHI:   GL_ARB_vertex_array_object
[2018.10.10-14.09.15:840][  0]LogRHI:   GL_ARB_vertex_attrib_64bit
[2018.10.10-14.09.15:840][  0]LogRHI:   GL_ARB_vertex_attrib_binding
[2018.10.10-14.09.15:840][  0]LogRHI:   GL_ARB_vertex_buffer_object
[2018.10.10-14.09.15:840][  0]LogRHI:   GL_ARB_vertex_program
[2018.10.10-14.09.15:840][  0]LogRHI:   GL_ARB_vertex_shader
[2018.10.10-14.09.15:840][  0]LogRHI:   GL_ARB_vertex_type_10f_11f_11f_rev
[2018.10.10-14.09.15:840][  0]LogRHI:   GL_ARB_vertex_type_2_10_10_10_rev
[2018.10.10-14.09.15:840][  0]LogRHI:   GL_ARB_viewport_array
[2018.10.10-14.09.15:840][  0]LogRHI:   GL_ARB_window_pos
[2018.10.10-14.09.15:840][  0]LogRHI:   GL_ATI_draw_buffers
[2018.10.10-14.09.15:840][  0]LogRHI:   GL_ATI_texture_float
[2018.10.10-14.09.15:840][  0]LogRHI:   GL_ATI_texture_mirror_once
[2018.10.10-14.09.15:840][  0]LogRHI:   GL_S3_s3tc
[2018.10.10-14.09.15:840][  0]LogRHI:   GL_EXT_texture_env_add
[2018.10.10-14.09.15:840][  0]LogRHI:   GL_EXT_abgr
[2018.10.10-14.09.15:840][  0]LogRHI:   GL_EXT_bgra
[2018.10.10-14.09.15:840][  0]LogRHI:   GL_EXT_bindable_uniform
[2018.10.10-14.09.15:840][  0]LogRHI:   GL_EXT_blend_color
[2018.10.10-14.09.15:840][  0]LogRHI:   GL_EXT_blend_equation_separate
[2018.10.10-14.09.15:840][  0]LogRHI:   GL_EXT_blend_func_separate
[2018.10.10-14.09.15:840][  0]LogRHI:   GL_EXT_blend_minmax
[2018.10.10-14.09.15:840][  0]LogRHI:   GL_EXT_blend_subtract
[2018.10.10-14.09.15:840][  0]LogRHI:   GL_EXT_compiled_vertex_array
[2018.10.10-14.09.15:840][  0]LogRHI:   GL_EXT_Cg_shader
[2018.10.10-14.09.15:840][  0]LogRHI:   GL_EXT_depth_bounds_test
[2018.10.10-14.09.15:840][  0]LogRHI:   GL_EXT_direct_state_access
[2018.10.10-14.09.15:840][  0]LogRHI:   GL_EXT_draw_buffers2
[2018.10.10-14.09.15:840][  0]LogRHI:   GL_EXT_draw_instanced
[2018.10.10-14.09.15:840][  0]LogRHI:   GL_EXT_draw_range_elements
[2018.10.10-14.09.15:840][  0]LogRHI:   GL_EXT_fog_coord
[2018.10.10-14.09.15:840][  0]LogRHI:   GL_EXT_framebuffer_blit
[2018.10.10-14.09.15:840][  0]LogRHI:   GL_EXT_framebuffer_multisample
[2018.10.10-14.09.15:840][  0]LogRHI:   GL_EXTX_framebuffer_mixed_formats
[2018.10.10-14.09.15:840][  0]LogRHI:   GL_EXT_framebuffer_multisample_blit_scaled
[2018.10.10-14.09.15:840][  0]LogRHI:   GL_EXT_framebuffer_object
[2018.10.10-14.09.15:840][  0]LogRHI:   GL_EXT_framebuffer_sRGB
[2018.10.10-14.09.15:840][  0]LogRHI:   GL_EXT_geometry_shader4
[2018.10.10-14.09.15:840][  0]LogRHI:   GL_EXT_gpu_program_parameters
[2018.10.10-14.09.15:840][  0]LogRHI:   GL_EXT_gpu_shader4
[2018.10.10-14.09.15:840][  0]LogRHI:   GL_EXT_multi_draw_arrays
[2018.10.10-14.09.15:840][  0]LogRHI:   GL_EXT_packed_depth_stencil
[2018.10.10-14.09.15:840][  0]LogRHI:   GL_EXT_packed_float
[2018.10.10-14.09.15:840][  0]LogRHI:   GL_EXT_packed_pixels
[2018.10.10-14.09.15:840][  0]LogRHI:   GL_EXT_pixel_buffer_object
[2018.10.10-14.09.15:840][  0]LogRHI:   GL_EXT_point_parameters
[2018.10.10-14.09.15:840][  0]LogRHI:   GL_EXT_polygon_offset_clamp
[2018.10.10-14.09.15:840][  0]LogRHI:   GL_EXT_post_depth_coverage
[2018.10.10-14.09.15:840][  0]LogRHI:   GL_EXT_provoking_vertex
[2018.10.10-14.09.15:840][  0]LogRHI:   GL_EXT_raster_multisample
[2018.10.10-14.09.15:840][  0]LogRHI:   GL_EXT_rescale_normal
[2018.10.10-14.09.15:840][  0]LogRHI:   GL_EXT_secondary_color
[2018.10.10-14.09.15:840][  0]LogRHI:   GL_EXT_separate_shader_objects
[2018.10.10-14.09.15:840][  0]LogRHI:   GL_EXT_separate_specular_color
[2018.10.10-14.09.15:840][  0]LogRHI:   GL_EXT_shader_image_load_formatted
[2018.10.10-14.09.15:840][  0]LogRHI:   GL_EXT_shader_image_load_store
[2018.10.10-14.09.15:840][  0]LogRHI:   GL_EXT_shader_integer_mix
[2018.10.10-14.09.15:840][  0]LogRHI:   GL_EXT_shadow_funcs
[2018.10.10-14.09.15:840][  0]LogRHI:   GL_EXT_sparse_texture2
[2018.10.10-14.09.15:840][  0]LogRHI:   GL_EXT_stencil_two_side
[2018.10.10-14.09.15:840][  0]LogRHI:   GL_EXT_stencil_wrap
[2018.10.10-14.09.15:840][  0]LogRHI:   GL_EXT_texture3D
[2018.10.10-14.09.15:840][  0]LogRHI:   GL_EXT_texture_array
[2018.10.10-14.09.15:840][  0]LogRHI:   GL_EXT_texture_buffer_object
[2018.10.10-14.09.15:840][  0]LogRHI:   GL_EXT_texture_compression_dxt1
[2018.10.10-14.09.15:840][  0]LogRHI:   GL_EXT_texture_compression_latc
[2018.10.10-14.09.15:840][  0]LogRHI:   GL_EXT_texture_compression_rgtc
[2018.10.10-14.09.15:840][  0]LogRHI:   GL_EXT_texture_compression_s3tc
[2018.10.10-14.09.15:840][  0]LogRHI:   GL_EXT_texture_cube_map
[2018.10.10-14.09.15:840][  0]LogRHI:   GL_EXT_texture_edge_clamp
[2018.10.10-14.09.15:840][  0]LogRHI:   GL_EXT_texture_env_combine
[2018.10.10-14.09.15:840][  0]LogRHI:   GL_EXT_texture_env_dot3
[2018.10.10-14.09.15:840][  0]LogRHI:   GL_EXT_texture_filter_anisotropic
[2018.10.10-14.09.15:840][  0]LogRHI:   GL_EXT_texture_filter_minmax
[2018.10.10-14.09.15:840][  0]LogRHI:   GL_EXT_texture_integer
[2018.10.10-14.09.15:840][  0]LogRHI:   GL_EXT_texture_lod
[2018.10.10-14.09.15:840][  0]LogRHI:   GL_EXT_texture_lod_bias
[2018.10.10-14.09.15:840][  0]LogRHI:   GL_EXT_texture_mirror_clamp
[2018.10.10-14.09.15:840][  0]LogRHI:   GL_EXT_texture_object
[2018.10.10-14.09.15:840][  0]LogRHI:   GL_EXT_texture_shared_exponent
[2018.10.10-14.09.15:840][  0]LogRHI:   GL_EXT_texture_sRGB
[2018.10.10-14.09.15:840][  0]LogRHI:   GL_EXT_texture_sRGB_decode
[2018.10.10-14.09.15:840][  0]LogRHI:   GL_EXT_texture_storage
[2018.10.10-14.09.15:840][  0]LogRHI:   GL_EXT_texture_swizzle
[2018.10.10-14.09.15:840][  0]LogRHI:   GL_EXT_timer_query
[2018.10.10-14.09.15:840][  0]LogRHI:   GL_EXT_transform_feedback2
[2018.10.10-14.09.15:840][  0]LogRHI:   GL_EXT_vertex_array
[2018.10.10-14.09.15:840][  0]LogRHI:   GL_EXT_vertex_array_bgra
[2018.10.10-14.09.15:840][  0]LogRHI:   GL_EXT_vertex_attrib_64bit
[2018.10.10-14.09.15:840][  0]LogRHI:   GL_EXT_window_rectangles
[2018.10.10-14.09.15:840][  0]LogRHI:   GL_EXT_x11_sync_object
[2018.10.10-14.09.15:840][  0]LogRHI:   GL_EXT_import_sync_object
[2018.10.10-14.09.15:840][  0]LogRHI:   GL_NV_robustness_video_memory_purge
[2018.10.10-14.09.15:840][  0]LogRHI:   GL_IBM_rasterpos_clip
[2018.10.10-14.09.15:840][  0]LogRHI:   GL_IBM_texture_mirrored_repeat
[2018.10.10-14.09.15:840][  0]LogRHI:   GL_KHR_context_flush_control
[2018.10.10-14.09.15:840][  0]LogRHI:   GL_KHR_debug
[2018.10.10-14.09.15:840][  0]LogRHI:   GL_EXT_memory_object
[2018.10.10-14.09.15:840][  0]LogRHI:   GL_EXT_memory_object_fd
[2018.10.10-14.09.15:840][  0]LogRHI:   GL_KHR_parallel_shader_compile
[2018.10.10-14.09.15:840][  0]LogRHI:   GL_KHR_no_error
[2018.10.10-14.09.15:840][  0]LogRHI:   GL_KHR_robust_buffer_access_behavior
[2018.10.10-14.09.15:840][  0]LogRHI:   GL_KHR_robustness
[2018.10.10-14.09.15:840][  0]LogRHI:   GL_EXT_semaphore
[2018.10.10-14.09.15:840][  0]LogRHI:   GL_EXT_semaphore_fd
[2018.10.10-14.09.15:840][  0]LogRHI:   GL_KTX_buffer_region
[2018.10.10-14.09.15:840][  0]LogRHI:   GL_NV_alpha_to_coverage_dither_control
[2018.10.10-14.09.15:840][  0]LogRHI:   GL_NV_bindless_multi_draw_indirect
[2018.10.10-14.09.15:840][  0]LogRHI:   GL_NV_bindless_multi_draw_indirect_count
[2018.10.10-14.09.15:840][  0]LogRHI:   GL_NV_bindless_texture
[2018.10.10-14.09.15:840][  0]LogRHI:   GL_NV_blend_equation_advanced
[2018.10.10-14.09.15:840][  0]LogRHI:   GL_NV_blend_equation_advanced_coherent
[2018.10.10-14.09.15:840][  0]LogRHI:   GL_NVX_blend_equation_advanced_multi_draw_buffers
[2018.10.10-14.09.15:840][  0]LogRHI:   GL_NV_blend_minmax_factor
[2018.10.10-14.09.15:840][  0]LogRHI:   GL_NV_blend_square
[2018.10.10-14.09.15:840][  0]LogRHI:   GL_NV_clip_space_w_scaling
[2018.10.10-14.09.15:840][  0]LogRHI:   GL_NV_command_list
[2018.10.10-14.09.15:840][  0]LogRHI:   GL_NV_compute_program5
[2018.10.10-14.09.15:840][  0]LogRHI:   GL_NV_conditional_render
[2018.10.10-14.09.15:840][  0]LogRHI:   GL_NV_conservative_raster
[2018.10.10-14.09.15:840][  0]LogRHI:   GL_NV_conservative_raster_dilate
[2018.10.10-14.09.15:840][  0]LogRHI:   GL_NV_conservative_raster_pre_snap_triangles
[2018.10.10-14.09.15:840][  0]LogRHI:   GL_NV_copy_depth_to_color
[2018.10.10-14.09.15:840][  0]LogRHI:   GL_NV_copy_image
[2018.10.10-14.09.15:840][  0]LogRHI:   GL_NV_depth_buffer_float
[2018.10.10-14.09.15:840][  0]LogRHI:   GL_NV_depth_clamp
[2018.10.10-14.09.15:841][  0]LogRHI:   GL_NV_draw_texture
[2018.10.10-14.09.15:841][  0]LogRHI:   GL_NV_draw_vulkan_image
[2018.10.10-14.09.15:841][  0]LogRHI:   GL_NV_ES1_1_compatibility
[2018.10.10-14.09.15:841][  0]LogRHI:   GL_NV_ES3_1_compatibility
[2018.10.10-14.09.15:841][  0]LogRHI:   GL_NV_explicit_multisample
[2018.10.10-14.09.15:841][  0]LogRHI:   GL_NV_fence
[2018.10.10-14.09.15:841][  0]LogRHI:   GL_NV_fill_rectangle
[2018.10.10-14.09.15:841][  0]LogRHI:   GL_NV_float_buffer
[2018.10.10-14.09.15:841][  0]LogRHI:   GL_NV_fog_distance
[2018.10.10-14.09.15:841][  0]LogRHI:   GL_NV_fragment_coverage_to_color
[2018.10.10-14.09.15:841][  0]LogRHI:   GL_NV_fragment_program
[2018.10.10-14.09.15:841][  0]LogRHI:   GL_NV_fragment_program_option
[2018.10.10-14.09.15:841][  0]LogRHI:   GL_NV_fragment_program2
[2018.10.10-14.09.15:841][  0]LogRHI:   GL_NV_fragment_shader_interlock
[2018.10.10-14.09.15:841][  0]LogRHI:   GL_NV_framebuffer_mixed_samples
[2018.10.10-14.09.15:841][  0]LogRHI:   GL_NV_framebuffer_multisample_coverage
[2018.10.10-14.09.15:841][  0]LogRHI:   GL_NV_geometry_shader4
[2018.10.10-14.09.15:841][  0]LogRHI:   GL_NV_geometry_shader_passthrough
[2018.10.10-14.09.15:841][  0]LogRHI:   GL_NV_gpu_program4
[2018.10.10-14.09.15:841][  0]LogRHI:   GL_NV_internalformat_sample_query
[2018.10.10-14.09.15:841][  0]LogRHI:   GL_NV_gpu_program4_1
[2018.10.10-14.09.15:841][  0]LogRHI:   GL_NV_gpu_program5
[2018.10.10-14.09.15:841][  0]LogRHI:   GL_NV_gpu_program5_mem_extended
[2018.10.10-14.09.15:841][  0]LogRHI:   GL_NV_gpu_program_fp64
[2018.10.10-14.09.15:841][  0]LogRHI:   GL_NV_gpu_shader5
[2018.10.10-14.09.15:841][  0]LogRHI:   GL_NV_half_float
[2018.10.10-14.09.15:841][  0]LogRHI:   GL_NV_light_max_exponent
[2018.10.10-14.09.15:841][  0]LogRHI:   GL_NV_multisample_coverage
[2018.10.10-14.09.15:841][  0]LogRHI:   GL_NV_multisample_filter_hint
[2018.10.10-14.09.15:841][  0]LogRHI:   GL_NV_occlusion_query
[2018.10.10-14.09.15:841][  0]LogRHI:   GL_NV_packed_depth_stencil
[2018.10.10-14.09.15:841][  0]LogRHI:   GL_NV_parameter_buffer_object
[2018.10.10-14.09.15:841][  0]LogRHI:   GL_NV_parameter_buffer_object2
[2018.10.10-14.09.15:841][  0]LogRHI:   GL_NV_path_rendering
[2018.10.10-14.09.15:841][  0]LogRHI:   GL_NV_path_rendering_shared_edge
[2018.10.10-14.09.15:841][  0]LogRHI:   GL_NV_pixel_data_range
[2018.10.10-14.09.15:841][  0]LogRHI:   GL_NV_point_sprite
[2018.10.10-14.09.15:841][  0]LogRHI:   GL_NV_primitive_restart
[2018.10.10-14.09.15:841][  0]LogRHI:   GL_NV_query_resource
[2018.10.10-14.09.15:841][  0]LogRHI:   GL_NV_query_resource_tag
[2018.10.10-14.09.15:841][  0]LogRHI:   GL_NV_register_combiners
[2018.10.10-14.09.15:841][  0]LogRHI:   GL_NV_register_combiners2
[2018.10.10-14.09.15:841][  0]LogRHI:   GL_NV_sample_locations
[2018.10.10-14.09.15:841][  0]LogRHI:   GL_NV_sample_mask_override_coverage
[2018.10.10-14.09.15:841][  0]LogRHI:   GL_NV_shader_atomic_counters
[2018.10.10-14.09.15:841][  0]LogRHI:   GL_NV_shader_atomic_float
[2018.10.10-14.09.15:841][  0]LogRHI:   GL_NV_shader_atomic_float64
[2018.10.10-14.09.15:841][  0]LogRHI:   GL_NV_shader_atomic_fp16_vector
[2018.10.10-14.09.15:841][  0]LogRHI:   GL_NV_shader_atomic_int64
[2018.10.10-14.09.15:841][  0]LogRHI:   GL_NV_shader_buffer_load
[2018.10.10-14.09.15:841][  0]LogRHI:   GL_NV_shader_storage_buffer_object
[2018.10.10-14.09.15:841][  0]LogRHI:   GL_NV_stereo_view_rendering
[2018.10.10-14.09.15:841][  0]LogRHI:   GL_NV_texgen_reflection
[2018.10.10-14.09.15:841][  0]LogRHI:   GL_NV_texture_barrier
[2018.10.10-14.09.15:841][  0]LogRHI:   GL_NV_texture_compression_vtc
[2018.10.10-14.09.15:841][  0]LogRHI:   GL_NV_texture_env_combine4
[2018.10.10-14.09.15:841][  0]LogRHI:   GL_NV_texture_multisample
[2018.10.10-14.09.15:841][  0]LogRHI:   GL_NV_texture_rectangle
[2018.10.10-14.09.15:841][  0]LogRHI:   GL_NV_texture_rectangle_compressed
[2018.10.10-14.09.15:841][  0]LogRHI:   GL_NV_texture_shader
[2018.10.10-14.09.15:841][  0]LogRHI:   GL_NV_texture_shader2
[2018.10.10-14.09.15:841][  0]LogRHI:   GL_NV_texture_shader3
[2018.10.10-14.09.15:841][  0]LogRHI:   GL_NV_transform_feedback
[2018.10.10-14.09.15:841][  0]LogRHI:   GL_NV_transform_feedback2
[2018.10.10-14.09.15:841][  0]LogRHI:   GL_NV_uniform_buffer_unified_memory
[2018.10.10-14.09.15:841][  0]LogRHI:   GL_NV_vdpau_interop
[2018.10.10-14.09.15:841][  0]LogRHI:   GL_NV_vertex_array_range
[2018.10.10-14.09.15:841][  0]LogRHI:   GL_NV_vertex_array_range2
[2018.10.10-14.09.15:841][  0]LogRHI:   GL_NV_vertex_attrib_integer_64bit
[2018.10.10-14.09.15:841][  0]LogRHI:   GL_NV_vertex_buffer_unified_memory
[2018.10.10-14.09.15:841][  0]LogRHI:   GL_NV_vertex_program
[2018.10.10-14.09.15:841][  0]LogRHI:   GL_NV_vertex_program1_1
[2018.10.10-14.09.15:841][  0]LogRHI:   GL_NV_vertex_program2
[2018.10.10-14.09.15:841][  0]LogRHI:   GL_NV_vertex_program2_option
[2018.10.10-14.09.15:841][  0]LogRHI:   GL_NV_vertex_program3
[2018.10.10-14.09.15:841][  0]LogRHI:   GL_NV_viewport_array2
[2018.10.10-14.09.15:841][  0]LogRHI:   GL_NV_viewport_swizzle
[2018.10.10-14.09.15:841][  0]LogRHI:   GL_NVX_conditional_render
[2018.10.10-14.09.15:841][  0]LogRHI:   GL_NVX_gpu_memory_info
[2018.10.10-14.09.15:841][  0]LogRHI:   GL_NVX_nvenc_interop
[2018.10.10-14.09.15:841][  0]LogRHI:   GL_NV_shader_thread_group
[2018.10.10-14.09.15:841][  0]LogRHI:   GL_NV_shader_thread_shuffle
[2018.10.10-14.09.15:841][  0]LogRHI:   GL_KHR_blend_equation_advanced
[2018.10.10-14.09.15:841][  0]LogRHI:   GL_KHR_blend_equation_advanced_coherent
[2018.10.10-14.09.15:841][  0]LogRHI:   GL_SGIS_generate_mipmap
[2018.10.10-14.09.15:841][  0]LogRHI:   GL_SGIS_texture_lod
[2018.10.10-14.09.15:841][  0]LogRHI:   GL_SGIX_depth_texture
[2018.10.10-14.09.15:841][  0]LogRHI:   GL_SGIX_shadow
[2018.10.10-14.09.15:841][  0]LogRHI:   GL_SUN_slice_accum
[2018.10.10-14.09.15:873][  0]LogRHI:   GL_MAX_TEXTURE_SIZE: 32768
[2018.10.10-14.09.15:873][  0]LogRHI:   GL_MAX_CUBE_MAP_TEXTURE_SIZE: 32768
[2018.10.10-14.09.15:873][  0]LogRHI:   GL_MAX_ARRAY_TEXTURE_LAYERS: 2048
[2018.10.10-14.09.15:873][  0]LogRHI:   GL_MAX_3D_TEXTURE_SIZE: 16384
[2018.10.10-14.09.15:873][  0]LogRHI:   GL_MAX_RENDERBUFFER_SIZE: 32768
[2018.10.10-14.09.15:873][  0]LogRHI:   GL_MAX_TEXTURE_IMAGE_UNITS: 32
[2018.10.10-14.09.15:873][  0]LogRHI:   GL_MAX_DRAW_BUFFERS: 8
[2018.10.10-14.09.15:873][  0]LogRHI:   GL_MAX_COLOR_ATTACHMENTS: 8
[2018.10.10-14.09.15:873][  0]LogRHI:   GL_MAX_SAMPLES: 32
[2018.10.10-14.09.15:873][  0]LogRHI:   GL_MAX_COLOR_TEXTURE_SAMPLES: 32
[2018.10.10-14.09.15:873][  0]LogRHI:   GL_MAX_DEPTH_TEXTURE_SAMPLES: 32
[2018.10.10-14.09.15:873][  0]LogRHI:   GL_MAX_INTEGER_SAMPLES: 32
[2018.10.10-14.09.15:873][  0]LogRHI:   GL_MAX_COMBINED_TEXTURE_IMAGE_UNITS: 192
[2018.10.10-14.09.15:873][  0]LogRHI:   GL_MAX_VERTEX_ATTRIBS: 16
[2018.10.10-14.09.15:873][  0]LogRHI:   GL_MAX_TEXTURE_MAX_ANISOTROPY_EXT: 16
[2018.10.10-14.09.15:873][  0]LogRHI: OpenGL MajorVersion = 4, MinorVersion = 3, ShaderPlatform = GLSL_430, FeatureLevel = SM5
[2018.10.10-14.09.15:878][  0]LogRHI: Texture pool is 2867 MB (70% of 4096 MB)
[2018.10.10-14.09.15:878][  0]LogShaderCompilers: Guid format shader working directory is 14 characters bigger than the processId version (../../../../../!Works/[3D Modeling]/BasilcaSudak/UE4/Intermediate/Shaders/WorkingDirectory/12383/).
[2018.10.10-14.09.15:910][  0]LogShaderCompilers: Cleaned the shader compiler working directory '../../../../../!Works/[3D Modeling]/BasilcaSudak/UE4/Intermediate/Shaders/tmp/000454DB08D62ED31BCB3B664AF66B1D/'.
[2018.10.10-14.09.15:910][  0]LogShaderCompilers: Display: Using Local Shader Compiler.
[2018.10.10-14.09.18:807][  0]LogTemp: Display: Loaded TP AllDesktopTargetPlatform
[2018.10.10-14.09.18:939][  0]LogTemp: Display: Loaded TP LinuxClientTargetPlatform
[2018.10.10-14.09.19:071][  0]LogTemp: Display: Loaded TP LinuxNoEditorTargetPlatform
[2018.10.10-14.09.19:180][  0]LogTemp: Display: Loaded TP LinuxServerTargetPlatform
[2018.10.10-14.09.19:305][  0]LogTemp: Display: Loaded TP LinuxTargetPlatform
[2018.10.10-14.09.19:446][  0]LogTemp: Display: Loaded TP HTML5TargetPlatform
[2018.10.10-14.09.19:625][  0]LogTemp: Display: Loaded TP AndroidTargetPlatform
[2018.10.10-14.09.19:625][  0]LogTemp: Display: Loaded TP AndroidTargetPlatform
[2018.10.10-14.09.19:625][  0]LogTemp: Display: Loaded TP AndroidTargetPlatform
[2018.10.10-14.09.19:625][  0]LogTemp: Display: Loaded TP AndroidTargetPlatform
[2018.10.10-14.09.19:625][  0]LogTemp: Display: Loaded TP AndroidTargetPlatform
[2018.10.10-14.09.19:625][  0]LogTemp: Display: Loaded TP AndroidTargetPlatform
[2018.10.10-14.09.19:625][  0]LogTemp: Display: Loaded TP AndroidTargetPlatform
[2018.10.10-14.09.19:625][  0]LogTemp: Display: Loaded TP AndroidTargetPlatform
[2018.10.10-14.09.19:625][  0]LogTemp: Display: Loaded TP AndroidTargetPlatform
[2018.10.10-14.09.19:625][  0]LogTemp: Display: Loaded TP AndroidTargetPlatform
[2018.10.10-14.09.19:625][  0]LogTemp: Display: Loaded TP AndroidTargetPlatform
[2018.10.10-14.09.19:625][  0]LogTemp: Display: Loaded TP AndroidTargetPlatform
[2018.10.10-14.09.19:625][  0]LogTemp: Display: Loaded TP AndroidTargetPlatform
[2018.10.10-14.09.19:625][  0]LogTemp: Display: Loaded TP AndroidTargetPlatform
[2018.10.10-14.09.19:625][  0]LogTemp: Display: Loaded TP AndroidTargetPlatform
[2018.10.10-14.09.19:625][  0]LogTemp: Display: Loaded TP AndroidTargetPlatform
[2018.10.10-14.09.19:625][  0]LogTemp: Display: Loaded TP AndroidTargetPlatform
[2018.10.10-14.09.19:625][  0]LogTemp: Display: Loaded TP AndroidTargetPlatform
[2018.10.10-14.09.19:625][  0]LogTargetPlatformManager: Display: Building Assets For Linux
[2018.10.10-14.09.20:256][  0]LogDerivedDataCache: Display: Max Cache Size: 512 MB
[2018.10.10-14.09.21:026][  0]LogDerivedDataCache: Loaded boot cache 0.75s 84MB ../../../../../!Works/[3D Modeling]/BasilcaSudak/UE4/DerivedDataCache/Boot.ddc.
[2018.10.10-14.09.21:026][  0]LogDerivedDataCache: Display: Loaded Boot cache: ../../../../../!Works/[3D Modeling]/BasilcaSudak/UE4/DerivedDataCache/Boot.ddc
[2018.10.10-14.09.21:026][  0]LogDerivedDataCache: FDerivedDataBackendGraph:  Pak pak cache file ../../../../../!Works/[3D Modeling]/BasilcaSudak/UE4/DerivedDataCache/DDC.ddp not found, will not use a pak cache.
[2018.10.10-14.09.21:027][  0]LogDerivedDataCache: Unable to find inner node Pak for hierarchical cache Hierarchy.
[2018.10.10-14.09.21:027][  0]LogDerivedDataCache: FDerivedDataBackendGraph:  EnginePak pak cache file ../../../Engine/DerivedDataCache/DDC.ddp not found, will not use a pak cache.
[2018.10.10-14.09.21:027][  0]LogDerivedDataCache: Unable to find inner node EnginePak for hierarchical cache Hierarchy.
[2018.10.10-14.09.21:050][  0]LogDerivedDataCache: Using Local data cache path ../../../Engine/DerivedDataCache: Writable
[2018.10.10-14.09.21:050][  0]LogDerivedDataCache: Shared data cache path not found in *engine.ini, will not use an Shared cache.
[2018.10.10-14.09.21:050][  0]LogDerivedDataCache: Unable to find inner node Shared for hierarchical cache Hierarchy.
[2018.10.10-14.09.21:114][  0]LogMaterial: Verifying Global Shaders for GLSL_430
[2018.10.10-14.09.21:125][  0]LogSlate: Using FreeType 2.6.0
[2018.10.10-14.09.21:175][  0]LogSlate: SlateFontServices - WITH_FREETYPE: 1, WITH_HARFBUZZ: 0
[2018.10.10-14.09.22:032][  0]LogAssetRegistry: FAssetRegistry took 0.0041 seconds to start up
[2018.10.10-14.09.22:770][  0]LogLinux: Selected Device Profile: [Linux]
[2018.10.10-14.09.23:804][  0]LogMeshReduction: Using QuadricMeshReduction for automatic static mesh reduction
[2018.10.10-14.09.23:804][  0]LogMeshReduction: No automatic skeletal mesh reduction module available
[2018.10.10-14.09.23:804][  0]LogMeshReduction: No automatic mesh merging module available
[2018.10.10-14.09.23:804][  0]LogMeshReduction: No distributed automatic mesh merging module available
[2018.10.10-14.09.23:804][  0]LogMeshMerging: No automatic mesh merging module available
[2018.10.10-14.09.23:804][  0]LogMeshMerging: No distributed automatic mesh merging module available
[2018.10.10-14.09.23:935][  0]LogNetVersion: BasilicaSudak_UE4 1.0.0, NetCL: 0, EngineNetVer: 5, GameNetVer: 0 (Checksum: 1314248602)
[2018.10.10-14.09.26:232][  0]LogPackageLocalizationCache: Processed 11 localized package path(s) for 2 prioritized culture(s) in 0.139847 seconds
[2018.10.10-14.09.26:245][  0]LogUObjectArray: 37547 objects as part of root set at end of initial load.
[2018.10.10-14.09.26:245][  0]LogUObjectAllocator: 6509480 out of 0 bytes used by permanent object pool.
[2018.10.10-14.09.26:245][  0]LogUObjectArray: CloseDisregardForGC: 0/0 objects in disregard for GC pool
[2018.10.10-14.09.26:518][  0]LogHAL: Linux SourceCodeAccessSettings: NullSourceCodeAccessor
[2018.10.10-14.09.33:265][  0]LogStreaming: Warning: Failed to read file '../../../Engine/Content/Editor/Slate/Launcher/Mac/Platform_Mac_24x.png' error.
[2018.10.10-14.09.33:265][  0]LogSlate: Could not find file for Slate resource: ../../../Engine/Content/Editor/Slate/Launcher/Mac/Platform_Mac_24x.png
[2018.10.10-14.09.33:265][  0]LogStreaming: Warning: Failed to read file '../../../Engine/Content/Editor/Slate/Launcher/Mac/Platform_Mac_128x.png' error.
[2018.10.10-14.09.33:265][  0]LogSlate: Could not find file for Slate resource: ../../../Engine/Content/Editor/Slate/Launcher/Mac/Platform_Mac_128x.png
[2018.10.10-14.09.33:266][  0]LogStreaming: Warning: Failed to read file '../../../Engine/Content/Editor/Slate/Launcher/Mac/Platform_Mac_128x.png' error.
[2018.10.10-14.09.33:266][  0]LogSlate: Could not find file for Slate resource: ../../../Engine/Content/Editor/Slate/Launcher/Mac/Platform_Mac_128x.png
[2018.10.10-14.09.33:266][  0]LogStreaming: Warning: Failed to read file '../../../Engine/Content/Editor/Slate/Launcher/Mac/Platform_Mac_24x.png' error.
[2018.10.10-14.09.33:266][  0]LogSlate: Could not find file for Slate resource: ../../../Engine/Content/Editor/Slate/Launcher/Mac/Platform_Mac_24x.png
[2018.10.10-14.09.33:267][  0]LogStreaming: Warning: Failed to read file '../../../Engine/Content/Editor/Slate/Launcher/Mac/Platform_Mac_128x.png' error.
[2018.10.10-14.09.33:267][  0]LogSlate: Could not find file for Slate resource: ../../../Engine/Content/Editor/Slate/Launcher/Mac/Platform_Mac_128x.png
[2018.10.10-14.09.33:267][  0]LogStreaming: Warning: Failed to read file '../../../Engine/Content/Editor/Slate/Launcher/Mac/Platform_Mac_128x.png' error.
[2018.10.10-14.09.33:267][  0]LogSlate: Could not find file for Slate resource: ../../../Engine/Content/Editor/Slate/Launcher/Mac/Platform_Mac_128x.png
[2018.10.10-14.09.33:267][  0]LogStreaming: Warning: Failed to read file '../../../Engine/Content/Editor/Slate/Launcher/Mac/Platform_Mac_24x.png' error.
[2018.10.10-14.09.33:267][  0]LogSlate: Could not find file for Slate resource: ../../../Engine/Content/Editor/Slate/Launcher/Mac/Platform_Mac_24x.png
[2018.10.10-14.09.33:268][  0]LogStreaming: Warning: Failed to read file '../../../Engine/Content/Editor/Slate/Launcher/Mac/Platform_Mac_128x.png' error.
[2018.10.10-14.09.33:268][  0]LogSlate: Could not find file for Slate resource: ../../../Engine/Content/Editor/Slate/Launcher/Mac/Platform_Mac_128x.png
[2018.10.10-14.09.33:268][  0]LogStreaming: Warning: Failed to read file '../../../Engine/Content/Editor/Slate/Launcher/Mac/Platform_Mac_128x.png' error.
[2018.10.10-14.09.33:268][  0]LogSlate: Could not find file for Slate resource: ../../../Engine/Content/Editor/Slate/Launcher/Mac/Platform_Mac_128x.png
[2018.10.10-14.09.33:268][  0]LogStreaming: Warning: Failed to read file '../../../Engine/Content/Editor/Slate/Launcher/Mac/Platform_Mac_24x.png' error.
[2018.10.10-14.09.33:268][  0]LogSlate: Could not find file for Slate resource: ../../../Engine/Content/Editor/Slate/Launcher/Mac/Platform_Mac_24x.png
[2018.10.10-14.09.33:268][  0]LogStreaming: Warning: Failed to read file '../../../Engine/Content/Editor/Slate/Launcher/Mac/Platform_Mac_128x.png' error.
[2018.10.10-14.09.33:268][  0]LogSlate: Could not find file for Slate resource: ../../../Engine/Content/Editor/Slate/Launcher/Mac/Platform_Mac_128x.png
[2018.10.10-14.09.33:269][  0]LogStreaming: Warning: Failed to read file '../../../Engine/Content/Editor/Slate/Launcher/Mac/Platform_Mac_128x.png' error.
[2018.10.10-14.09.33:269][  0]LogSlate: Could not find file for Slate resource: ../../../Engine/Content/Editor/Slate/Launcher/Mac/Platform_Mac_128x.png
[2018.10.10-14.09.38:729][  0]LogTcpMessaging: Initializing TcpMessaging bridge
[2018.10.10-14.09.38:746][  0]LogUdpMessaging: Initializing bridge on interface 0.0.0.0:0 to multicast group 230.0.0.1:6666.
[2018.10.10-14.09.44:714][  0]LogAndroidPermission: UAndroidPermissionCallbackProxy::GetInstance
[2018.10.10-14.09.45:037][  0]SourceControl: Source control is disabled
[2018.10.10-14.09.45:037][  0]SourceControl: Source control is disabled
[2018.10.10-14.09.45:161][  0]SourceControl: Source control is disabled
[2018.10.10-14.09.45:845][  0]SourceControl: Source control is disabled
[2018.10.10-14.09.46:106][  0]LogEngine: Initializing Engine...
[2018.10.10-14.09.46:112][  0]LogHMD: Failed to initialize OpenVR with code 100
[2018.10.10-14.09.46:113][  0]LogStats: UGameplayTagsManager::ConstructGameplayTagTree: ImportINI prefixes -  0.000 s
[2018.10.10-14.09.46:113][  0]LogStats: UGameplayTagsManager::ConstructGameplayTagTree: Construct from data asset -  0.000 s
[2018.10.10-14.09.46:113][  0]LogStats: UGameplayTagsManager::ConstructGameplayTagTree: ImportINI -  0.000 s
[2018.10.10-14.09.46:113][  0]LogStats: UGameplayTagsManager::ConstructGameplayTagTree: GameplayTagTreeChangedEvent.Broadcast -  0.000 s
[2018.10.10-14.09.46:976][  0]LogInit: Initializing FReadOnlyCVARCache
[2018.10.10-14.09.47:291][  0]LogAIModule: Creating AISystem for world Untitled
[2018.10.10-14.09.47:301][  0]LogAudioMixer: Display: Audio Mixer Platform Settings:
[2018.10.10-14.09.47:301][  0]LogAudioMixer: Display: 	Sample Rate:						  48000
[2018.10.10-14.09.47:301][  0]LogAudioMixer: Display: 	Callback Buffer Frame Size Requested: 1024
[2018.10.10-14.09.47:301][  0]LogAudioMixer: Display: 	Callback Buffer Frame Size To Use:	  1024
[2018.10.10-14.09.47:301][  0]LogAudioMixer: Display: 	Number of buffers to queue:			  2
[2018.10.10-14.09.47:301][  0]LogAudioMixer: Display: 	Max Channels (voices):				  0
[2018.10.10-14.09.47:301][  0]LogAudioMixer: Display: 	Number of Async Source Workers:		  0
[2018.10.10-14.09.47:301][  0]LogAudioMixer: Display: Initializing audio mixer.
[2018.10.10-14.09.47:309][  0]LogAudioMixerSDL: Display: Initialized SDL using pulseaudio platform API backend.
[2018.10.10-14.09.47:364][  0]LogInit: FAudioDevice initialized.
[2018.10.10-14.09.47:365][  0]LogNetVersion: Set ProjectVersion to 1.0.0.0. Version Checksum will be recalculated on next use.
[2018.10.10-14.09.47:438][  0]LogDerivedDataCache: Saved boot cache 0.07s 84MB ../../../../../!Works/[3D Modeling]/BasilcaSudak/UE4/DerivedDataCache/Boot.ddc.
[2018.10.10-14.09.47:478][  0]LogInit: Texture streaming: Enabled
[2018.10.10-14.09.47:822][  0]LogEngineSessionManager: EngineSessionManager initialized
[2018.10.10-14.09.48:205][  0]LogInit: Transaction tracking system initialized
[2018.10.10-14.09.48:917][  0]BlueprintLog: New page: Editor Load
[2018.10.10-14.09.51:058][  0]LocalizationService: Localization service is disabled
[2018.10.10-14.09.54:630][  0]LogFileCache: Scanning file cache for directory '/media/scad/WD1003FZEX_1TB/!Works/[3D Modeling]/BasilcaSudak/UE4/Content/' took 0.05s
[2018.10.10-14.09.54:630][  0]LogCook: Display: Max memory allowance for cook 16384mb min free memory 0mb
[2018.10.10-14.09.54:630][  0]LogCook: Display: Mobile HDR setting 1
[2018.10.10-14.09.54:630][  0]LogGameplayTags: Display: UGameplayTagsManager::DoneAddingNativeTags. DelegateIsBound: 0
[2018.10.10-14.09.54:630][  0]LogStats: UGameplayTagsManager::ConstructGameplayTagTree: ImportINI prefixes -  0.000 s
[2018.10.10-14.09.54:630][  0]LogStats: UGameplayTagsManager::ConstructGameplayTagTree: Construct from data asset -  0.000 s
[2018.10.10-14.09.54:630][  0]LogStats: UGameplayTagsManager::ConstructGameplayTagTree: ImportINI -  0.000 s
[2018.10.10-14.09.54:630][  0]LogStats: UGameplayTagsManager::ConstructGameplayTagTree: GameplayTagTreeChangedEvent.Broadcast -  0.000 s
[2018.10.10-14.09.57:458][  0]SourceControl: Source control is disabled
[2018.10.10-14.09.57:458][  0]Cmd: MAP LOAD FILE="../../../../../!Works/[3D Modeling]/BasilcaSudak/UE4/Content/ChirschScene.umap" TEMPLATE=0 SHOWPROGRESS=1 FEATURELEVEL=3
[2018.10.10-14.09.57:489][  0]LightingResults: New page: Lighting Build
[2018.10.10-14.09.57:557][  0]MapCheck: New page: Map Check
[2018.10.10-14.09.57:557][  0]LightingResults: New page: Lighting Build
[2018.10.10-14.10.06:037][  0]LogAIModule: Creating AISystem for world ChirschScene
[2018.10.10-14.10.07:713][  0]LogEditorServer: Finished looking for orphan Actors (0.000 secs)
[2018.10.10-14.10.07:741][  0]Cmd: MAP CHECKDEP NOCLEARLOG
[2018.10.10-14.10.07:765][  0]MapCheck: Map check complete: 0 Error(s), 0 Warning(s), took 23.967ms to complete.
[2018.10.10-14.10.07:765][  0]LogFileHelpers: Loading map 'ChirschScene' took 10.306
[2018.10.10-14.10.08:049][  0]LogSlate: Updating window title bar state: overlay mode, drag disabled, window buttons hidden, title bar hidden
[2018.10.10-14.10.08:061][  0]LogSlate: Updating window title bar state: overlay mode, drag disabled, window buttons hidden, title bar hidden
[2018.10.10-14.10.08:070][  0]LogSlate: Updating window title bar state: overlay mode, drag disabled, window buttons hidden, title bar hidden
[2018.10.10-14.10.08:119][  0]LogCollectionManager: Loaded 0 collections in 0.026765 seconds
[2018.10.10-14.10.08:136][  0]LogFileCache: Scanning file cache for directory '/media/scad/WD1003FZEX_1TB/!Works/[3D Modeling]/BasilcaSudak/UE4/Saved/Collections/' took 0.00s
[2018.10.10-14.10.08:136][  0]LogFileCache: Scanning file cache for directory '/media/scad/WD1003FZEX_1TB/!Works/[3D Modeling]/BasilcaSudak/UE4/Content/Developers/scad/Collections/' took 0.00s
[2018.10.10-14.10.08:136][  0]LogFileCache: Scanning file cache for directory '/media/scad/WD1003FZEX_1TB/!Works/[3D Modeling]/BasilcaSudak/UE4/Content/Collections/' took 0.00s
[2018.10.10-14.10.08:136][  0]LogContentBrowser: Native class hierarchy populated in 0.0149 seconds. Added 2545 classes and 566 folders.
[2018.10.10-14.10.08:138][  0]LogCollectionManager: Rebuilt the GUID cache for 0 collections in 0.000001 seconds
[2018.10.10-14.10.08:311][  0]LogContentBrowser: Native class hierarchy updated for 'WidgetCarousel' in 0.0002 seconds. Added 0 classes and 0 folders.
[2018.10.10-14.10.08:879][  0]LogContentBrowser: Native class hierarchy updated for 'AddContentDialog' in 0.0012 seconds. Added 0 classes and 0 folders.
[2018.10.10-14.10.09:037][  0]LogContentBrowser: Native class hierarchy updated for 'SceneOutliner' in 0.0002 seconds. Added 1 classes and 2 folders.
[2018.10.10-14.10.10:201][  0]LogContentBrowser: Native class hierarchy updated for 'HierarchicalLODOutliner' in 0.0002 seconds. Added 0 classes and 0 folders.
[2018.10.10-14.10.10:201][  0]LogLoad: (Engine Initialization) Total time: 67.41 seconds
[2018.10.10-14.10.10:201][  0]LogLoad: (Engine Initialization) Total Blueprint compile time: 0.00 seconds
[2018.10.10-14.10.10:221][  0]LogSlate: Took 0.008796 seconds to synchronously load lazily loaded font '../../../Engine/Content/Slate/Fonts/Roboto-Regular.ttf' (155K)
[2018.10.10-14.10.10:235][  0]LogSlate: Took 0.010652 seconds to synchronously load lazily loaded font '../../../Engine/Content/Slate/Fonts/Roboto-Bold.ttf' (160K)
[2018.10.10-14.10.10:243][  0]LogSlate: Took 0.000465 seconds to synchronously load lazily loaded font '../../../Engine/Content/Editor/Slate/Fonts/FontAwesome.ttf' (139K)
[2018.10.10-14.10.10:514][  0]LogRenderer: Reallocating scene render targets to support 712x544 Format 10 NumSamples 1 (Frame:1).
[2018.10.10-14.10.10:780][  0]LogSlate: Took 0.015123 seconds to synchronously load lazily loaded font '../../../Engine/Content/Slate/Fonts/Roboto-Light.ttf' (167K)
[2018.10.10-14.10.10:847][  0]LogInit: Adding external input plugin.
[2018.10.10-14.10.10:883][  0]LogLinux: Setting swap interval to 'Immediate'
[2018.10.10-14.10.10:949][  0]LogContentStreaming: Texture pool size now 1000 MB
[2018.10.10-14.10.11:020][  1]LogAssetRegistry: Asset discovery search completed in 48.9884 seconds
[2018.10.10-14.10.11:022][  1]LogCollectionManager: Rebuilt the object cache for 0 collections in 0.000001 seconds (found 0 objects)
[2018.10.10-14.10.11:022][  1]LogCollectionManager: Fixed up redirectors for 0 collections in 0.000106 seconds (updated 0 objects)
[2018.10.10-14.10.18:998][371]LogLinux: Setting swap interval to 'Immediate'
[2018.10.10-14.10.19:902][409]LogSlate: FSceneViewport::OnFocusLost() reason 2
[2018.10.10-14.10.19:934][411]LogLinux: Setting swap interval to 'Immediate'
[2018.10.10-14.10.20:775][472]LogSlate: Took 0.000058 seconds to synchronously load lazily loaded font '../../../Engine/Content/Slate/Fonts/Roboto-Light.ttf' (167K)
[2018.10.10-14.10.20:804][472]LogLinux: Setting swap interval to 'Immediate'
[2018.10.10-14.10.22:256][609]LogAssetEditorManager: Opening Asset editor for LevelScriptBlueprint /Game/ChirschScene.ChirschScene:PersistentLevel.ChirschScene
[2018.10.10-14.10.22:266][609]LogLinux: Setting swap interval to 'Immediate'
[2018.10.10-14.10.23:511][609]LogContentBrowser: Native class hierarchy updated for 'BlueprintGraph' in 0.0005 seconds. Added 116 classes and 0 folders.
[2018.10.10-14.10.24:448][609]LogSlate: Took 0.014129 seconds to synchronously load lazily loaded font '../../../Engine/Content/Slate/Fonts/Roboto-BoldCondensed.ttf' (158K)
[2018.10.10-14.10.24:677][610]LogLinux: Setting swap interval to 'Immediate'
[2018.10.10-14.10.24:677][610]LogSlate: Took 0.012805 seconds to synchronously load lazily loaded font '../../../Engine/Content/Slate/Fonts/Roboto-Italic.ttf' (157K)
[2018.10.10-14.11.16:834][297]LogLinux: Setting swap interval to 'Immediate'
[2018.10.10-14.11.19:728][509]LogLinux: Setting swap interval to 'Immediate'
[2018.10.10-14.11.21:907][676]LogLinux: Setting swap interval to 'Immediate'
[2018.10.10-14.11.24:185][877]LogLinux: Setting swap interval to 'Immediate'
[2018.10.10-14.11.38:729][ 41]LogLinux: Setting swap interval to 'Immediate'
[2018.10.10-14.11.38:828][ 44]LogLinux: Setting swap interval to 'Immediate'
[2018.10.10-14.11.46:016][637]LogLinux: Setting swap interval to 'Immediate'
[2018.10.10-14.11.46:963][725]LogLinux: Setting swap interval to 'Immediate'
[2018.10.10-14.11.48:552][877]LogLinux: Setting swap interval to 'Immediate'
[2018.10.10-14.11.50:212][ 34]LogLinux: Setting swap interval to 'Immediate'
[2018.10.10-14.11.55:456][537]LogLinux: Setting swap interval to 'Immediate'
[2018.10.10-14.11.55:769][557]LogLinux: Setting swap interval to 'Immediate'
[2018.10.10-14.11.55:932][568]LogLinux: Setting swap interval to 'Immediate'
[2018.10.10-14.11.56:111][580]LogLinux: Setting swap interval to 'Immediate'
[2018.10.10-14.11.56:488][609]LogLinux: Setting swap interval to 'Immediate'
[2018.10.10-14.12.01:816][ 20]LogLinux: Setting swap interval to 'Immediate'
[2018.10.10-14.12.06:130][173]LogLinux: Setting swap interval to 'Immediate'
[2018.10.10-14.12.08:707][331]LogLinux: Setting swap interval to 'Immediate'
[2018.10.10-14.12.11:735][488]LogLinux: Setting swap interval to 'Immediate'
[2018.10.10-14.12.13:354][627]LogLinux: Setting swap interval to 'Immediate'
[2018.10.10-14.12.28:013][325]LogSlate: Window 'ChirschScene - Level Blueprint Editor' being destroyed
[2018.10.10-14.12.28:030][325]LogSlate: Window 'ChirschScene - Level Blueprint Editor' being destroyed
[2018.10.10-14.12.29:853][384]LogSlate: FSceneViewport::OnFocusLost() reason 0
[2018.10.10-14.12.29:864][386]LogLinux: Setting swap interval to 'Immediate'
[2018.10.10-14.12.31:044][458]LogLinux: Setting swap interval to 'Immediate'
[2018.10.10-14.12.32:736][573]LogLinux: Setting swap interval to 'Immediate'
[2018.10.10-14.12.33:198][611]LogLinux: Setting swap interval to 'Immediate'
[2018.10.10-14.12.36:618][932]LogLinux: Setting swap interval to 'Immediate'
[2018.10.10-14.12.37:056][945]LogLinux: Setting swap interval to 'Immediate'
[2018.10.10-14.12.39:764][ 97]LogSlate: FSceneViewport::OnFocusLost() reason 2
[2018.10.10-14.12.39:775][ 99]LogLinux: Setting swap interval to 'Immediate'
[2018.10.10-14.12.40:778][182]LogLinux: Setting swap interval to 'Immediate'
[2018.10.10-14.12.45:788][752]LogLinux: Setting swap interval to 'Immediate'
[2018.10.10-14.12.47:192][867]LogAssetEditorManager: Opening Asset editor for LevelScriptBlueprint /Game/ChirschScene.ChirschScene:PersistentLevel.ChirschScene
[2018.10.10-14.12.47:204][867]LogLinux: Setting swap interval to 'Immediate'
[2018.10.10-14.12.47:947][869]LogLinux: Setting swap interval to 'Immediate'
[2018.10.10-14.15.39:313][738]LogSlate: FSceneViewport::OnFocusLost() reason 2
[2018.10.10-14.15.41:669][817]LogSlate: Window 'ChirschScene - Level Blueprint Editor' being destroyed
[2018.10.10-14.15.41:683][817]LogSlate: Window 'ChirschScene - Level Blueprint Editor' being destroyed
[2018.10.10-14.15.42:802][867]LogSlate: FSceneViewport::OnFocusLost() reason 0
[2018.10.10-14.28.51:761][366]LogSlate: FSceneViewport::OnFocusLost() reason 2
[2018.10.10-14.28.51:771][368]LogLinux: Setting swap interval to 'Immediate'
[2018.10.10-14.28.52:985][466]LogLinux: Setting swap interval to 'Immediate'
[2018.10.10-14.28.54:780][659]LogAssetEditorManager: Opening Asset editor for LevelScriptBlueprint /Game/ChirschScene.ChirschScene:PersistentLevel.ChirschScene
[2018.10.10-14.28.54:792][659]LogLinux: Setting swap interval to 'Immediate'
[2018.10.10-14.28.55:486][661]LogLinux: Setting swap interval to 'Immediate'
[2018.10.10-14.28.58:389][787]LogSlate: Window 'ChirschScene - Level Blueprint Editor' being destroyed
[2018.10.10-14.29.02:824][163]LogLinux: Setting swap interval to 'Immediate'
[2018.10.10-14.29.17:515][760]LogLinux: Setting swap interval to 'Immediate'
[2018.10.10-14.29.30:828][645]LogLinux: Setting swap interval to 'Immediate'
[2018.10.10-15.00.53:030][861]LogLinux: Setting swap interval to 'Immediate'
[2018.10.10-15.00.53:489][861]LogAIModule: Creating AISystem for world TitleScreen
[2018.10.10-15.00.53:497][861]LogAssetEditorManager: Opening Asset editor for World /Game/TitleScreen.TitleScreen
[2018.10.10-15.00.53:524][861]Cmd: MAP LOAD FILE="../../../../../!Works/[3D Modeling]/BasilcaSudak/UE4/Content/TitleScreen.umap" TEMPLATE=0 SHOWPROGRESS=1 FEATURELEVEL=3
[2018.10.10-15.00.53:524][861]LightingResults: New page: Lighting Build
[2018.10.10-15.00.53:525][861]LoadErrors: New page: Loading map: TitleScreen.umap
[2018.10.10-15.00.53:605][861]MapCheck: New page: Map Check
[2018.10.10-15.00.53:606][861]LightingResults: New page: Lighting Build
[2018.10.10-15.00.53:754][861]LogEditorServer: Finished looking for orphan Actors (0.000 secs)
[2018.10.10-15.00.53:884][861]Cmd: MAP CHECKDEP NOCLEARLOG
[2018.10.10-15.00.57:038][861]MapCheck: Map check complete: 0 Error(s), 0 Warning(s), took 3,153.856ms to complete.
[2018.10.10-15.00.57:042][861]LogFileHelpers: Loading map 'TitleScreen' took 3.518
[2018.10.10-15.00.59:962][ 88]LogLinux: Setting swap interval to 'Immediate'
[2018.10.10-15.01.00:832][137]LogLinux: Setting swap interval to 'Immediate'
[2018.10.10-15.01.01:265][165]LogAssetEditorManager: Opening Asset editor for LevelScriptBlueprint /Game/TitleScreen.TitleScreen:PersistentLevel.TitleScreen
[2018.10.10-15.01.01:306][165]LogLinux: Setting swap interval to 'Immediate'
[2018.10.10-15.01.02:143][167]LogLinux: Setting swap interval to 'Immediate'
[2018.10.10-15.01.12:517][249]LogSlate: Window 'TitleScreen - Level Blueprint Editor' being destroyed
[2018.10.10-15.01.12:535][249]LogSlate: Window 'TitleScreen - Level Blueprint Editor' being destroyed
[2018.10.10-15.02.48:917][ 32]LogLinux: Setting swap interval to 'Immediate'
[2018.10.10-15.02.50:050][125]LogAssetEditorManager: Opening Asset editor for LevelScriptBlueprint /Game/TitleScreen.TitleScreen:PersistentLevel.TitleScreen
[2018.10.10-15.02.50:055][125]LogLinux: Setting swap interval to 'Immediate'
[2018.10.10-15.02.50:808][127]LogLinux: Setting swap interval to 'Immediate'
[2018.10.10-15.02.53:311][360]LogSlate: Window 'TitleScreen - Level Blueprint Editor' being destroyed
[2018.10.10-15.02.57:786][825]LogLinux: Setting swap interval to 'Immediate'
[2018.10.10-15.40.12:950][256]LogSlate: Window 'BasilicaSudak_UE4 - Unreal Editor' being destroyed
[2018.10.10-15.40.13:307][257]Cmd: QUIT_EDITOR
[2018.10.10-15.40.13:375][257]LogSlate: Slate User Destroyed.  User Index 0, Is Virtual User: 0
[2018.10.10-15.40.13:375][257]LogExit: Preparing to exit.
[2018.10.10-15.40.14:340][257]LogExit: Editor shut down
[2018.10.10-15.40.14:340][257]LogExit: Transaction tracking system shut down
[2018.10.10-15.40.14:678][257]LogExit: Object subsystem successfully closed.
[2018.10.10-15.40.14:686][257]LogShaderCompilers: Display: Shaders left to compile 0
[2018.10.10-15.40.14:725][257]LogModuleManager: Shutting down and abandoning module BlueprintGraph (534)
[2018.10.10-15.40.14:725][257]LogModuleManager: Shutting down and abandoning module HierarchicalLODOutliner (532)
[2018.10.10-15.40.14:725][257]LogModuleManager: Shutting down and abandoning module ExternalImagePicker (530)
[2018.10.10-15.40.14:725][257]LogModuleManager: Shutting down and abandoning module SceneOutliner (528)
[2018.10.10-15.40.14:725][257]LogModuleManager: Shutting down and abandoning module AddContentDialog (526)
[2018.10.10-15.40.14:725][257]LogModuleManager: Shutting down and abandoning module WidgetCarousel (525)
[2018.10.10-15.40.14:725][257]LogModuleManager: Shutting down and abandoning module EditorWidgets (522)
[2018.10.10-15.40.14:725][257]LogModuleManager: Shutting down and abandoning module CollectionManager (520)
[2018.10.10-15.40.14:725][257]LogModuleManager: Shutting down and abandoning module StatsViewer (518)
[2018.10.10-15.40.14:725][257]LogModuleManager: Shutting down and abandoning module FoliageEdit (516)
[2018.10.10-15.40.14:725][257]LogModuleManager: Shutting down and abandoning module LandscapeEditor (514)
[2018.10.10-15.40.14:725][257]LogModuleManager: Shutting down and abandoning module MeshPaintMode (512)
[2018.10.10-15.40.14:725][257]LogModuleManager: Shutting down and abandoning module SceneDepthPickerMode (510)
[2018.10.10-15.40.14:725][257]LogModuleManager: Shutting down and abandoning module ActorPickerMode (508)
[2018.10.10-15.40.14:725][257]LogModuleManager: Shutting down and abandoning module GeometryMode (506)
[2018.10.10-15.40.14:725][257]LogModuleManager: Shutting down and abandoning module TextureAlignMode (504)
[2018.10.10-15.40.14:725][257]LogModuleManager: Shutting down and abandoning module BspMode (502)
[2018.10.10-15.40.14:725][257]LogModuleManager: Shutting down and abandoning module PIEPreviewDeviceProfileSelector (500)
[2018.10.10-15.40.14:725][257]LogModuleManager: Shutting down and abandoning module SequenceRecorderSections (498)
[2018.10.10-15.40.14:725][257]LogModuleManager: Shutting down and abandoning module SequenceRecorder (496)
[2018.10.10-15.40.14:726][257]LogModuleManager: Shutting down and abandoning module AutomationWorker (494)
[2018.10.10-15.40.14:726][257]LogModuleManager: Shutting down and abandoning module MagicLeapMediaEditor (492)
[2018.10.10-15.40.14:726][257]LogModuleManager: Shutting down and abandoning module MatineeToLevelSequence (490)
[2018.10.10-15.40.14:726][257]LogModuleManager: Shutting down and abandoning module LevelSequenceEditor (488)
[2018.10.10-15.40.14:726][257]LogModuleManager: Shutting down and abandoning module PlacementMode (487)
[2018.10.10-15.40.14:726][257]LogModuleManager: Shutting down and abandoning module MaterialEditor (486)
[2018.10.10-15.40.14:726][257]LogModuleManager: Shutting down and abandoning module SmartSnapping (482)
[2018.10.10-15.40.14:726][257]LogModuleManager: Shutting down and abandoning module CharacterAI (480)
[2018.10.10-15.40.14:726][257]LogModuleManager: Shutting down and abandoning module ImgMediaFactory (478)
[2018.10.10-15.40.14:726][257]LogModuleManager: Shutting down and abandoning module ImgMediaEditor (476)
[2018.10.10-15.40.14:726][257]LogModuleManager: Shutting down and abandoning module AndroidMediaFactory (474)
[2018.10.10-15.40.14:726][257]LogModuleManager: Shutting down and abandoning module AndroidMediaEditor (472)
[2018.10.10-15.40.14:726][257]LogModuleManager: Shutting down and abandoning module AvfMediaFactory (470)
[2018.10.10-15.40.14:726][257]LogModuleManager: Shutting down and abandoning module AvfMediaEditor (468)
[2018.10.10-15.40.14:726][257]LogModuleManager: Shutting down and abandoning module WmfMediaFactory (466)
[2018.10.10-15.40.14:726][257]LogModuleManager: Shutting down and abandoning module WmfMediaEditor (464)
[2018.10.10-15.40.14:726][257]LogModuleManager: Shutting down and abandoning module MediaPlayerEditor (462)
[2018.10.10-15.40.14:726][257]LogModuleManager: Shutting down and abandoning module SessionServices (460)
[2018.10.10-15.40.14:726][257]LogModuleManager: Shutting down and abandoning module ViewportSnapping (458)
[2018.10.10-15.40.14:726][257]LogModuleManager: Shutting down and abandoning module ViewportInteraction (456)
[2018.10.10-15.40.14:726][257]LogModuleManager: Shutting down and abandoning module ClothPainter (454)
[2018.10.10-15.40.14:726][257]LogModuleManager: Shutting down and abandoning module SkeletalMeshEditor (453)
[2018.10.10-15.40.14:726][257]LogModuleManager: Shutting down and abandoning module LogVisualizer (450)
[2018.10.10-15.40.14:726][257]LogModuleManager: Shutting down and abandoning module IntroTutorials (448)
[2018.10.10-15.40.14:726][257]LogModuleManager: Shutting down and abandoning module GameProjectGeneration (447)
[2018.10.10-15.40.14:726][257]LogModuleManager: Shutting down and abandoning module AndroidPlatformEditor (444)
[2018.10.10-15.40.14:726][257]LogModuleManager: Shutting down and abandoning module AndroidDeviceDetection (443)
[2018.10.10-15.40.15:613][257]LogModuleManager: Shutting down and abandoning module HTML5PlatformEditor (440)
[2018.10.10-15.40.15:613][257]LogModuleManager: Shutting down and abandoning module LinuxPlatformEditor (438)
[2018.10.10-15.40.15:613][257]LogModuleManager: Shutting down and abandoning module AndroidRuntimeSettings (436)
[2018.10.10-15.40.15:613][257]LogModuleManager: Shutting down and abandoning module InputBindingEditor (434)
[2018.10.10-15.40.15:613][257]LogModuleManager: Shutting down and abandoning module MergeActors (432)
[2018.10.10-15.40.15:613][257]LogModuleManager: Shutting down and abandoning module LocalizationDashboard (430)
[2018.10.10-15.40.15:613][257]LogModuleManager: Shutting down and abandoning module LocalizationService (429)
[2018.10.10-15.40.15:613][257]LogModuleManager: Shutting down and abandoning module HardwareTargeting (426)
[2018.10.10-15.40.15:613][257]LogModuleManager: Shutting down and abandoning module DeviceProfileEditor (424)
[2018.10.10-15.40.15:613][257]LogModuleManager: Shutting down and abandoning module UndoHistory (422)
[2018.10.10-15.40.15:613][257]LogModuleManager: Shutting down and abandoning module XmlParser (420)
[2018.10.10-15.40.15:613][257]LogModuleManager: Shutting down and abandoning module Blutility (418)
[2018.10.10-15.40.15:613][257]LogModuleManager: Shutting down and abandoning module ProjectSettingsViewer (416)
[2018.10.10-15.40.15:614][257]LogModuleManager: Shutting down and abandoning module ProjectTargetPlatformEditor (415)
[2018.10.10-15.40.15:614][257]LogModuleManager: Shutting down and abandoning module EditorSettingsViewer (412)
[2018.10.10-15.40.15:614][257]LogModuleManager: Shutting down and abandoning module SettingsEditor (410)
[2018.10.10-15.40.15:614][257]LogModuleManager: Shutting down and abandoning module ProjectLauncher (408)
[2018.10.10-15.40.15:615][257]LogModuleManager: Shutting down and abandoning module SessionFrontend (406)
[2018.10.10-15.40.15:615][257]LogModuleManager: Shutting down and abandoning module ProfilerClient (404)
[2018.10.10-15.40.15:615][257]LogModuleManager: Shutting down and abandoning module DeviceManager (402)
[2018.10.10-15.40.15:615][257]LogModuleManager: Shutting down and abandoning module TargetDeviceServices (401)
[2018.10.10-15.40.15:646][257]LogModuleManager: Shutting down and abandoning module AutomationController (398)
[2018.10.10-15.40.15:646][257]LogModuleManager: Shutting down and abandoning module AutomationWindow (396)
[2018.10.10-15.40.15:646][257]LogModuleManager: Shutting down and abandoning module Layers (394)
[2018.10.10-15.40.15:646][257]LogModuleManager: Shutting down and abandoning module ComponentVisualizers (392)
[2018.10.10-15.40.15:646][257]LogModuleManager: Shutting down and abandoning module DetailCustomizations (390)
[2018.10.10-15.40.15:647][257]LogModuleManager: Shutting down and abandoning module PackagesDialog (388)
[2018.10.10-15.40.15:647][257]LogModuleManager: Shutting down and abandoning module Persona (386)
[2018.10.10-15.40.15:647][257]LogModuleManager: Shutting down and abandoning module AdvancedPreviewScene (385)
[2018.10.10-15.40.15:647][257]LogModuleManager: Shutting down and abandoning module AnimGraph (383)
[2018.10.10-15.40.15:647][257]LogModuleManager: Shutting down and abandoning module Kismet (380)
[2018.10.10-15.40.15:657][257]LogModuleManager: Shutting down and abandoning module GraphEditor (378)
[2018.10.10-15.40.15:657][257]LogModuleManager: Shutting down and abandoning module ClassViewer (376)
[2018.10.10-15.40.15:657][257]LogModuleManager: Shutting down and abandoning module Toolbox (374)
[2018.10.10-15.40.15:657][257]LogModuleManager: Shutting down and abandoning module DesktopPlatform (373)
[2018.10.10-15.40.15:657][257]LogModuleManager: Shutting down and abandoning module ModuleUI (370)
[2018.10.10-15.40.15:657][257]LogModuleManager: Shutting down and abandoning module MovieSceneTools (368)
[2018.10.10-15.40.15:658][257]LogModuleManager: Shutting down and abandoning module OutputLog (366)
[2018.10.10-15.40.15:658][257]LogModuleManager: Shutting down and abandoning module GammaUI (364)
[2018.10.10-15.40.15:658][257]LogModuleManager: Shutting down and abandoning module Documentation (362)
[2018.10.10-15.40.15:658][257]LogModuleManager: Shutting down and abandoning module MovieSceneTracks (360)
[2018.10.10-15.40.15:658][257]LogModuleManager: Shutting down and abandoning module MovieScene (358)
[2018.10.10-15.40.15:658][257]LogModuleManager: Shutting down and abandoning module StreamingPauseRendering (356)
[2018.10.10-15.40.15:658][257]LogModuleManager: Shutting down and abandoning module LauncherPlatform (354)
[2018.10.10-15.40.15:658][257]LogModuleManager: Shutting down and abandoning module AnalyticsET (352)
[2018.10.10-15.40.15:658][257]LogModuleManager: Shutting down and abandoning module PortalServices (350)
[2018.10.10-15.40.15:658][257]LogModuleManager: Shutting down and abandoning module PortalRpc (348)
[2018.10.10-15.40.15:658][257]LogModuleManager: Shutting down and abandoning module MessagingRpc (346)
[2018.10.10-15.40.15:658][257]LogModuleManager: Shutting down and abandoning module AIModule (344)
[2018.10.10-15.40.15:658][257]LogModuleManager: Shutting down and abandoning module GameplayDebugger (343)
[2018.10.10-15.40.15:659][257]LogModuleManager: Shutting down and abandoning module AITestSuite (341)
[2018.10.10-15.40.15:659][257]LogModuleManager: Shutting down and abandoning module NavigationSystem (339)
[2018.10.10-15.40.15:659][257]LogModuleManager: Shutting down and abandoning module ProfilerService (336)
[2018.10.10-15.40.15:816][257]LogModuleManager: Shutting down and abandoning module TaskGraph (334)
[2018.10.10-15.40.15:816][257]LogModuleManager: Shutting down and abandoning module KDevelopSourceCodeAccess (332)
[2018.10.10-15.40.15:816][257]LogModuleManager: Shutting down and abandoning module CodeLiteSourceCodeAccess (330)
[2018.10.10-15.40.15:816][257]LogModuleManager: Shutting down and abandoning module SubversionSourceControl (328)
[2018.10.10-15.40.15:816][257]LogModuleManager: Shutting down and abandoning module UObjectPlugin (326)
[2018.10.10-15.40.15:817][257]LogModuleManager: Shutting down and abandoning module VisualStudioCodeSourceCodeAccess (324)
[2018.10.10-15.40.15:817][257]LogModuleManager: Shutting down and abandoning module CLionSourceCodeAccess (322)
[2018.10.10-15.40.15:817][257]LogModuleManager: Shutting down and abandoning module PerforceSourceControl (320)
[2018.10.10-15.40.15:817][257]LogModuleManager: Shutting down and abandoning module GitSourceControl (318)
[2018.10.10-15.40.15:817][257]LogModuleManager: Shutting down and abandoning module SourceControl (317)
[2018.10.10-15.40.15:817][257]LogModuleManager: Shutting down and abandoning module LightPropagationVolumeEditor (314)
[2018.10.10-15.40.15:817][257]LogModuleManager: Shutting down and abandoning module AndroidPermission (312)
[2018.10.10-15.40.15:817][257]LogModuleManager: Shutting down and abandoning module ArchVisCharacter (310)
[2018.10.10-15.40.15:817][257]LogModuleManager: Shutting down and abandoning module CustomMeshComponent (308)
[2018.10.10-15.40.15:817][257]LogModuleManager: Shutting down and abandoning module MobilePatchingUtils (306)
[2018.10.10-15.40.15:817][257]LogModuleManager: Shutting down and abandoning module SteamVRController (304)
[2018.10.10-15.40.15:817][257]LogModuleManager: Shutting down and abandoning module ProceduralMeshComponentEditor (302)
[2018.10.10-15.40.15:817][257]LogModuleManager: Shutting down and abandoning module ProceduralMeshComponent (300)
[2018.10.10-15.40.15:817][257]LogModuleManager: Shutting down and abandoning module CableComponent (298)
[2018.10.10-15.40.15:818][257]LogModuleManager: Shutting down and abandoning module EditableMesh (296)
[2018.10.10-15.40.15:818][257]LogModuleManager: Shutting down and abandoning module SpeedTreeImporter (294)
[2018.10.10-15.40.15:818][257]LogModuleManager: Shutting down and abandoning module PolygonModeling (292)
[2018.10.10-15.40.15:818][257]LogModuleManager: Shutting down and abandoning module MeshEditor (290)
[2018.10.10-15.40.15:818][257]LogModuleManager: Shutting down and abandoning module CryptoKeysOpenSSL (288)
[2018.10.10-15.40.15:818][257]LogModuleManager: Shutting down and abandoning module CryptoKeys (286)
[2018.10.10-15.40.15:818][257]LogModuleManager: Shutting down and abandoning module MobileLauncherProfileWizard (284)
[2018.10.10-15.40.15:818][257]LogModuleManager: Shutting down and abandoning module PluginBrowser (282)
[2018.10.10-15.40.15:818][257]LogModuleManager: Shutting down and abandoning module NetcodeUnitTest (280)
[2018.10.10-15.40.15:818][257]LogModuleManager: Shutting down and abandoning module NUTUnrealEngine4 (278)
[2018.10.10-15.40.15:818][257]LogModuleManager: Shutting down and abandoning module PaperTiledImporter (276)
[2018.10.10-15.40.15:818][257]LogModuleManager: Shutting down and abandoning module PaperSpriteSheetImporter (274)
[2018.10.10-15.40.15:819][257]LogModuleManager: Shutting down and abandoning module Paper2DEditor (272)
[2018.10.10-15.40.15:819][257]LogModuleManager: Shutting down and abandoning module MeshPaint (271)
[2018.10.10-15.40.15:819][257]LogModuleManager: Shutting down and abandoning module DatasmithContentEditor (268)
[2018.10.10-15.40.15:819][257]LogModuleManager: Shutting down and abandoning module DatasmithContent (266)
[2018.10.10-15.40.15:828][257]LogModuleManager: Shutting down and abandoning module AppleImageUtilsBlueprintSupport (264)
[2018.10.10-15.40.15:828][257]LogModuleManager: Shutting down and abandoning module AppleImageUtils (262)
[2018.10.10-15.40.15:828][257]LogModuleManager: Shutting down and abandoning module BackChannel (260)
[2018.10.10-15.40.15:828][257]LogModuleManager: Shutting down and abandoning module GeometryCacheTracks (258)
[2018.10.10-15.40.15:828][257]LogModuleManager: Shutting down and abandoning module GeometryCacheSequencer (257)
[2018.10.10-15.40.15:828][257]LogModuleManager: Shutting down and abandoning module AlembicImporter (254)
[2018.10.10-15.40.15:828][257]LogModuleManager: Shutting down and abandoning module AlembicLibrary (253)
[2018.10.10-15.40.15:828][257]LogModuleManager: Shutting down and abandoning module GeometryCache (252)
[2018.10.10-15.40.15:828][257]LogModuleManager: Shutting down and abandoning module GeometryCacheEd (251)
[2018.10.10-15.40.15:828][257]LogModuleManager: Shutting down and abandoning module AppleVisionBlueprintSupport (246)
[2018.10.10-15.40.15:828][257]LogModuleManager: Shutting down and abandoning module AppleVision (244)
[2018.10.10-15.40.15:828][257]LogModuleManager: Shutting down and abandoning module ImgMedia (242)
[2018.10.10-15.40.15:830][257]LogModuleManager: Shutting down and abandoning module Media (241)
[2018.10.10-15.40.15:835][257]LogModuleManager: Shutting down and abandoning module MediaCompositingEditor (238)
[2018.10.10-15.40.15:836][257]LogModuleManager: Shutting down and abandoning module MediaCompositing (236)
[2018.10.10-15.40.15:836][257]LogModuleManager: Shutting down and abandoning module LinearTimecode (234)
[2018.10.10-15.40.15:836][257]LogModuleManager: Shutting down and abandoning module NullSourceCodeAccess (232)
[2018.10.10-15.40.15:836][257]LogModuleManager: Shutting down and abandoning module LightPropagationVolumeRuntime (230)
[2018.10.10-15.40.15:836][257]LogModuleManager: Shutting down and abandoning module PhysXVehiclesEditor (228)
[2018.10.10-15.40.15:836][257]LogModuleManager: Shutting down and abandoning module PhysXVehicles (226)
[2018.10.10-15.40.15:836][257]LogModuleManager: Shutting down and abandoning module LocationServicesBPLibrary (224)
[2018.10.10-15.40.15:836][257]LogModuleManager: Shutting down and abandoning module ImmediatePhysicsEditor (222)
[2018.10.10-15.40.15:836][257]LogModuleManager: Shutting down and abandoning module ImmediatePhysics (220)
[2018.10.10-15.40.15:836][257]LogModuleManager: Shutting down and abandoning module RuntimePhysXCooking (218)
[2018.10.10-15.40.15:836][257]LogModuleManager: Shutting down and abandoning module UdpMessaging (216)
[2018.10.10-15.40.15:936][257]LogModuleManager: Shutting down and abandoning module TcpMessaging (214)
[2018.10.10-15.40.16:037][257]LogModuleManager: Shutting down and abandoning module AISupportModule (212)
[2018.10.10-15.40.16:037][257]LogModuleManager: Shutting down and abandoning module DataValidation (210)
[2018.10.10-15.40.16:037][257]LogModuleManager: Shutting down and abandoning module GameplayTagsEditor (208)
[2018.10.10-15.40.16:037][257]LogModuleManager: Shutting down and abandoning module FacialAnimationEditor (206)
[2018.10.10-15.40.16:038][257]LogModuleManager: Shutting down and abandoning module FacialAnimation (204)
[2018.10.10-15.40.16:038][257]LogModuleManager: Shutting down and abandoning module AssetManagerEditor (202)
[2018.10.10-15.40.16:038][257]LogModuleManager: Shutting down and abandoning module LevelEditor (201)
[2018.10.10-15.40.16:040][257]LogModuleManager: Shutting down and abandoning module PixelInspectorModule (200)
[2018.10.10-15.40.16:041][257]LogModuleManager: Shutting down and abandoning module CommonMenuExtensions (198)
[2018.10.10-15.40.16:041][257]LogModuleManager: Shutting down and abandoning module MainFrame (196)
[2018.10.10-15.40.16:041][257]LogModuleManager: Shutting down and abandoning module HotReload (195)
[2018.10.10-15.40.16:042][257]LogModuleManager: Shutting down and abandoning module ContentBrowser (191)
[2018.10.10-15.40.16:044][257]LogModuleManager: Shutting down and abandoning module TreeMap (189)
[2018.10.10-15.40.16:044][257]LogModuleManager: Shutting down and abandoning module ActorSequence (186)
[2018.10.10-15.40.16:044][257]LogModuleManager: Shutting down and abandoning module Paper2D (184)
[2018.10.10-15.40.16:044][257]LogModuleManager: Shutting down and abandoning module PacketHandler (182)
[2018.10.10-15.40.16:044][257]LogModuleManager: Shutting down and abandoning module ClothingSystemEditor (180)
[2018.10.10-15.40.16:044][257]LogModuleManager: Shutting down and abandoning module ClothingSystemRuntime (178)
[2018.10.10-15.40.16:045][257]LogModuleManager: Shutting down and abandoning module MediaAssets (176)
[2018.10.10-15.40.16:045][257]LogModuleManager: Shutting down and abandoning module Overlay (174)
[2018.10.10-15.40.16:045][257]LogModuleManager: Shutting down and abandoning module OverlayEditor (173)
[2018.10.10-15.40.16:045][257]LogModuleManager: Shutting down and abandoning module VREditor (170)
[2018.10.10-15.40.16:045][257]LogModuleManager: Shutting down and abandoning module StringTableEditor (168)
[2018.10.10-15.40.16:045][257]LogModuleManager: Shutting down and abandoning module GameplayTasksEditor (166)
[2018.10.10-15.40.16:045][257]LogModuleManager: Shutting down and abandoning module BehaviorTreeEditor (164)
[2018.10.10-15.40.16:045][257]LogModuleManager: Shutting down and abandoning module FunctionalTesting (162)
[2018.10.10-15.40.16:045][257]LogModuleManager: Shutting down and abandoning module CollisionAnalyzer (160)
[2018.10.10-15.40.16:045][257]LogModuleManager: Shutting down and abandoning module WorkspaceMenuStructure (159)
[2018.10.10-15.40.16:045][257]LogModuleManager: Shutting down and abandoning module UMG (156)
[2018.10.10-15.40.16:045][257]LogModuleManager: Shutting down and abandoning module UMGEditor (155)
[2018.10.10-15.40.16:046][257]LogModuleManager: Shutting down and abandoning module Sequencer (154)
[2018.10.10-15.40.16:046][257]LogModuleManager: Shutting down and abandoning module MessageLog (151)
[2018.10.10-15.40.16:046][257]LogModuleManager: Shutting down and abandoning module SlateReflector (146)
[2018.10.10-15.40.16:046][257]LogModuleManager: Shutting down and abandoning module Slate (144)
[2018.10.10-15.40.16:046][257]LogModuleManager: Shutting down and abandoning module EditorStyle (142)
[2018.10.10-15.40.16:051][257]LogModuleManager: Shutting down and abandoning module MRMesh (140)
[2018.10.10-15.40.16:051][257]LogModuleManager: Shutting down and abandoning module Messaging (138)
[2018.10.10-15.40.16:051][257]LogModuleManager: Shutting down and abandoning module SourceCodeAccess (136)
[2018.10.10-15.40.16:051][257]LogModuleManager: Shutting down and abandoning module HeadMountedDisplay (134)
[2018.10.10-15.40.16:051][257]LogModuleManager: Shutting down and abandoning module AudioMixerSDL (132)
[2018.10.10-15.40.16:051][257]LogModuleManager: Shutting down and abandoning module Networking (130)
[2018.10.10-15.40.16:051][257]LogModuleManager: Shutting down and abandoning module Core (128)
[2018.10.10-15.40.16:051][257]LogModuleManager: Shutting down and abandoning module LevelSequence (126)
[2018.10.10-15.40.16:051][257]LogModuleManager: Shutting down and abandoning module KismetCompiler (124)
[2018.10.10-15.40.16:051][257]LogModuleManager: Shutting down and abandoning module MeshUtilities (122)
[2018.10.10-15.40.16:051][257]LogModuleManager: Shutting down and abandoning module MeshMergeUtilities (121)
[2018.10.10-15.40.16:051][257]LogModuleManager: Shutting down and abandoning module MeshReductionInterface (120)
[2018.10.10-15.40.16:051][257]LogModuleManager: Shutting down and abandoning module QuadricMeshReduction (119)
[2018.10.10-15.40.16:051][257]LogModuleManager: Shutting down and abandoning module MaterialBaking (115)
[2018.10.10-15.40.16:052][257]LogModuleManager: Shutting down and abandoning module DirectoryWatcher (111)
[2018.10.10-15.40.16:202][257]LogModuleManager: Shutting down and abandoning module DerivedDataCache (108)
[2018.10.10-15.40.16:297][257]LogDerivedDataCache: Shutdown
[2018.10.10-15.40.16:297][257]LogModuleManager: Shutting down and abandoning module TargetPlatform (106)
[2018.10.10-15.40.16:297][257]LogModuleManager: Shutting down and abandoning module VulkanShaderFormat (105)
[2018.10.10-15.40.16:297][257]LogModuleManager: Shutting down and abandoning module ShaderFormatVectorVM (103)
[2018.10.10-15.40.16:297][257]LogModuleManager: Shutting down and abandoning module ShaderFormatOpenGL (101)
[2018.10.10-15.40.16:297][257]LogModuleManager: Shutting down and abandoning module TextureFormatUncompressed (99)
[2018.10.10-15.40.16:297][257]LogModuleManager: Shutting down and abandoning module TextureFormatPVR (97)
[2018.10.10-15.40.16:297][257]LogModuleManager: Shutting down and abandoning module TextureFormatDXT (95)
[2018.10.10-15.40.16:297][257]LogModuleManager: Shutting down and abandoning module TextureFormatIntelISPCTexComp (93)
[2018.10.10-15.40.16:297][257]LogModuleManager: Shutting down and abandoning module TextureFormatASTC (91)
[2018.10.10-15.40.16:297][257]LogModuleManager: Shutting down and abandoning module ImageWrapper (90)
[2018.10.10-15.40.16:297][257]LogModuleManager: Shutting down and abandoning module TextureFormatAndroid (87)
[2018.10.10-15.40.16:298][257]LogModuleManager: Shutting down and abandoning module AudioFormatOpus (85)
[2018.10.10-15.40.16:298][257]LogModuleManager: Shutting down and abandoning module AudioFormatOgg (83)
[2018.10.10-15.40.16:298][257]LogModuleManager: Shutting down and abandoning module AudioFormatADPCM (81)
[2018.10.10-15.40.16:298][257]LogModuleManager: Shutting down and abandoning module AndroidTargetPlatform (79)
[2018.10.10-15.40.16:322][257]LogModuleManager: Shutting down and abandoning module HTML5TargetPlatform (77)
[2018.10.10-15.40.16:322][257]LogModuleManager: Shutting down and abandoning module LinuxTargetPlatform (75)
[2018.10.10-15.40.16:322][257]LogModuleManager: Shutting down and abandoning module LinuxServerTargetPlatform (73)
[2018.10.10-15.40.16:322][257]LogModuleManager: Shutting down and abandoning module LinuxNoEditorTargetPlatform (71)
[2018.10.10-15.40.16:322][257]LogModuleManager: Shutting down and abandoning module LinuxClientTargetPlatform (69)
[2018.10.10-15.40.16:322][257]LogModuleManager: Shutting down and abandoning module AllDesktopTargetPlatform (67)
[2018.10.10-15.40.16:322][257]LogModuleManager: Shutting down and abandoning module InputCore (64)
[2018.10.10-15.40.16:322][257]LogModuleManager: Shutting down and abandoning module Settings (62)
[2018.10.10-15.40.16:323][257]LogModuleManager: Shutting down and abandoning module PhysXCooking (60)
[2018.10.10-15.40.16:323][257]LogModuleManager: Shutting down and abandoning module LauncherChunkInstaller (58)
[2018.10.10-15.40.16:323][257]LogModuleManager: Shutting down and abandoning module LinuxDeviceProfileSelector (56)
[2018.10.10-15.40.16:323][257]LogModuleManager: Shutting down and abandoning module SteamVR (54)
[2018.10.10-15.40.16:323][257]LogModuleManager: Shutting down and abandoning module ExampleDeviceProfileSelector (52)
[2018.10.10-15.40.16:323][257]LogModuleManager: Shutting down and abandoning module OnlineSubsystem (50)
[2018.10.10-15.40.16:324][257]LogModuleManager: Shutting down and abandoning module XMPP (45)
[2018.10.10-15.40.16:324][257]LogModuleManager: Shutting down and abandoning module HTTP (43)
[2018.10.10-15.40.16:324][257]LogHttp: Display: Http module shutting down, but needs to wait on 1 outstanding Http requests:
[2018.10.10-15.40.16:324][257]LogHttp: Display: 	verb=[POST] url=[https://datarouter.ol.epicgames.com/datarouter/api/v1/public/data?SessionID=%7B05C0C971-08D6-2ED3-2ED4-696C4CDDBEAC%7D&AppID=UEEditor.UnrealEngine.Release&AppVersion=4.20.3-0%2B%2B%2BUE4%2BRelease-4.20&UserID=00028e8e0a051106002a01d88ee34d09%7C%7C60e8050cd292461cb3b03c0a166c923d&AppEnvironment=datacollector-source&UploadType=eteventstream] status=Processing
[2018.10.10-15.40.16:351][257]LogModuleManager: Shutting down and abandoning module SSL (42)
[2018.10.10-15.40.16:354][257]LogModuleManager: Shutting down and abandoning module OnlineBlueprintSupport (38)
[2018.10.10-15.40.16:354][257]LogModuleManager: Shutting down and abandoning module AnimationModifiers (34)
[2018.10.10-15.40.16:354][257]LogModuleManager: Shutting down and abandoning module PropertyEditor (33)
[2018.10.10-15.40.16:354][257]LogModuleManager: Shutting down and abandoning module AudioEditor (30)
[2018.10.10-15.40.16:354][257]LogModuleManager: Shutting down and abandoning module TextureCompressor (28)
[2018.10.10-15.40.16:354][257]LogModuleManager: Shutting down and abandoning module ShaderCore (26)
[2018.10.10-15.40.16:354][257]LogModuleManager: Shutting down and abandoning module Landscape (24)
[2018.10.10-15.40.16:354][257]LogModuleManager: Shutting down and abandoning module SlateRHIRenderer (22)
[2018.10.10-15.40.16:357][257]LogModuleManager: Shutting down and abandoning module OpenGLDrv (20)
[2018.10.10-15.40.16:357][257]LogModuleManager: Shutting down and abandoning module AnimGraphRuntime (18)
[2018.10.10-15.40.16:357][257]LogModuleManager: Shutting down and abandoning module Renderer (16)
[2018.10.10-15.40.16:357][257]LogModuleManager: Shutting down and abandoning module Engine (14)
[2018.10.10-15.40.16:357][257]LogModuleManager: Shutting down and abandoning module CoreUObject (12)
[2018.10.10-15.40.16:357][257]LogModuleManager: Shutting down and abandoning module NetworkFile (10)
[2018.10.10-15.40.16:357][257]LogModuleManager: Shutting down and abandoning module CookedIterativeFile (8)
[2018.10.10-15.40.16:357][257]LogModuleManager: Shutting down and abandoning module StreamingFile (6)
[2018.10.10-15.40.16:357][257]LogModuleManager: Shutting down and abandoning module SandboxFile (4)
[2018.10.10-15.40.16:357][257]LogModuleManager: Shutting down and abandoning module PakFile (2)
[2018.10.10-15.40.16:358][257]LogExit: Exiting.
[2018.10.10-15.40.16:358][257]LogInit: Tearing down SDL.
[2018.10.10-15.40.16:372][257]Log file closed, 10/10/18 18:40:16
