Log file open, 10/06/18 12:48:33
LogInit: Display: Running engine for game: BasilicaSudak_UE4
LogPlatformFile: Not using cached read wrapper
LogTaskGraph: Started task graph with 5 named threads and 8 total threads with 3 sets of task threads.
LogStats: Stats thread started at 0.093698
LogICUInternationalization: Display: ICU TimeZone Detection - Raw Offset: +4:00, Platform Override: ''
LogPluginManager: Mounting plugin OnlineSubsystemUtils
LogPluginManager: Mounting plugin OnlineSubsystemNull
LogPluginManager: Mounting plugin OnlineSubsystemGooglePlay
LogPluginManager: Mounting plugin OnlineSubsystem
LogPluginManager: Mounting plugin OnlineSubsystemIOS
LogPluginManager: Mounting plugin LinearTimecode
LogPluginManager: Mounting plugin MediaPlayerEditor
LogPluginManager: Mounting plugin WmfMedia
LogPluginManager: Mounting plugin MediaCompositing
LogPluginManager: Mounting plugin AvfMedia
LogPluginManager: Mounting plugin AndroidMedia
LogPluginManager: Mounting plugin ImgMedia
LogPluginManager: Mounting plugin CharacterAI
LogPluginManager: Mounting plugin ProxyLODPlugin
LogPluginManager: Mounting plugin AppleVision
LogPluginManager: Mounting plugin AlembicImporter
LogPluginManager: Mounting plugin GeometryCache
LogPluginManager: Mounting plugin HTML5Networking
LogPluginManager: Mounting plugin BackChannel
LogPluginManager: Mounting plugin AppleImageUtils
LogPluginManager: Mounting plugin DatasmithContent
LogPluginManager: Mounting plugin Paper2D
LogPluginManager: Mounting plugin NUTUnrealEngine4
LogPluginManager: Mounting plugin NetcodeUnitTest
LogPluginManager: Mounting plugin LevelSequenceEditor
LogPluginManager: Mounting plugin MatineeToLevelSequence
LogPluginManager: Mounting plugin ActorSequence
LogPluginManager: Mounting plugin AssetManagerEditor
LogPluginManager: Mounting plugin PluginBrowser
LogPluginManager: Mounting plugin MacGraphicsSwitching
LogPluginManager: Mounting plugin FacialAnimation
LogPluginManager: Mounting plugin MobileLauncherProfileWizard
LogPluginManager: Mounting plugin CryptoKeys
LogPluginManager: Mounting plugin MeshEditor
LogPluginManager: Mounting plugin GameplayTagsEditor
LogPluginManager: Mounting plugin SpeedTreeImporter
LogPluginManager: Mounting plugin DataValidation
LogPluginManager: Mounting plugin AISupport
LogPluginManager: Mounting plugin TcpMessaging
LogPluginManager: Mounting plugin UdpMessaging
LogPluginManager: Mounting plugin RuntimePhysXCooking
LogPluginManager: Mounting plugin EditableMesh
LogPluginManager: Mounting plugin CableComponent
LogPluginManager: Mounting plugin ExampleDeviceProfileSelector
LogPluginManager: Mounting plugin AppleMoviePlayer
LogPluginManager: Mounting plugin ImmediatePhysics
LogPluginManager: Mounting plugin ProceduralMeshComponent
LogPluginManager: Mounting plugin SteamVR
LogPluginManager: Mounting plugin WindowsMoviePlayer
LogPluginManager: Mounting plugin AndroidDeviceProfileSelector
LogPluginManager: Mounting plugin LocationServicesBPLibrary
LogPluginManager: Mounting plugin MobilePatchingUtils
LogPluginManager: Mounting plugin GoogleCloudMessaging
LogPluginManager: Mounting plugin PhysXVehicles
LogPluginManager: Mounting plugin CustomMeshComponent
LogPluginManager: Mounting plugin ArchVisCharacter
LogPluginManager: Mounting plugin AndroidPermission
LogPluginManager: Mounting plugin LinuxDeviceProfileSelector
LogPluginManager: Mounting plugin OculusVR
LogPluginManager: Plugin shader directory ../../../Engine/Plugins/Runtime/Oculus/OculusVR/Shaders found
LogPluginManager: Mapping shader source directory ../../../Engine/Plugins/Runtime/Oculus/OculusVR/Shaders to virtual directory /Plugin/OculusVR
LogPluginManager: Mounting plugin AndroidMoviePlayer
LogPluginManager: Mounting plugin AudioCapture
LogPluginManager: Mounting plugin IOSDeviceProfileSelector
LogPluginManager: Mounting plugin LightPropagationVolume
LogPluginManager: Mounting plugin GitSourceControl
LogPluginManager: Mounting plugin NullSourceCodeAccess
LogPluginManager: Mounting plugin PerforceSourceControl
LogPluginManager: Mounting plugin CLionSourceCodeAccess
LogPluginManager: Mounting plugin XCodeSourceCodeAccess
LogPluginManager: Mounting plugin VisualStudioCodeSourceCodeAccess
LogPluginManager: Mounting plugin UObjectPlugin
LogPluginManager: Mounting plugin SubversionSourceControl
LogPluginManager: Mounting plugin VisualStudioSourceCodeAccess
LogPluginManager: Mounting plugin CodeLiteSourceCodeAccess
LogPluginManager: Mounting plugin KDevelopSourceCodeAccess
LogPluginManager: Mounting plugin MagicLeap
LogPluginManager: Mounting plugin MagicLeapMedia
LogPluginManager: Mounting plugin MagicLeapEmulator
LogPluginManager: Mounting plugin LauncherChunkInstaller
LogStreaming: Display: Took  0.485s to configure plugins.
LogInit: Using libcurl 7.48.0-DEV
LogInit:  - built for x86_64-unknown-linux-gnu
LogInit:  - supports SSL with OpenSSL/1.0.2h
LogInit:  - supports HTTP deflate (compression) using libz 1.2.8
LogInit:  - other features:
LogInit:      CURL_VERSION_SSL
LogInit:      CURL_VERSION_LIBZ
LogInit:      CURL_VERSION_IPV6
LogInit:      CURL_VERSION_ASYNCHDNS
LogInit:      CURL_VERSION_LARGEFILE
LogInit:      CURL_VERSION_TLSAUTH_SRP
LogInit:  Libcurl: checking if '/etc/pki/tls/certs/ca-bundle.crt' exists
LogInit:  Libcurl: checking if '/etc/ssl/certs/ca-certificates.crt' exists
LogInit:  CurlRequestOptions (configurable via config and command line):
LogInit:  - bVerifyPeer = true  - Libcurl will verify peer certificate
LogInit:  - bUseHttpProxy = false  - Libcurl will NOT use HTTP proxy
LogInit:  - bDontReuseConnections = false  - Libcurl will reuse connections
LogInit:  - CertBundlePath = /etc/ssl/certs/ca-certificates.crt  - Libcurl will set CURLOPT_CAINFO to it
LogInit:  - MaxHostConnections = 16  - Libcurl will limit the number of connections to a host
LogInit:  - LocalHostAddr = Default
LogInit:  - BufferSize = 65536
LogInit: Build: ++UE4+Release-4.20-CL-0
LogInit: Engine Version: 4.20.3-0+++UE4+Release-4.20
LogInit: Compatible Engine Version: 4.20.0-0+++UE4+Release-4.20
LogInit: Net CL: 0
LogInit: OS: GenericOSVersionLabel (GenericOSSubVersionLabel), CPU: Intel(R) Core(TM) i3-6100 CPU @ 3.70GHz, GPU: GenericGPUBrand
LogInit: Compiled (64-bit): Sep 21 2018 12:16:14
LogInit: Compiled with Clang: 5.0.0 (tags/RELEASE_500/final)
LogInit: Build Configuration: Development
LogInit: Branch Name: ++UE4+Release-4.20
LogInit: Command Line: 
LogInit: Base Directory: /media/scad/WD1003FZEX_1TB/Epic_Games/UnrealEngine/Engine/Binaries/Linux/
LogInit: Installed Engine Build: 0
LogDevObjectVersion: Number of dev versions registered: 20
LogDevObjectVersion:   Dev-Blueprints (B0D832E4-1F89-4F0D-ACCF-7EB736FD4AA2): 10
LogDevObjectVersion:   Dev-Build (E1C64328-A22C-4D53-A36C-8E866417BD8C): 0
LogDevObjectVersion:   Dev-Core (375EC13C-06E4-48FB-B500-84F0262A717E): 2
LogDevObjectVersion:   Dev-Editor (E4B068ED-F494-42E9-A231-DA0B2E46BB41): 24
LogDevObjectVersion:   Dev-Framework (CFFC743F-43B0-4480-9391-14DF171D2073): 34
LogDevObjectVersion:   Dev-Mobile (B02B49B5-BB20-44E9-A304-32B752E40360): 2
LogDevObjectVersion:   Dev-Networking (A4E4105C-59A1-49B5-A7C5-40C4547EDFEE): 0
LogDevObjectVersion:   Dev-Online (39C831C9-5AE6-47DC-9A44-9C173E1C8E7C): 0
LogDevObjectVersion:   Dev-Physics (78F01B33-EBEA-4F98-B9B4-84EACCB95AA2): 0
LogDevObjectVersion:   Dev-Platform (6631380F-2D4D-43E0-8009-CF276956A95A): 0
LogDevObjectVersion:   Dev-Rendering (12F88B9F-8875-4AFC-A67C-D90C383ABD29): 26
LogDevObjectVersion:   Dev-Sequencer (7B5AE74C-D270-4C10-A958-57980B212A5A): 9
LogDevObjectVersion:   Dev-VR (D7296918-1DD6-4BDD-9DE2-64A83CC13884): 2
LogDevObjectVersion:   Dev-LoadTimes (C2A15278-BFE7-4AFE-6C17-90FF531DF755): 1
LogDevObjectVersion:   Private-Geometry (6EACA3D4-40EC-4CC1-B786-8BED09428FC5): 3
LogDevObjectVersion:   Dev-AnimPhys (29E575DD-E0A3-4627-9D10-D276232CDCEA): 17
LogDevObjectVersion:   Dev-ReflectionCapture (6B266CEC-1EC7-4B8F-A30B-E4D90942FC07): 1
LogDevObjectVersion:   Dev-Automation (0DF73D61-A23F-47EA-B727-89E90C41499A): 1
LogDevObjectVersion:   FortniteMain (601D1886-AC64-4F84-AA16-D3DE0DEAC7D6): 12
LogDevObjectVersion:   Dev-Enterprise (9DFFBCD6-494F-0158-E221-12823C92A888): 1
LogStreaming: Display: Took  0.000s to delete old logs.
LogInit: Presizing for max 8388607 objects, including 0 objects not considered by GC, pre-allocating 0 bytes for permanent pool.
LogInit: Object subsystem initialized
[2018.10.06-09.48.34:488][  0]LogInit: Initializing SDL.
[2018.10.06-09.48.34:830][  0]LogInit: Initialized SDL 2.0.5 revision: 11184 (hg-11184:04063928c4a8 with EpicExtensions) (compiled against 2.0.5)
[2018.10.06-09.48.34:830][  0]LogInit: Using SDL_WINDOW_OPENGL
[2018.10.06-09.48.34:830][  0]LogInit: Using SDL video driver 'x11'
[2018.10.06-09.48.34:830][  0]LogInit: Display metrics:
[2018.10.06-09.48.34:830][  0]LogInit:   PrimaryDisplayWidth: 1920
[2018.10.06-09.48.34:830][  0]LogInit:   PrimaryDisplayHeight: 1080
[2018.10.06-09.48.34:830][  0]LogInit:   PrimaryDisplayWorkAreaRect:
[2018.10.06-09.48.34:830][  0]LogInit:     Left=0, Top=0, Right=1920, Bottom=1016
[2018.10.06-09.48.34:830][  0]LogInit:   VirtualDisplayRect:
[2018.10.06-09.48.34:830][  0]LogInit:     Left=0, Top=0, Right=3840, Bottom=1080
[2018.10.06-09.48.34:830][  0]LogInit:   TitleSafePaddingSize: X=0.000 Y=0.000 Z=0.000 W=0.000
[2018.10.06-09.48.34:830][  0]LogInit:   ActionSafePaddingSize: X=0.000 Y=0.000 Z=0.000 W=0.000
[2018.10.06-09.48.34:830][  0]LogInit:   Number of monitors: 2
[2018.10.06-09.48.34:830][  0]LogInit:     Monitor 0
[2018.10.06-09.48.34:830][  0]LogInit:       Name: PHL 227E6 22"
[2018.10.06-09.48.34:830][  0]LogInit:       ID: display0
[2018.10.06-09.48.34:830][  0]LogInit:       NativeWidth: 1920
[2018.10.06-09.48.34:830][  0]LogInit:       NativeHeight: 1080
[2018.10.06-09.48.34:830][  0]LogInit:       bIsPrimary: true
[2018.10.06-09.48.34:830][  0]LogInit:     Monitor 1
[2018.10.06-09.48.34:830][  0]LogInit:       Name: VE228 22"
[2018.10.06-09.48.34:830][  0]LogInit:       ID: display1
[2018.10.06-09.48.34:830][  0]LogInit:       NativeWidth: 1920
[2018.10.06-09.48.34:830][  0]LogInit:       NativeHeight: 1080
[2018.10.06-09.48.34:830][  0]LogInit:       bIsPrimary: false
[2018.10.06-09.48.34:831][  0]LogLinux: Selected Device Profile: [Linux]
[2018.10.06-09.48.34:831][  0]LogInit: Applying CVar settings loaded from the selected device profile: [Linux]
[2018.10.06-09.48.34:845][  0]LogHAL: Display: Platform has ~ 4 GB [16781991936 / 4294967296 / 16], which maps to Smallest [LargestMinGB=32, LargerMinGB=12, DefaultMinGB=8, SmallerMinGB=6, SmallestMinGB=0)
[2018.10.06-09.48.34:845][  0]LogInit: Going up to parent DeviceProfile []
[2018.10.06-09.48.34:846][  0]LogInit: Using custom *.sym to symbolicate
[2018.10.06-09.48.34:846][  0]LogInit: Unix hardware info:
[2018.10.06-09.48.34:846][  0]LogInit:  - we are the first instance of this executable
[2018.10.06-09.48.34:846][  0]LogInit:  - this process' id (pid) is 24606, parent process' id (ppid) is 1
[2018.10.06-09.48.34:846][  0]LogInit:  - we are not running under debugger
[2018.10.06-09.48.34:846][  0]LogInit:  - machine network name is 'MicrolabHS'
[2018.10.06-09.48.34:846][  0]LogInit:  - user name is 'scad' (scad)
[2018.10.06-09.48.34:846][  0]LogInit:  - we're logged in locally
[2018.10.06-09.48.34:846][  0]LogInit:  - we're running with rendering
[2018.10.06-09.48.34:846][  0]LogInit:  - CPU: GenuineIntel 'Intel(R) Core(TM) i3-6100 CPU @ 3.70GHz' (signature: 0x506E3)
[2018.10.06-09.48.34:846][  0]LogInit:  - Number of physical cores available for the process: 2
[2018.10.06-09.48.34:846][  0]LogInit:  - Number of logical cores available for the process: 4
[2018.10.06-09.48.34:846][  0]LogInit:  - Cache line size: 64
[2018.10.06-09.48.34:846][  0]LogInit:  - Memory allocator used: binned2
[2018.10.06-09.48.34:846][  0]LogCore: Benchmarking clocks:
[2018.10.06-09.48.34:846][  0]LogCore:  - CLOCK_REALTIME (id=0) can sustain 50481523 (50482K, 50M) calls per second without zero deltas.
[2018.10.06-09.48.34:846][  0]LogCore:  - CLOCK_MONOTONIC (id=1) can sustain 53746450 (53746K, 54M) calls per second without zero deltas.
[2018.10.06-09.48.34:846][  0]LogCore:  - CLOCK_MONOTONIC_RAW (id=4) can sustain 3576796 (3577K, 4M) calls per second without zero deltas.
[2018.10.06-09.48.34:846][  0]LogCore:  - CLOCK_MONOTONIC_COARSE (id=6) can sustain 127654113 (127654K, 128M) calls per second with 99.999797% zero deltas.
[2018.10.06-09.48.34:846][  0]LogCore: Selected clock_id 1 (CLOCK_MONOTONIC) since it is the fastest support clock without zero deltas.
[2018.10.06-09.48.34:846][  0]LogInit: Unix-specific commandline switches:
[2018.10.06-09.48.34:846][  0]LogInit:  -nodwarf (currently OFF): suppress parsing of DWARF debug info (callstacks will be generated faster, but won't have line numbers)
[2018.10.06-09.48.34:846][  0]LogInit:  -ansimalloc - use malloc()/free() from libc (useful for tools like valgrind and electric fence)
[2018.10.06-09.48.34:846][  0]LogInit:  -jemalloc - use jemalloc for all memory allocation
[2018.10.06-09.48.34:846][  0]LogInit:  -binnedmalloc - use binned malloc  for all memory allocation
[2018.10.06-09.48.34:846][  0]LogInit:  -filemapcachesize=NUMBER - set the size for case-sensitive file mapping cache
[2018.10.06-09.48.34:846][  0]LogInit:  -httpproxy=ADDRESS:PORT - redirects HTTP requests to a proxy (only supported if compiled with libcurl)
[2018.10.06-09.48.34:846][  0]LogInit:  -reuseconn - allow libcurl to reuse HTTP connections (only matters if compiled with libcurl)
[2018.10.06-09.48.34:846][  0]LogInit:  -virtmemkb=NUMBER - sets process virtual memory (address space) limit (overrides VirtualMemoryLimitInKB value from .ini)
[2018.10.06-09.48.34:846][  0]LogInit:  - Physical RAM available (not considering process quota): 16 GB (16004 MB, 16388664 KB, 16781991936 bytes)
[2018.10.06-09.48.34:973][  0]LogInit: Using OS detected language (en-US).
[2018.10.06-09.48.34:973][  0]LogInit: Using OS detected locale (en-US).
[2018.10.06-09.48.34:974][  0]LogTextLocalizationManager: No specific localization for 'en-US' exists, so the 'en' localization will be used.
[2018.10.06-09.48.35:372][  0]LogStreaming: Display: Took  0.399s to InitEngineTextLocalization.
[2018.10.06-09.48.35:782][  0]LogSlate: New Slate User Created.  User Index 0, Is Virtual User: 0
[2018.10.06-09.48.35:782][  0]LogSlate: Slate User Registered.  User Index 0, Is Virtual User: 0
[2018.10.06-09.48.36:853][  0]LogRHI: Initializing OpenGL RHI
[2018.10.06-09.48.36:853][  0]LogRHI:   GL_VENDOR: NVIDIA Corporation
[2018.10.06-09.48.36:853][  0]LogRHI:   GL_RENDERER: GeForce GTX 1050 Ti/PCIe/SSE2
[2018.10.06-09.48.36:853][  0]LogRHI:   GL_VERSION: 4.3.0 NVIDIA 390.87
[2018.10.06-09.48.36:853][  0]LogRHI:   GL_SHADING_LANGUAGE_VERSION: 4.30 NVIDIA via Cg compiler
[2018.10.06-09.48.36:853][  0]LogRHI: OpenGL Extensions:
[2018.10.06-09.48.36:853][  0]LogRHI:   GL_AMD_multi_draw_indirect
[2018.10.06-09.48.36:853][  0]LogRHI:   GL_AMD_seamless_cubemap_per_texture
[2018.10.06-09.48.36:853][  0]LogRHI:   GL_AMD_vertex_shader_viewport_index
[2018.10.06-09.48.36:853][  0]LogRHI:   GL_AMD_vertex_shader_layer
[2018.10.06-09.48.36:853][  0]LogRHI:   GL_ARB_arrays_of_arrays
[2018.10.06-09.48.36:853][  0]LogRHI:   GL_ARB_base_instance
[2018.10.06-09.48.36:853][  0]LogRHI:   GL_ARB_bindless_texture
[2018.10.06-09.48.36:853][  0]LogRHI:   GL_ARB_blend_func_extended
[2018.10.06-09.48.36:853][  0]LogRHI:   GL_ARB_buffer_storage
[2018.10.06-09.48.36:853][  0]LogRHI:   GL_ARB_clear_buffer_object
[2018.10.06-09.48.36:853][  0]LogRHI:   GL_ARB_clear_texture
[2018.10.06-09.48.36:854][  0]LogRHI:   GL_ARB_clip_control
[2018.10.06-09.48.36:854][  0]LogRHI:   GL_ARB_color_buffer_float
[2018.10.06-09.48.36:854][  0]LogRHI:   GL_ARB_compressed_texture_pixel_storage
[2018.10.06-09.48.36:854][  0]LogRHI:   GL_ARB_conservative_depth
[2018.10.06-09.48.36:854][  0]LogRHI:   GL_ARB_compute_shader
[2018.10.06-09.48.36:854][  0]LogRHI:   GL_ARB_compute_variable_group_size
[2018.10.06-09.48.36:854][  0]LogRHI:   GL_ARB_conditional_render_inverted
[2018.10.06-09.48.36:854][  0]LogRHI:   GL_ARB_copy_buffer
[2018.10.06-09.48.36:854][  0]LogRHI:   GL_ARB_copy_image
[2018.10.06-09.48.36:854][  0]LogRHI:   GL_ARB_cull_distance
[2018.10.06-09.48.36:854][  0]LogRHI:   GL_ARB_debug_output
[2018.10.06-09.48.36:854][  0]LogRHI:   GL_ARB_depth_buffer_float
[2018.10.06-09.48.36:854][  0]LogRHI:   GL_ARB_depth_clamp
[2018.10.06-09.48.36:854][  0]LogRHI:   GL_ARB_depth_texture
[2018.10.06-09.48.36:854][  0]LogRHI:   GL_ARB_derivative_control
[2018.10.06-09.48.36:854][  0]LogRHI:   GL_ARB_direct_state_access
[2018.10.06-09.48.36:854][  0]LogRHI:   GL_ARB_draw_buffers
[2018.10.06-09.48.36:854][  0]LogRHI:   GL_ARB_draw_buffers_blend
[2018.10.06-09.48.36:854][  0]LogRHI:   GL_ARB_draw_indirect
[2018.10.06-09.48.36:854][  0]LogRHI:   GL_ARB_draw_elements_base_vertex
[2018.10.06-09.48.36:854][  0]LogRHI:   GL_ARB_draw_instanced
[2018.10.06-09.48.36:854][  0]LogRHI:   GL_ARB_enhanced_layouts
[2018.10.06-09.48.36:854][  0]LogRHI:   GL_ARB_ES2_compatibility
[2018.10.06-09.48.36:854][  0]LogRHI:   GL_ARB_ES3_compatibility
[2018.10.06-09.48.36:854][  0]LogRHI:   GL_ARB_ES3_1_compatibility
[2018.10.06-09.48.36:854][  0]LogRHI:   GL_ARB_ES3_2_compatibility
[2018.10.06-09.48.36:854][  0]LogRHI:   GL_ARB_explicit_attrib_location
[2018.10.06-09.48.36:854][  0]LogRHI:   GL_ARB_explicit_uniform_location
[2018.10.06-09.48.36:854][  0]LogRHI:   GL_ARB_fragment_coord_conventions
[2018.10.06-09.48.36:854][  0]LogRHI:   GL_ARB_fragment_layer_viewport
[2018.10.06-09.48.36:854][  0]LogRHI:   GL_ARB_fragment_program
[2018.10.06-09.48.36:854][  0]LogRHI:   GL_ARB_fragment_program_shadow
[2018.10.06-09.48.36:854][  0]LogRHI:   GL_ARB_fragment_shader
[2018.10.06-09.48.36:854][  0]LogRHI:   GL_ARB_fragment_shader_interlock
[2018.10.06-09.48.36:854][  0]LogRHI:   GL_ARB_framebuffer_no_attachments
[2018.10.06-09.48.36:854][  0]LogRHI:   GL_ARB_framebuffer_object
[2018.10.06-09.48.36:854][  0]LogRHI:   GL_ARB_framebuffer_sRGB
[2018.10.06-09.48.36:854][  0]LogRHI:   GL_ARB_geometry_shader4
[2018.10.06-09.48.36:854][  0]LogRHI:   GL_ARB_get_program_binary
[2018.10.06-09.48.36:854][  0]LogRHI:   GL_ARB_get_texture_sub_image
[2018.10.06-09.48.36:854][  0]LogRHI:   GL_ARB_gl_spirv
[2018.10.06-09.48.36:854][  0]LogRHI:   GL_ARB_gpu_shader5
[2018.10.06-09.48.36:854][  0]LogRHI:   GL_ARB_gpu_shader_fp64
[2018.10.06-09.48.36:854][  0]LogRHI:   GL_ARB_gpu_shader_int64
[2018.10.06-09.48.36:854][  0]LogRHI:   GL_ARB_half_float_pixel
[2018.10.06-09.48.36:854][  0]LogRHI:   GL_ARB_half_float_vertex
[2018.10.06-09.48.36:854][  0]LogRHI:   GL_ARB_imaging
[2018.10.06-09.48.36:854][  0]LogRHI:   GL_ARB_indirect_parameters
[2018.10.06-09.48.36:854][  0]LogRHI:   GL_ARB_instanced_arrays
[2018.10.06-09.48.36:854][  0]LogRHI:   GL_ARB_internalformat_query
[2018.10.06-09.48.36:854][  0]LogRHI:   GL_ARB_internalformat_query2
[2018.10.06-09.48.36:854][  0]LogRHI:   GL_ARB_invalidate_subdata
[2018.10.06-09.48.36:854][  0]LogRHI:   GL_ARB_map_buffer_alignment
[2018.10.06-09.48.36:854][  0]LogRHI:   GL_ARB_map_buffer_range
[2018.10.06-09.48.36:854][  0]LogRHI:   GL_ARB_multi_bind
[2018.10.06-09.48.36:854][  0]LogRHI:   GL_ARB_multi_draw_indirect
[2018.10.06-09.48.36:854][  0]LogRHI:   GL_ARB_multisample
[2018.10.06-09.48.36:854][  0]LogRHI:   GL_ARB_multitexture
[2018.10.06-09.48.36:854][  0]LogRHI:   GL_ARB_occlusion_query
[2018.10.06-09.48.36:854][  0]LogRHI:   GL_ARB_occlusion_query2
[2018.10.06-09.48.36:854][  0]LogRHI:   GL_ARB_parallel_shader_compile
[2018.10.06-09.48.36:854][  0]LogRHI:   GL_ARB_pipeline_statistics_query
[2018.10.06-09.48.36:854][  0]LogRHI:   GL_ARB_pixel_buffer_object
[2018.10.06-09.48.36:854][  0]LogRHI:   GL_ARB_point_parameters
[2018.10.06-09.48.36:854][  0]LogRHI:   GL_ARB_point_sprite
[2018.10.06-09.48.36:854][  0]LogRHI:   GL_ARB_polygon_offset_clamp
[2018.10.06-09.48.36:854][  0]LogRHI:   GL_ARB_post_depth_coverage
[2018.10.06-09.48.36:854][  0]LogRHI:   GL_ARB_program_interface_query
[2018.10.06-09.48.36:854][  0]LogRHI:   GL_ARB_provoking_vertex
[2018.10.06-09.48.36:854][  0]LogRHI:   GL_ARB_query_buffer_object
[2018.10.06-09.48.36:854][  0]LogRHI:   GL_ARB_robust_buffer_access_behavior
[2018.10.06-09.48.36:854][  0]LogRHI:   GL_ARB_robustness
[2018.10.06-09.48.36:854][  0]LogRHI:   GL_ARB_sample_locations
[2018.10.06-09.48.36:854][  0]LogRHI:   GL_ARB_sample_shading
[2018.10.06-09.48.36:854][  0]LogRHI:   GL_ARB_sampler_objects
[2018.10.06-09.48.36:854][  0]LogRHI:   GL_ARB_seamless_cube_map
[2018.10.06-09.48.36:854][  0]LogRHI:   GL_ARB_seamless_cubemap_per_texture
[2018.10.06-09.48.36:854][  0]LogRHI:   GL_ARB_separate_shader_objects
[2018.10.06-09.48.36:854][  0]LogRHI:   GL_ARB_shader_atomic_counter_ops
[2018.10.06-09.48.36:854][  0]LogRHI:   GL_ARB_shader_atomic_counters
[2018.10.06-09.48.36:854][  0]LogRHI:   GL_ARB_shader_ballot
[2018.10.06-09.48.36:854][  0]LogRHI:   GL_ARB_shader_bit_encoding
[2018.10.06-09.48.36:854][  0]LogRHI:   GL_ARB_shader_clock
[2018.10.06-09.48.36:854][  0]LogRHI:   GL_ARB_shader_draw_parameters
[2018.10.06-09.48.36:854][  0]LogRHI:   GL_ARB_shader_group_vote
[2018.10.06-09.48.36:854][  0]LogRHI:   GL_ARB_shader_image_load_store
[2018.10.06-09.48.36:854][  0]LogRHI:   GL_ARB_shader_image_size
[2018.10.06-09.48.36:854][  0]LogRHI:   GL_ARB_shader_objects
[2018.10.06-09.48.36:854][  0]LogRHI:   GL_ARB_shader_precision
[2018.10.06-09.48.36:854][  0]LogRHI:   GL_ARB_shader_storage_buffer_object
[2018.10.06-09.48.36:854][  0]LogRHI:   GL_ARB_shader_subroutine
[2018.10.06-09.48.36:854][  0]LogRHI:   GL_ARB_shader_texture_image_samples
[2018.10.06-09.48.36:854][  0]LogRHI:   GL_ARB_shader_texture_lod
[2018.10.06-09.48.36:854][  0]LogRHI:   GL_ARB_shading_language_100
[2018.10.06-09.48.36:854][  0]LogRHI:   GL_ARB_shader_viewport_layer_array
[2018.10.06-09.48.36:854][  0]LogRHI:   GL_ARB_shading_language_420pack
[2018.10.06-09.48.36:854][  0]LogRHI:   GL_ARB_shading_language_include
[2018.10.06-09.48.36:854][  0]LogRHI:   GL_ARB_shading_language_packing
[2018.10.06-09.48.36:854][  0]LogRHI:   GL_ARB_shadow
[2018.10.06-09.48.36:854][  0]LogRHI:   GL_ARB_sparse_buffer
[2018.10.06-09.48.36:854][  0]LogRHI:   GL_ARB_sparse_texture
[2018.10.06-09.48.36:854][  0]LogRHI:   GL_ARB_sparse_texture2
[2018.10.06-09.48.36:854][  0]LogRHI:   GL_ARB_sparse_texture_clamp
[2018.10.06-09.48.36:854][  0]LogRHI:   GL_ARB_spirv_extensions
[2018.10.06-09.48.36:854][  0]LogRHI:   GL_ARB_stencil_texturing
[2018.10.06-09.48.36:854][  0]LogRHI:   GL_ARB_sync
[2018.10.06-09.48.36:854][  0]LogRHI:   GL_ARB_tessellation_shader
[2018.10.06-09.48.36:854][  0]LogRHI:   GL_ARB_texture_barrier
[2018.10.06-09.48.36:854][  0]LogRHI:   GL_ARB_texture_border_clamp
[2018.10.06-09.48.36:854][  0]LogRHI:   GL_ARB_texture_buffer_object
[2018.10.06-09.48.36:854][  0]LogRHI:   GL_ARB_texture_buffer_object_rgb32
[2018.10.06-09.48.36:854][  0]LogRHI:   GL_ARB_texture_buffer_range
[2018.10.06-09.48.36:854][  0]LogRHI:   GL_ARB_texture_compression
[2018.10.06-09.48.36:854][  0]LogRHI:   GL_ARB_texture_compression_bptc
[2018.10.06-09.48.36:854][  0]LogRHI:   GL_ARB_texture_compression_rgtc
[2018.10.06-09.48.36:854][  0]LogRHI:   GL_ARB_texture_cube_map
[2018.10.06-09.48.36:854][  0]LogRHI:   GL_ARB_texture_cube_map_array
[2018.10.06-09.48.36:854][  0]LogRHI:   GL_ARB_texture_env_add
[2018.10.06-09.48.36:854][  0]LogRHI:   GL_ARB_texture_env_combine
[2018.10.06-09.48.36:854][  0]LogRHI:   GL_ARB_texture_env_crossbar
[2018.10.06-09.48.36:854][  0]LogRHI:   GL_ARB_texture_env_dot3
[2018.10.06-09.48.36:854][  0]LogRHI:   GL_ARB_texture_filter_anisotropic
[2018.10.06-09.48.36:854][  0]LogRHI:   GL_ARB_texture_filter_minmax
[2018.10.06-09.48.36:854][  0]LogRHI:   GL_ARB_texture_float
[2018.10.06-09.48.36:854][  0]LogRHI:   GL_ARB_texture_gather
[2018.10.06-09.48.36:854][  0]LogRHI:   GL_ARB_texture_mirror_clamp_to_edge
[2018.10.06-09.48.36:854][  0]LogRHI:   GL_ARB_texture_mirrored_repeat
[2018.10.06-09.48.36:854][  0]LogRHI:   GL_ARB_texture_multisample
[2018.10.06-09.48.36:854][  0]LogRHI:   GL_ARB_texture_non_power_of_two
[2018.10.06-09.48.36:854][  0]LogRHI:   GL_ARB_texture_query_levels
[2018.10.06-09.48.36:854][  0]LogRHI:   GL_ARB_texture_query_lod
[2018.10.06-09.48.36:854][  0]LogRHI:   GL_ARB_texture_rectangle
[2018.10.06-09.48.36:854][  0]LogRHI:   GL_ARB_texture_rg
[2018.10.06-09.48.36:854][  0]LogRHI:   GL_ARB_texture_rgb10_a2ui
[2018.10.06-09.48.36:854][  0]LogRHI:   GL_ARB_texture_stencil8
[2018.10.06-09.48.36:854][  0]LogRHI:   GL_ARB_texture_storage
[2018.10.06-09.48.36:854][  0]LogRHI:   GL_ARB_texture_storage_multisample
[2018.10.06-09.48.36:854][  0]LogRHI:   GL_ARB_texture_swizzle
[2018.10.06-09.48.36:854][  0]LogRHI:   GL_ARB_texture_view
[2018.10.06-09.48.36:854][  0]LogRHI:   GL_ARB_timer_query
[2018.10.06-09.48.36:854][  0]LogRHI:   GL_ARB_transform_feedback2
[2018.10.06-09.48.36:854][  0]LogRHI:   GL_ARB_transform_feedback3
[2018.10.06-09.48.36:854][  0]LogRHI:   GL_ARB_transform_feedback_instanced
[2018.10.06-09.48.36:854][  0]LogRHI:   GL_ARB_transform_feedback_overflow_query
[2018.10.06-09.48.36:854][  0]LogRHI:   GL_ARB_transpose_matrix
[2018.10.06-09.48.36:854][  0]LogRHI:   GL_ARB_uniform_buffer_object
[2018.10.06-09.48.36:854][  0]LogRHI:   GL_ARB_vertex_array_bgra
[2018.10.06-09.48.36:854][  0]LogRHI:   GL_ARB_vertex_array_object
[2018.10.06-09.48.36:854][  0]LogRHI:   GL_ARB_vertex_attrib_64bit
[2018.10.06-09.48.36:854][  0]LogRHI:   GL_ARB_vertex_attrib_binding
[2018.10.06-09.48.36:854][  0]LogRHI:   GL_ARB_vertex_buffer_object
[2018.10.06-09.48.36:854][  0]LogRHI:   GL_ARB_vertex_program
[2018.10.06-09.48.36:854][  0]LogRHI:   GL_ARB_vertex_shader
[2018.10.06-09.48.36:854][  0]LogRHI:   GL_ARB_vertex_type_10f_11f_11f_rev
[2018.10.06-09.48.36:854][  0]LogRHI:   GL_ARB_vertex_type_2_10_10_10_rev
[2018.10.06-09.48.36:854][  0]LogRHI:   GL_ARB_viewport_array
[2018.10.06-09.48.36:854][  0]LogRHI:   GL_ARB_window_pos
[2018.10.06-09.48.36:854][  0]LogRHI:   GL_ATI_draw_buffers
[2018.10.06-09.48.36:854][  0]LogRHI:   GL_ATI_texture_float
[2018.10.06-09.48.36:854][  0]LogRHI:   GL_ATI_texture_mirror_once
[2018.10.06-09.48.36:854][  0]LogRHI:   GL_S3_s3tc
[2018.10.06-09.48.36:854][  0]LogRHI:   GL_EXT_texture_env_add
[2018.10.06-09.48.36:854][  0]LogRHI:   GL_EXT_abgr
[2018.10.06-09.48.36:854][  0]LogRHI:   GL_EXT_bgra
[2018.10.06-09.48.36:854][  0]LogRHI:   GL_EXT_bindable_uniform
[2018.10.06-09.48.36:854][  0]LogRHI:   GL_EXT_blend_color
[2018.10.06-09.48.36:854][  0]LogRHI:   GL_EXT_blend_equation_separate
[2018.10.06-09.48.36:854][  0]LogRHI:   GL_EXT_blend_func_separate
[2018.10.06-09.48.36:854][  0]LogRHI:   GL_EXT_blend_minmax
[2018.10.06-09.48.36:854][  0]LogRHI:   GL_EXT_blend_subtract
[2018.10.06-09.48.36:854][  0]LogRHI:   GL_EXT_compiled_vertex_array
[2018.10.06-09.48.36:854][  0]LogRHI:   GL_EXT_Cg_shader
[2018.10.06-09.48.36:854][  0]LogRHI:   GL_EXT_depth_bounds_test
[2018.10.06-09.48.36:854][  0]LogRHI:   GL_EXT_direct_state_access
[2018.10.06-09.48.36:854][  0]LogRHI:   GL_EXT_draw_buffers2
[2018.10.06-09.48.36:854][  0]LogRHI:   GL_EXT_draw_instanced
[2018.10.06-09.48.36:854][  0]LogRHI:   GL_EXT_draw_range_elements
[2018.10.06-09.48.36:854][  0]LogRHI:   GL_EXT_fog_coord
[2018.10.06-09.48.36:855][  0]LogRHI:   GL_EXT_framebuffer_blit
[2018.10.06-09.48.36:855][  0]LogRHI:   GL_EXT_framebuffer_multisample
[2018.10.06-09.48.36:855][  0]LogRHI:   GL_EXTX_framebuffer_mixed_formats
[2018.10.06-09.48.36:855][  0]LogRHI:   GL_EXT_framebuffer_multisample_blit_scaled
[2018.10.06-09.48.36:855][  0]LogRHI:   GL_EXT_framebuffer_object
[2018.10.06-09.48.36:855][  0]LogRHI:   GL_EXT_framebuffer_sRGB
[2018.10.06-09.48.36:855][  0]LogRHI:   GL_EXT_geometry_shader4
[2018.10.06-09.48.36:855][  0]LogRHI:   GL_EXT_gpu_program_parameters
[2018.10.06-09.48.36:855][  0]LogRHI:   GL_EXT_gpu_shader4
[2018.10.06-09.48.36:855][  0]LogRHI:   GL_EXT_multi_draw_arrays
[2018.10.06-09.48.36:855][  0]LogRHI:   GL_EXT_packed_depth_stencil
[2018.10.06-09.48.36:855][  0]LogRHI:   GL_EXT_packed_float
[2018.10.06-09.48.36:855][  0]LogRHI:   GL_EXT_packed_pixels
[2018.10.06-09.48.36:855][  0]LogRHI:   GL_EXT_pixel_buffer_object
[2018.10.06-09.48.36:855][  0]LogRHI:   GL_EXT_point_parameters
[2018.10.06-09.48.36:855][  0]LogRHI:   GL_EXT_polygon_offset_clamp
[2018.10.06-09.48.36:855][  0]LogRHI:   GL_EXT_post_depth_coverage
[2018.10.06-09.48.36:855][  0]LogRHI:   GL_EXT_provoking_vertex
[2018.10.06-09.48.36:855][  0]LogRHI:   GL_EXT_raster_multisample
[2018.10.06-09.48.36:855][  0]LogRHI:   GL_EXT_rescale_normal
[2018.10.06-09.48.36:855][  0]LogRHI:   GL_EXT_secondary_color
[2018.10.06-09.48.36:855][  0]LogRHI:   GL_EXT_separate_shader_objects
[2018.10.06-09.48.36:855][  0]LogRHI:   GL_EXT_separate_specular_color
[2018.10.06-09.48.36:855][  0]LogRHI:   GL_EXT_shader_image_load_formatted
[2018.10.06-09.48.36:855][  0]LogRHI:   GL_EXT_shader_image_load_store
[2018.10.06-09.48.36:855][  0]LogRHI:   GL_EXT_shader_integer_mix
[2018.10.06-09.48.36:855][  0]LogRHI:   GL_EXT_shadow_funcs
[2018.10.06-09.48.36:855][  0]LogRHI:   GL_EXT_sparse_texture2
[2018.10.06-09.48.36:855][  0]LogRHI:   GL_EXT_stencil_two_side
[2018.10.06-09.48.36:855][  0]LogRHI:   GL_EXT_stencil_wrap
[2018.10.06-09.48.36:855][  0]LogRHI:   GL_EXT_texture3D
[2018.10.06-09.48.36:855][  0]LogRHI:   GL_EXT_texture_array
[2018.10.06-09.48.36:855][  0]LogRHI:   GL_EXT_texture_buffer_object
[2018.10.06-09.48.36:855][  0]LogRHI:   GL_EXT_texture_compression_dxt1
[2018.10.06-09.48.36:855][  0]LogRHI:   GL_EXT_texture_compression_latc
[2018.10.06-09.48.36:855][  0]LogRHI:   GL_EXT_texture_compression_rgtc
[2018.10.06-09.48.36:855][  0]LogRHI:   GL_EXT_texture_compression_s3tc
[2018.10.06-09.48.36:855][  0]LogRHI:   GL_EXT_texture_cube_map
[2018.10.06-09.48.36:855][  0]LogRHI:   GL_EXT_texture_edge_clamp
[2018.10.06-09.48.36:855][  0]LogRHI:   GL_EXT_texture_env_combine
[2018.10.06-09.48.36:855][  0]LogRHI:   GL_EXT_texture_env_dot3
[2018.10.06-09.48.36:855][  0]LogRHI:   GL_EXT_texture_filter_anisotropic
[2018.10.06-09.48.36:855][  0]LogRHI:   GL_EXT_texture_filter_minmax
[2018.10.06-09.48.36:855][  0]LogRHI:   GL_EXT_texture_integer
[2018.10.06-09.48.36:855][  0]LogRHI:   GL_EXT_texture_lod
[2018.10.06-09.48.36:855][  0]LogRHI:   GL_EXT_texture_lod_bias
[2018.10.06-09.48.36:855][  0]LogRHI:   GL_EXT_texture_mirror_clamp
[2018.10.06-09.48.36:855][  0]LogRHI:   GL_EXT_texture_object
[2018.10.06-09.48.36:855][  0]LogRHI:   GL_EXT_texture_shared_exponent
[2018.10.06-09.48.36:855][  0]LogRHI:   GL_EXT_texture_sRGB
[2018.10.06-09.48.36:855][  0]LogRHI:   GL_EXT_texture_sRGB_decode
[2018.10.06-09.48.36:855][  0]LogRHI:   GL_EXT_texture_storage
[2018.10.06-09.48.36:855][  0]LogRHI:   GL_EXT_texture_swizzle
[2018.10.06-09.48.36:855][  0]LogRHI:   GL_EXT_timer_query
[2018.10.06-09.48.36:855][  0]LogRHI:   GL_EXT_transform_feedback2
[2018.10.06-09.48.36:855][  0]LogRHI:   GL_EXT_vertex_array
[2018.10.06-09.48.36:855][  0]LogRHI:   GL_EXT_vertex_array_bgra
[2018.10.06-09.48.36:855][  0]LogRHI:   GL_EXT_vertex_attrib_64bit
[2018.10.06-09.48.36:855][  0]LogRHI:   GL_EXT_window_rectangles
[2018.10.06-09.48.36:855][  0]LogRHI:   GL_EXT_x11_sync_object
[2018.10.06-09.48.36:855][  0]LogRHI:   GL_EXT_import_sync_object
[2018.10.06-09.48.36:855][  0]LogRHI:   GL_NV_robustness_video_memory_purge
[2018.10.06-09.48.36:855][  0]LogRHI:   GL_IBM_rasterpos_clip
[2018.10.06-09.48.36:855][  0]LogRHI:   GL_IBM_texture_mirrored_repeat
[2018.10.06-09.48.36:855][  0]LogRHI:   GL_KHR_context_flush_control
[2018.10.06-09.48.36:855][  0]LogRHI:   GL_KHR_debug
[2018.10.06-09.48.36:855][  0]LogRHI:   GL_EXT_memory_object
[2018.10.06-09.48.36:855][  0]LogRHI:   GL_EXT_memory_object_fd
[2018.10.06-09.48.36:855][  0]LogRHI:   GL_KHR_parallel_shader_compile
[2018.10.06-09.48.36:855][  0]LogRHI:   GL_KHR_no_error
[2018.10.06-09.48.36:855][  0]LogRHI:   GL_KHR_robust_buffer_access_behavior
[2018.10.06-09.48.36:855][  0]LogRHI:   GL_KHR_robustness
[2018.10.06-09.48.36:855][  0]LogRHI:   GL_EXT_semaphore
[2018.10.06-09.48.36:855][  0]LogRHI:   GL_EXT_semaphore_fd
[2018.10.06-09.48.36:855][  0]LogRHI:   GL_KTX_buffer_region
[2018.10.06-09.48.36:855][  0]LogRHI:   GL_NV_alpha_to_coverage_dither_control
[2018.10.06-09.48.36:855][  0]LogRHI:   GL_NV_bindless_multi_draw_indirect
[2018.10.06-09.48.36:855][  0]LogRHI:   GL_NV_bindless_multi_draw_indirect_count
[2018.10.06-09.48.36:855][  0]LogRHI:   GL_NV_bindless_texture
[2018.10.06-09.48.36:855][  0]LogRHI:   GL_NV_blend_equation_advanced
[2018.10.06-09.48.36:855][  0]LogRHI:   GL_NV_blend_equation_advanced_coherent
[2018.10.06-09.48.36:855][  0]LogRHI:   GL_NVX_blend_equation_advanced_multi_draw_buffers
[2018.10.06-09.48.36:855][  0]LogRHI:   GL_NV_blend_minmax_factor
[2018.10.06-09.48.36:855][  0]LogRHI:   GL_NV_blend_square
[2018.10.06-09.48.36:855][  0]LogRHI:   GL_NV_clip_space_w_scaling
[2018.10.06-09.48.36:855][  0]LogRHI:   GL_NV_command_list
[2018.10.06-09.48.36:855][  0]LogRHI:   GL_NV_compute_program5
[2018.10.06-09.48.36:855][  0]LogRHI:   GL_NV_conditional_render
[2018.10.06-09.48.36:855][  0]LogRHI:   GL_NV_conservative_raster
[2018.10.06-09.48.36:855][  0]LogRHI:   GL_NV_conservative_raster_dilate
[2018.10.06-09.48.36:855][  0]LogRHI:   GL_NV_conservative_raster_pre_snap_triangles
[2018.10.06-09.48.36:855][  0]LogRHI:   GL_NV_copy_depth_to_color
[2018.10.06-09.48.36:855][  0]LogRHI:   GL_NV_copy_image
[2018.10.06-09.48.36:855][  0]LogRHI:   GL_NV_depth_buffer_float
[2018.10.06-09.48.36:855][  0]LogRHI:   GL_NV_depth_clamp
[2018.10.06-09.48.36:855][  0]LogRHI:   GL_NV_draw_texture
[2018.10.06-09.48.36:855][  0]LogRHI:   GL_NV_draw_vulkan_image
[2018.10.06-09.48.36:855][  0]LogRHI:   GL_NV_ES1_1_compatibility
[2018.10.06-09.48.36:855][  0]LogRHI:   GL_NV_ES3_1_compatibility
[2018.10.06-09.48.36:855][  0]LogRHI:   GL_NV_explicit_multisample
[2018.10.06-09.48.36:855][  0]LogRHI:   GL_NV_fence
[2018.10.06-09.48.36:855][  0]LogRHI:   GL_NV_fill_rectangle
[2018.10.06-09.48.36:855][  0]LogRHI:   GL_NV_float_buffer
[2018.10.06-09.48.36:855][  0]LogRHI:   GL_NV_fog_distance
[2018.10.06-09.48.36:855][  0]LogRHI:   GL_NV_fragment_coverage_to_color
[2018.10.06-09.48.36:855][  0]LogRHI:   GL_NV_fragment_program
[2018.10.06-09.48.36:855][  0]LogRHI:   GL_NV_fragment_program_option
[2018.10.06-09.48.36:855][  0]LogRHI:   GL_NV_fragment_program2
[2018.10.06-09.48.36:855][  0]LogRHI:   GL_NV_fragment_shader_interlock
[2018.10.06-09.48.36:855][  0]LogRHI:   GL_NV_framebuffer_mixed_samples
[2018.10.06-09.48.36:855][  0]LogRHI:   GL_NV_framebuffer_multisample_coverage
[2018.10.06-09.48.36:855][  0]LogRHI:   GL_NV_geometry_shader4
[2018.10.06-09.48.36:855][  0]LogRHI:   GL_NV_geometry_shader_passthrough
[2018.10.06-09.48.36:855][  0]LogRHI:   GL_NV_gpu_program4
[2018.10.06-09.48.36:855][  0]LogRHI:   GL_NV_internalformat_sample_query
[2018.10.06-09.48.36:855][  0]LogRHI:   GL_NV_gpu_program4_1
[2018.10.06-09.48.36:855][  0]LogRHI:   GL_NV_gpu_program5
[2018.10.06-09.48.36:855][  0]LogRHI:   GL_NV_gpu_program5_mem_extended
[2018.10.06-09.48.36:855][  0]LogRHI:   GL_NV_gpu_program_fp64
[2018.10.06-09.48.36:855][  0]LogRHI:   GL_NV_gpu_shader5
[2018.10.06-09.48.36:855][  0]LogRHI:   GL_NV_half_float
[2018.10.06-09.48.36:855][  0]LogRHI:   GL_NV_light_max_exponent
[2018.10.06-09.48.36:855][  0]LogRHI:   GL_NV_multisample_coverage
[2018.10.06-09.48.36:855][  0]LogRHI:   GL_NV_multisample_filter_hint
[2018.10.06-09.48.36:855][  0]LogRHI:   GL_NV_occlusion_query
[2018.10.06-09.48.36:855][  0]LogRHI:   GL_NV_packed_depth_stencil
[2018.10.06-09.48.36:855][  0]LogRHI:   GL_NV_parameter_buffer_object
[2018.10.06-09.48.36:855][  0]LogRHI:   GL_NV_parameter_buffer_object2
[2018.10.06-09.48.36:855][  0]LogRHI:   GL_NV_path_rendering
[2018.10.06-09.48.36:855][  0]LogRHI:   GL_NV_path_rendering_shared_edge
[2018.10.06-09.48.36:855][  0]LogRHI:   GL_NV_pixel_data_range
[2018.10.06-09.48.36:855][  0]LogRHI:   GL_NV_point_sprite
[2018.10.06-09.48.36:855][  0]LogRHI:   GL_NV_primitive_restart
[2018.10.06-09.48.36:855][  0]LogRHI:   GL_NV_query_resource
[2018.10.06-09.48.36:855][  0]LogRHI:   GL_NV_query_resource_tag
[2018.10.06-09.48.36:855][  0]LogRHI:   GL_NV_register_combiners
[2018.10.06-09.48.36:855][  0]LogRHI:   GL_NV_register_combiners2
[2018.10.06-09.48.36:855][  0]LogRHI:   GL_NV_sample_locations
[2018.10.06-09.48.36:855][  0]LogRHI:   GL_NV_sample_mask_override_coverage
[2018.10.06-09.48.36:855][  0]LogRHI:   GL_NV_shader_atomic_counters
[2018.10.06-09.48.36:855][  0]LogRHI:   GL_NV_shader_atomic_float
[2018.10.06-09.48.36:855][  0]LogRHI:   GL_NV_shader_atomic_float64
[2018.10.06-09.48.36:855][  0]LogRHI:   GL_NV_shader_atomic_fp16_vector
[2018.10.06-09.48.36:855][  0]LogRHI:   GL_NV_shader_atomic_int64
[2018.10.06-09.48.36:855][  0]LogRHI:   GL_NV_shader_buffer_load
[2018.10.06-09.48.36:855][  0]LogRHI:   GL_NV_shader_storage_buffer_object
[2018.10.06-09.48.36:855][  0]LogRHI:   GL_NV_stereo_view_rendering
[2018.10.06-09.48.36:855][  0]LogRHI:   GL_NV_texgen_reflection
[2018.10.06-09.48.36:855][  0]LogRHI:   GL_NV_texture_barrier
[2018.10.06-09.48.36:855][  0]LogRHI:   GL_NV_texture_compression_vtc
[2018.10.06-09.48.36:855][  0]LogRHI:   GL_NV_texture_env_combine4
[2018.10.06-09.48.36:855][  0]LogRHI:   GL_NV_texture_multisample
[2018.10.06-09.48.36:855][  0]LogRHI:   GL_NV_texture_rectangle
[2018.10.06-09.48.36:855][  0]LogRHI:   GL_NV_texture_rectangle_compressed
[2018.10.06-09.48.36:855][  0]LogRHI:   GL_NV_texture_shader
[2018.10.06-09.48.36:855][  0]LogRHI:   GL_NV_texture_shader2
[2018.10.06-09.48.36:855][  0]LogRHI:   GL_NV_texture_shader3
[2018.10.06-09.48.36:855][  0]LogRHI:   GL_NV_transform_feedback
[2018.10.06-09.48.36:855][  0]LogRHI:   GL_NV_transform_feedback2
[2018.10.06-09.48.36:855][  0]LogRHI:   GL_NV_uniform_buffer_unified_memory
[2018.10.06-09.48.36:855][  0]LogRHI:   GL_NV_vdpau_interop
[2018.10.06-09.48.36:855][  0]LogRHI:   GL_NV_vertex_array_range
[2018.10.06-09.48.36:855][  0]LogRHI:   GL_NV_vertex_array_range2
[2018.10.06-09.48.36:855][  0]LogRHI:   GL_NV_vertex_attrib_integer_64bit
[2018.10.06-09.48.36:855][  0]LogRHI:   GL_NV_vertex_buffer_unified_memory
[2018.10.06-09.48.36:855][  0]LogRHI:   GL_NV_vertex_program
[2018.10.06-09.48.36:855][  0]LogRHI:   GL_NV_vertex_program1_1
[2018.10.06-09.48.36:855][  0]LogRHI:   GL_NV_vertex_program2
[2018.10.06-09.48.36:855][  0]LogRHI:   GL_NV_vertex_program2_option
[2018.10.06-09.48.36:855][  0]LogRHI:   GL_NV_vertex_program3
[2018.10.06-09.48.36:855][  0]LogRHI:   GL_NV_viewport_array2
[2018.10.06-09.48.36:855][  0]LogRHI:   GL_NV_viewport_swizzle
[2018.10.06-09.48.36:855][  0]LogRHI:   GL_NVX_conditional_render
[2018.10.06-09.48.36:855][  0]LogRHI:   GL_NVX_gpu_memory_info
[2018.10.06-09.48.36:855][  0]LogRHI:   GL_NVX_nvenc_interop
[2018.10.06-09.48.36:855][  0]LogRHI:   GL_NV_shader_thread_group
[2018.10.06-09.48.36:855][  0]LogRHI:   GL_NV_shader_thread_shuffle
[2018.10.06-09.48.36:855][  0]LogRHI:   GL_KHR_blend_equation_advanced
[2018.10.06-09.48.36:855][  0]LogRHI:   GL_KHR_blend_equation_advanced_coherent
[2018.10.06-09.48.36:855][  0]LogRHI:   GL_SGIS_generate_mipmap
[2018.10.06-09.48.36:855][  0]LogRHI:   GL_SGIS_texture_lod
[2018.10.06-09.48.36:855][  0]LogRHI:   GL_SGIX_depth_texture
[2018.10.06-09.48.36:855][  0]LogRHI:   GL_SGIX_shadow
[2018.10.06-09.48.36:855][  0]LogRHI:   GL_SUN_slice_accum
[2018.10.06-09.48.36:857][  0]LogRHI:   GL_MAX_TEXTURE_SIZE: 32768
[2018.10.06-09.48.36:857][  0]LogRHI:   GL_MAX_CUBE_MAP_TEXTURE_SIZE: 32768
[2018.10.06-09.48.36:857][  0]LogRHI:   GL_MAX_ARRAY_TEXTURE_LAYERS: 2048
[2018.10.06-09.48.36:857][  0]LogRHI:   GL_MAX_3D_TEXTURE_SIZE: 16384
[2018.10.06-09.48.36:857][  0]LogRHI:   GL_MAX_RENDERBUFFER_SIZE: 32768
[2018.10.06-09.48.36:857][  0]LogRHI:   GL_MAX_TEXTURE_IMAGE_UNITS: 32
[2018.10.06-09.48.36:857][  0]LogRHI:   GL_MAX_DRAW_BUFFERS: 8
[2018.10.06-09.48.36:857][  0]LogRHI:   GL_MAX_COLOR_ATTACHMENTS: 8
[2018.10.06-09.48.36:857][  0]LogRHI:   GL_MAX_SAMPLES: 32
[2018.10.06-09.48.36:857][  0]LogRHI:   GL_MAX_COLOR_TEXTURE_SAMPLES: 32
[2018.10.06-09.48.36:857][  0]LogRHI:   GL_MAX_DEPTH_TEXTURE_SAMPLES: 32
[2018.10.06-09.48.36:857][  0]LogRHI:   GL_MAX_INTEGER_SAMPLES: 32
[2018.10.06-09.48.36:857][  0]LogRHI:   GL_MAX_COMBINED_TEXTURE_IMAGE_UNITS: 192
[2018.10.06-09.48.36:857][  0]LogRHI:   GL_MAX_VERTEX_ATTRIBS: 16
[2018.10.06-09.48.36:857][  0]LogRHI:   GL_MAX_TEXTURE_MAX_ANISOTROPY_EXT: 16
[2018.10.06-09.48.36:857][  0]LogRHI: OpenGL MajorVersion = 4, MinorVersion = 3, ShaderPlatform = GLSL_430, FeatureLevel = SM5
[2018.10.06-09.48.36:862][  0]LogRHI: Texture pool is 2867 MB (70% of 4096 MB)
[2018.10.06-09.48.36:862][  0]LogShaderCompilers: Guid format shader working directory is 14 characters bigger than the processId version (../../../../../!Works/[3D Modeling]/BasilcaSudak/UE4/Intermediate/Shaders/WorkingDirectory/24606/).
[2018.10.06-09.48.36:862][  0]LogShaderCompilers: Cleaned the shader compiler working directory '../../../../../!Works/[3D Modeling]/BasilcaSudak/UE4/Intermediate/Shaders/tmp/00030C9D08D62B8A088FA2186098EDB8/'.
[2018.10.06-09.48.36:862][  0]LogShaderCompilers: Display: Using Local Shader Compiler.
[2018.10.06-09.48.38:344][  0]LogTemp: Display: Loaded TP AllDesktopTargetPlatform
[2018.10.06-09.48.38:450][  0]LogTemp: Display: Loaded TP LinuxClientTargetPlatform
[2018.10.06-09.48.38:566][  0]LogTemp: Display: Loaded TP LinuxNoEditorTargetPlatform
[2018.10.06-09.48.38:673][  0]LogTemp: Display: Loaded TP LinuxServerTargetPlatform
[2018.10.06-09.48.38:771][  0]LogTemp: Display: Loaded TP LinuxTargetPlatform
[2018.10.06-09.48.38:879][  0]LogTemp: Display: Loaded TP HTML5TargetPlatform
[2018.10.06-09.48.39:036][  0]LogTemp: Display: Loaded TP AndroidTargetPlatform
[2018.10.06-09.48.39:036][  0]LogTemp: Display: Loaded TP AndroidTargetPlatform
[2018.10.06-09.48.39:036][  0]LogTemp: Display: Loaded TP AndroidTargetPlatform
[2018.10.06-09.48.39:036][  0]LogTemp: Display: Loaded TP AndroidTargetPlatform
[2018.10.06-09.48.39:036][  0]LogTemp: Display: Loaded TP AndroidTargetPlatform
[2018.10.06-09.48.39:036][  0]LogTemp: Display: Loaded TP AndroidTargetPlatform
[2018.10.06-09.48.39:036][  0]LogTemp: Display: Loaded TP AndroidTargetPlatform
[2018.10.06-09.48.39:036][  0]LogTemp: Display: Loaded TP AndroidTargetPlatform
[2018.10.06-09.48.39:036][  0]LogTemp: Display: Loaded TP AndroidTargetPlatform
[2018.10.06-09.48.39:036][  0]LogTemp: Display: Loaded TP AndroidTargetPlatform
[2018.10.06-09.48.39:036][  0]LogTemp: Display: Loaded TP AndroidTargetPlatform
[2018.10.06-09.48.39:036][  0]LogTemp: Display: Loaded TP AndroidTargetPlatform
[2018.10.06-09.48.39:036][  0]LogTemp: Display: Loaded TP AndroidTargetPlatform
[2018.10.06-09.48.39:036][  0]LogTemp: Display: Loaded TP AndroidTargetPlatform
[2018.10.06-09.48.39:036][  0]LogTemp: Display: Loaded TP AndroidTargetPlatform
[2018.10.06-09.48.39:036][  0]LogTemp: Display: Loaded TP AndroidTargetPlatform
[2018.10.06-09.48.39:036][  0]LogTemp: Display: Loaded TP AndroidTargetPlatform
[2018.10.06-09.48.39:036][  0]LogTemp: Display: Loaded TP AndroidTargetPlatform
[2018.10.06-09.48.39:036][  0]LogTargetPlatformManager: Display: Building Assets For Linux
[2018.10.06-09.48.39:383][  0]LogDerivedDataCache: Display: Max Cache Size: 512 MB
[2018.10.06-09.48.39:437][  0]LogDerivedDataCache: Loaded boot cache 0.05s 85MB ../../../../../!Works/[3D Modeling]/BasilcaSudak/UE4/DerivedDataCache/Boot.ddc.
[2018.10.06-09.48.39:437][  0]LogDerivedDataCache: Display: Loaded Boot cache: ../../../../../!Works/[3D Modeling]/BasilcaSudak/UE4/DerivedDataCache/Boot.ddc
[2018.10.06-09.48.39:437][  0]LogDerivedDataCache: FDerivedDataBackendGraph:  Pak pak cache file ../../../../../!Works/[3D Modeling]/BasilcaSudak/UE4/DerivedDataCache/DDC.ddp not found, will not use a pak cache.
[2018.10.06-09.48.39:437][  0]LogDerivedDataCache: Unable to find inner node Pak for hierarchical cache Hierarchy.
[2018.10.06-09.48.39:437][  0]LogDerivedDataCache: FDerivedDataBackendGraph:  EnginePak pak cache file ../../../Engine/DerivedDataCache/DDC.ddp not found, will not use a pak cache.
[2018.10.06-09.48.39:437][  0]LogDerivedDataCache: Unable to find inner node EnginePak for hierarchical cache Hierarchy.
[2018.10.06-09.48.39:437][  0]LogDerivedDataCache: Using Local data cache path ../../../Engine/DerivedDataCache: Writable
[2018.10.06-09.48.39:438][  0]LogDerivedDataCache: Shared data cache path not found in *engine.ini, will not use an Shared cache.
[2018.10.06-09.48.39:438][  0]LogDerivedDataCache: Unable to find inner node Shared for hierarchical cache Hierarchy.
[2018.10.06-09.48.39:457][  0]LogMaterial: Verifying Global Shaders for GLSL_430
[2018.10.06-09.48.39:465][  0]LogSlate: Using FreeType 2.6.0
[2018.10.06-09.48.39:466][  0]LogSlate: SlateFontServices - WITH_FREETYPE: 1, WITH_HARFBUZZ: 0
[2018.10.06-09.48.39:535][  0]LogAssetRegistry: FAssetRegistry took 0.0027 seconds to start up
[2018.10.06-09.48.39:811][  0]LogLinux: Selected Device Profile: [Linux]
[2018.10.06-09.48.40:188][  0]LogMeshReduction: Using QuadricMeshReduction for automatic static mesh reduction
[2018.10.06-09.48.40:188][  0]LogMeshReduction: No automatic skeletal mesh reduction module available
[2018.10.06-09.48.40:188][  0]LogMeshReduction: No automatic mesh merging module available
[2018.10.06-09.48.40:188][  0]LogMeshReduction: No distributed automatic mesh merging module available
[2018.10.06-09.48.40:188][  0]LogMeshMerging: No automatic mesh merging module available
[2018.10.06-09.48.40:188][  0]LogMeshMerging: No distributed automatic mesh merging module available
[2018.10.06-09.48.40:207][  0]LogNetVersion: BasilicaSudak_UE4 1.0.0, NetCL: 0, EngineNetVer: 5, GameNetVer: 0 (Checksum: 1314248602)
[2018.10.06-09.48.40:867][  0]LogPackageLocalizationCache: Processed 11 localized package path(s) for 2 prioritized culture(s) in 0.072211 seconds
[2018.10.06-09.48.40:884][  0]LogUObjectArray: 37547 objects as part of root set at end of initial load.
[2018.10.06-09.48.40:884][  0]LogUObjectAllocator: 6509480 out of 0 bytes used by permanent object pool.
[2018.10.06-09.48.40:884][  0]LogUObjectArray: CloseDisregardForGC: 0/0 objects in disregard for GC pool
[2018.10.06-09.48.41:041][  0]LogHAL: Linux SourceCodeAccessSettings: NullSourceCodeAccessor
[2018.10.06-09.48.41:760][  0]LogStreaming: Warning: Failed to read file '../../../Engine/Content/Editor/Slate/Launcher/Mac/Platform_Mac_24x.png' error.
[2018.10.06-09.48.41:760][  0]LogSlate: Could not find file for Slate resource: ../../../Engine/Content/Editor/Slate/Launcher/Mac/Platform_Mac_24x.png
[2018.10.06-09.48.41:760][  0]LogStreaming: Warning: Failed to read file '../../../Engine/Content/Editor/Slate/Launcher/Mac/Platform_Mac_128x.png' error.
[2018.10.06-09.48.41:760][  0]LogSlate: Could not find file for Slate resource: ../../../Engine/Content/Editor/Slate/Launcher/Mac/Platform_Mac_128x.png
[2018.10.06-09.48.41:760][  0]LogStreaming: Warning: Failed to read file '../../../Engine/Content/Editor/Slate/Launcher/Mac/Platform_Mac_128x.png' error.
[2018.10.06-09.48.41:760][  0]LogSlate: Could not find file for Slate resource: ../../../Engine/Content/Editor/Slate/Launcher/Mac/Platform_Mac_128x.png
[2018.10.06-09.48.41:760][  0]LogStreaming: Warning: Failed to read file '../../../Engine/Content/Editor/Slate/Launcher/Mac/Platform_Mac_24x.png' error.
[2018.10.06-09.48.41:760][  0]LogSlate: Could not find file for Slate resource: ../../../Engine/Content/Editor/Slate/Launcher/Mac/Platform_Mac_24x.png
[2018.10.06-09.48.41:760][  0]LogStreaming: Warning: Failed to read file '../../../Engine/Content/Editor/Slate/Launcher/Mac/Platform_Mac_128x.png' error.
[2018.10.06-09.48.41:760][  0]LogSlate: Could not find file for Slate resource: ../../../Engine/Content/Editor/Slate/Launcher/Mac/Platform_Mac_128x.png
[2018.10.06-09.48.41:761][  0]LogStreaming: Warning: Failed to read file '../../../Engine/Content/Editor/Slate/Launcher/Mac/Platform_Mac_128x.png' error.
[2018.10.06-09.48.41:761][  0]LogSlate: Could not find file for Slate resource: ../../../Engine/Content/Editor/Slate/Launcher/Mac/Platform_Mac_128x.png
[2018.10.06-09.48.41:761][  0]LogStreaming: Warning: Failed to read file '../../../Engine/Content/Editor/Slate/Launcher/Mac/Platform_Mac_24x.png' error.
[2018.10.06-09.48.41:761][  0]LogSlate: Could not find file for Slate resource: ../../../Engine/Content/Editor/Slate/Launcher/Mac/Platform_Mac_24x.png
[2018.10.06-09.48.41:761][  0]LogStreaming: Warning: Failed to read file '../../../Engine/Content/Editor/Slate/Launcher/Mac/Platform_Mac_128x.png' error.
[2018.10.06-09.48.41:761][  0]LogSlate: Could not find file for Slate resource: ../../../Engine/Content/Editor/Slate/Launcher/Mac/Platform_Mac_128x.png
[2018.10.06-09.48.41:761][  0]LogStreaming: Warning: Failed to read file '../../../Engine/Content/Editor/Slate/Launcher/Mac/Platform_Mac_128x.png' error.
[2018.10.06-09.48.41:761][  0]LogSlate: Could not find file for Slate resource: ../../../Engine/Content/Editor/Slate/Launcher/Mac/Platform_Mac_128x.png
[2018.10.06-09.48.41:762][  0]LogStreaming: Warning: Failed to read file '../../../Engine/Content/Editor/Slate/Launcher/Mac/Platform_Mac_24x.png' error.
[2018.10.06-09.48.41:762][  0]LogSlate: Could not find file for Slate resource: ../../../Engine/Content/Editor/Slate/Launcher/Mac/Platform_Mac_24x.png
[2018.10.06-09.48.41:762][  0]LogStreaming: Warning: Failed to read file '../../../Engine/Content/Editor/Slate/Launcher/Mac/Platform_Mac_128x.png' error.
[2018.10.06-09.48.41:762][  0]LogSlate: Could not find file for Slate resource: ../../../Engine/Content/Editor/Slate/Launcher/Mac/Platform_Mac_128x.png
[2018.10.06-09.48.41:762][  0]LogStreaming: Warning: Failed to read file '../../../Engine/Content/Editor/Slate/Launcher/Mac/Platform_Mac_128x.png' error.
[2018.10.06-09.48.41:762][  0]LogSlate: Could not find file for Slate resource: ../../../Engine/Content/Editor/Slate/Launcher/Mac/Platform_Mac_128x.png
[2018.10.06-09.48.44:629][  0]LogTcpMessaging: Initializing TcpMessaging bridge
[2018.10.06-09.48.44:632][  0]LogUdpMessaging: Initializing bridge on interface 0.0.0.0:0 to multicast group 230.0.0.1:6666.
[2018.10.06-09.48.49:153][  0]LogAndroidPermission: UAndroidPermissionCallbackProxy::GetInstance
[2018.10.06-09.48.49:428][  0]SourceControl: Source control is disabled
[2018.10.06-09.48.49:428][  0]SourceControl: Source control is disabled
[2018.10.06-09.48.49:516][  0]SourceControl: Source control is disabled
[2018.10.06-09.48.50:146][  0]SourceControl: Source control is disabled
[2018.10.06-09.48.50:284][  0]LogEngine: Initializing Engine...
[2018.10.06-09.48.50:285][  0]LogHMD: Failed to initialize OpenVR with code 100
[2018.10.06-09.48.50:286][  0]LogStats: UGameplayTagsManager::ConstructGameplayTagTree: ImportINI prefixes -  0.000 s
[2018.10.06-09.48.50:286][  0]LogStats: UGameplayTagsManager::ConstructGameplayTagTree: Construct from data asset -  0.000 s
[2018.10.06-09.48.50:286][  0]LogStats: UGameplayTagsManager::ConstructGameplayTagTree: ImportINI -  0.000 s
[2018.10.06-09.48.50:286][  0]LogStats: UGameplayTagsManager::ConstructGameplayTagTree: GameplayTagTreeChangedEvent.Broadcast -  0.000 s
[2018.10.06-09.48.50:531][  0]LogInit: Initializing FReadOnlyCVARCache
[2018.10.06-09.48.50:875][  0]LogAIModule: Creating AISystem for world Untitled
[2018.10.06-09.48.50:885][  0]LogAudioMixer: Display: Audio Mixer Platform Settings:
[2018.10.06-09.48.50:885][  0]LogAudioMixer: Display: 	Sample Rate:						  48000
[2018.10.06-09.48.50:885][  0]LogAudioMixer: Display: 	Callback Buffer Frame Size Requested: 1024
[2018.10.06-09.48.50:885][  0]LogAudioMixer: Display: 	Callback Buffer Frame Size To Use:	  1024
[2018.10.06-09.48.50:885][  0]LogAudioMixer: Display: 	Number of buffers to queue:			  2
[2018.10.06-09.48.50:885][  0]LogAudioMixer: Display: 	Max Channels (voices):				  0
[2018.10.06-09.48.50:885][  0]LogAudioMixer: Display: 	Number of Async Source Workers:		  0
[2018.10.06-09.48.50:885][  0]LogAudioMixer: Display: Initializing audio mixer.
[2018.10.06-09.48.50:891][  0]LogAudioMixerSDL: Display: Initialized SDL using pulseaudio platform API backend.
[2018.10.06-09.48.50:947][  0]LogInit: FAudioDevice initialized.
[2018.10.06-09.48.50:948][  0]LogNetVersion: Set ProjectVersion to 1.0.0.0. Version Checksum will be recalculated on next use.
[2018.10.06-09.48.50:997][  0]LogDerivedDataCache: Saved boot cache 0.05s 85MB ../../../../../!Works/[3D Modeling]/BasilcaSudak/UE4/DerivedDataCache/Boot.ddc.
[2018.10.06-09.48.51:257][  0]LogInit: Texture streaming: Enabled
[2018.10.06-09.48.51:303][  0]LogEngineSessionManager: EngineSessionManager initialized
[2018.10.06-09.48.51:597][  0]LogInit: Transaction tracking system initialized
[2018.10.06-09.48.52:184][  0]BlueprintLog: New page: Editor Load
[2018.10.06-09.48.53:846][  0]LocalizationService: Localization service is disabled
[2018.10.06-09.48.55:475][  0]LogFileCache: Scanning file cache for directory '/media/scad/WD1003FZEX_1TB/!Works/[3D Modeling]/BasilcaSudak/UE4/Content/' took 0.00s
[2018.10.06-09.48.55:475][  0]LogCook: Display: Max memory allowance for cook 16384mb min free memory 0mb
[2018.10.06-09.48.55:475][  0]LogCook: Display: Mobile HDR setting 1
[2018.10.06-09.48.55:475][  0]LogGameplayTags: Display: UGameplayTagsManager::DoneAddingNativeTags. DelegateIsBound: 0
[2018.10.06-09.48.55:476][  0]LogStats: UGameplayTagsManager::ConstructGameplayTagTree: ImportINI prefixes -  0.000 s
[2018.10.06-09.48.55:476][  0]LogStats: UGameplayTagsManager::ConstructGameplayTagTree: Construct from data asset -  0.000 s
[2018.10.06-09.48.55:476][  0]LogStats: UGameplayTagsManager::ConstructGameplayTagTree: ImportINI -  0.000 s
[2018.10.06-09.48.55:476][  0]LogStats: UGameplayTagsManager::ConstructGameplayTagTree: GameplayTagTreeChangedEvent.Broadcast -  0.000 s
[2018.10.06-09.48.57:597][  0]SourceControl: Source control is disabled
[2018.10.06-09.48.57:597][  0]Cmd: MAP LOAD FILE="../../../../../!Works/[3D Modeling]/BasilcaSudak/UE4/Content/ChirschScene.umap" TEMPLATE=0 SHOWPROGRESS=1 FEATURELEVEL=3
[2018.10.06-09.48.57:605][  0]LightingResults: New page: Lighting Build
[2018.10.06-09.48.57:667][  0]MapCheck: New page: Map Check
[2018.10.06-09.48.57:667][  0]LightingResults: New page: Lighting Build
[2018.10.06-09.48.58:429][  0]LogAIModule: Creating AISystem for world ChirschScene
[2018.10.06-09.48.58:489][  0]LogEditorServer: Finished looking for orphan Actors (0.000 secs)
[2018.10.06-09.48.58:512][  0]Cmd: MAP CHECKDEP NOCLEARLOG
[2018.10.06-09.48.58:535][  0]MapCheck: Map check complete: 0 Error(s), 0 Warning(s), took 22.811ms to complete.
[2018.10.06-09.48.58:535][  0]LogFileHelpers: Loading map 'ChirschScene' took 0.938
[2018.10.06-09.48.58:644][  0]LogSlate: Updating window title bar state: overlay mode, drag disabled, window buttons hidden, title bar hidden
[2018.10.06-09.48.58:651][  0]LogSlate: Updating window title bar state: overlay mode, drag disabled, window buttons hidden, title bar hidden
[2018.10.06-09.48.58:659][  0]LogSlate: Updating window title bar state: overlay mode, drag disabled, window buttons hidden, title bar hidden
[2018.10.06-09.48.58:670][  0]LogCollectionManager: Loaded 0 collections in 0.003358 seconds
[2018.10.06-09.48.58:699][  0]LogFileCache: Scanning file cache for directory '/media/scad/WD1003FZEX_1TB/!Works/[3D Modeling]/BasilcaSudak/UE4/Saved/Collections/' took 0.00s
[2018.10.06-09.48.58:699][  0]LogFileCache: Scanning file cache for directory '/media/scad/WD1003FZEX_1TB/!Works/[3D Modeling]/BasilcaSudak/UE4/Content/Developers/scad/Collections/' took 0.00s
[2018.10.06-09.48.58:699][  0]LogFileCache: Scanning file cache for directory '/media/scad/WD1003FZEX_1TB/!Works/[3D Modeling]/BasilcaSudak/UE4/Content/Collections/' took 0.01s
[2018.10.06-09.48.58:699][  0]LogContentBrowser: Native class hierarchy populated in 0.0115 seconds. Added 2545 classes and 566 folders.
[2018.10.06-09.48.58:702][  0]LogCollectionManager: Rebuilt the GUID cache for 0 collections in 0.000001 seconds
[2018.10.06-09.48.58:911][  0]LogContentBrowser: Native class hierarchy updated for 'WidgetCarousel' in 0.0002 seconds. Added 0 classes and 0 folders.
[2018.10.06-09.48.58:929][  0]LogContentBrowser: Native class hierarchy updated for 'AddContentDialog' in 0.0002 seconds. Added 0 classes and 0 folders.
[2018.10.06-09.48.59:010][  0]LogContentBrowser: Native class hierarchy updated for 'SceneOutliner' in 0.0002 seconds. Added 1 classes and 2 folders.
[2018.10.06-09.48.59:623][  0]LogContentBrowser: Native class hierarchy updated for 'HierarchicalLODOutliner' in 0.0003 seconds. Added 0 classes and 0 folders.
[2018.10.06-09.48.59:623][  0]LogLoad: (Engine Initialization) Total time: 27.19 seconds
[2018.10.06-09.48.59:623][  0]LogLoad: (Engine Initialization) Total Blueprint compile time: 0.00 seconds
[2018.10.06-09.48.59:634][  0]LogSlate: Took 0.000055 seconds to synchronously load lazily loaded font '../../../Engine/Content/Slate/Fonts/Roboto-Regular.ttf' (155K)
[2018.10.06-09.48.59:639][  0]LogSlate: Took 0.000064 seconds to synchronously load lazily loaded font '../../../Engine/Content/Slate/Fonts/Roboto-Bold.ttf' (160K)
[2018.10.06-09.48.59:646][  0]LogSlate: Took 0.000049 seconds to synchronously load lazily loaded font '../../../Engine/Content/Editor/Slate/Fonts/FontAwesome.ttf' (139K)
[2018.10.06-09.48.59:647][  0]LogSlate: Took 0.000042 seconds to synchronously load lazily loaded font '../../../Engine/Content/Slate/Fonts/DroidSansMono.ttf' (77K)
[2018.10.06-09.48.59:841][  0]LogRenderer: Reallocating scene render targets to support 712x332 Format 10 NumSamples 1 (Frame:1).
[2018.10.06-09.49.00:014][  0]LogInit: Adding external input plugin.
[2018.10.06-09.49.00:038][  0]LogLinux: Setting swap interval to 'Immediate'
[2018.10.06-09.49.00:070][  0]LogContentStreaming: Texture pool size now 1000 MB
[2018.10.06-09.49.00:094][  1]LogAssetRegistry: Asset discovery search completed in 20.5587 seconds
[2018.10.06-09.49.00:096][  1]LogCollectionManager: Rebuilt the object cache for 0 collections in 0.000000 seconds (found 0 objects)
[2018.10.06-09.49.00:096][  1]LogCollectionManager: Fixed up redirectors for 0 collections in 0.000241 seconds (updated 0 objects)
[2018.10.06-10.03.22:401][ 17]LogSlate: FSceneViewport::OnFocusLost() reason 0
[2018.10.06-10.03.23:568][ 65]LogLinux: Setting swap interval to 'Immediate'
[2018.10.06-10.03.25:230][147]LogLinux: Setting swap interval to 'Immediate'
[2018.10.06-10.04.17:733][692]LogLinux: Setting swap interval to 'Immediate'
[2018.10.06-10.04.20:446][919]LogLinux: Setting swap interval to 'Immediate'
[2018.10.06-10.04.21:195][  2]MapCheck: New page: Map Check
[2018.10.06-10.04.21:379][  2]LogLinux: Setting swap interval to 'Immediate'
[2018.10.06-10.04.21:437][  2]LightingResults: New page: Lighting Build - Oct 6, 2018, 5:04:21 PM
[2018.10.06-10.04.21:895][  2]LogStaticLightingSystem: Running Lightmass w/ ImmediateImport mode ENABLED
[2018.10.06-10.04.21:896][  2]LogStaticLightingSystem: Running Lightmass w/ ImmediateProcess mode ENABLED
[2018.10.06-10.04.21:896][  2]LogStaticLightingSystem: Running Lightmass w/ Sorting mode ENABLED
[2018.10.06-10.04.21:896][  2]LogStaticLightingSystem: Running Lightmass w/ Mapping paddings ENABLED
[2018.10.06-10.04.21:896][  2]LogStaticLightingSystem: Running Lightmass w/ Mapping debug paddings DISABLED
[2018.10.06-10.04.22:141][  2]LogEditorBuildUtils: Build time 0:00
[2018.10.06-10.04.22:454][  3]LogLinux: Setting swap interval to 'Immediate'
[2018.10.06-10.04.29:013][293]LogMaterial: Display: Missing cached shader map for material FLightmassMaterialRenderer Cherry_Leafs, compiling. 
[2018.10.06-10.04.29:100][293]LogShaderCompilers: Display: Shaders left to compile 2
[2018.10.06-10.04.29:101][293]LogMaterial: Display: Missing cached shader map for material FLightmassMaterialRenderer Cherry_Leafs, compiling. 
[2018.10.06-10.04.29:117][293]LogMaterial: Display: Missing cached shader map for material FLightmassMaterialRenderer Cherry_Leafs, compiling. 
[2018.10.06-10.04.29:139][294]LogMaterial: Display: Missing cached shader map for material FLightmassMaterialRenderer Oak_Leafs, compiling. 
[2018.10.06-10.04.29:148][294]LogMaterial: Display: Missing cached shader map for material FLightmassMaterialRenderer Oak_Leafs, compiling. 
[2018.10.06-10.04.29:155][294]LogMaterial: Display: Missing cached shader map for material FLightmassMaterialRenderer Oak_Leafs, compiling. 
[2018.10.06-10.04.29:162][295]LogShaderCompilers: Display: Shaders left to compile 10
[2018.10.06-10.07.13:518][516]Lightmass on MicrolabHS: 2:31 min total, 1.11 sec importing, 3.40 sec setup, 17.0 sec photons, 2:09 min processing, 8 ms extra exporting [502/502 mappings]. Threads: 10:46 min total, 7:40 min processing.
[2018.10.06-10.07.13:698][517]LogSlate: Took 0.013730 seconds to synchronously load lazily loaded font '../../../Engine/Content/Slate/Fonts/Roboto-Light.ttf' (167K)
[2018.10.06-10.07.13:766][517]LogLinux: Setting swap interval to 'Immediate'
[2018.10.06-10.07.13:844][517]LogLinux: Setting swap interval to 'Immediate'
[2018.10.06-10.07.14:121][517]LogVolumetricLightmapImport: Imported Volumetric Lightmap in 0.009s
[2018.10.06-10.07.14:121][517]LogVolumetricLightmapImport:      Indirection Texture 16x16x16 = 0.0Mb
[2018.10.06-10.07.14:122][517]LogVolumetricLightmapImport:      BrickData 615x5x5 = 0.5Mb
[2018.10.06-10.07.14:122][517]LogVolumetricLightmapImport:      Bricks at Level
[2018.10.06-10.07.14:122][517]LogVolumetricLightmapImport:          0: 0.8% covering 100.0% of volume
[2018.10.06-10.07.14:122][517]LogVolumetricLightmapImport:          1: 3.3% covering 6.2% of volume
[2018.10.06-10.07.14:122][517]LogVolumetricLightmapImport:          2: 95.9% covering 2.9% of volume
[2018.10.06-10.07.21:250][517]LogTexture: Display: Building textures: HQ_Lightmap1_1 (AutoDXT, 1024X1024)
[2018.10.06-10.07.21:251][517]LogTexture: Display: Building textures: LQ_Lightmap_1_1 (DXT1, 1024X1024)
[2018.10.06-10.07.21:251][517]LogTexture: Display: Building textures: HQ_Lightmap0_2 (AutoDXT, 1024X1024)
[2018.10.06-10.07.21:251][517]LogTexture: Display: Building textures: LQ_Lightmap_0_2 (DXT1, 1024X1024)
[2018.10.06-10.07.21:251][517]LogTexture: Display: Building textures: HQ_Lightmap1_3 (AutoDXT, 1024X1024)
[2018.10.06-10.07.21:252][517]LogTexture: Display: Building textures: LQ_Lightmap_1_3 (DXT1, 1024X1024)
[2018.10.06-10.07.21:252][517]LogTexture: Display: Building textures: HQ_Lightmap1_4 (AutoDXT, 1024X1024)
[2018.10.06-10.07.21:252][517]LogTexture: Display: Building textures: LQ_Lightmap_1_4 (DXT1, 1024X1024)
[2018.10.06-10.07.21:252][517]LogTexture: Display: Building textures: HQ_Lightmap0_5 (AutoDXT, 64X64)
[2018.10.06-10.07.21:252][517]LogTexture: Display: Building textures: LQ_Lightmap_0_5 (DXT1, 64X64)
[2018.10.06-10.07.21:451][517]LogTexture: Display: Building textures: ShadowMapTexture2D_0 (G8, 1024X1024)
[2018.10.06-10.07.21:592][517]LogTexture: Display: Building textures: ShadowMapTexture2D_1 (G8, 1024X1024)
[2018.10.06-10.07.21:592][517]LogTexture: Display: Building textures: ShadowMapTexture2D_2 (G8, 32X32)
[2018.10.06-10.07.21:671][517]LogStaticLightingSystem: Illumination: 3:00 min (6.09 sec encoding lightmaps, 337 ms encoding shadowmaps)
[2018.10.06-10.07.21:671][517]LogStaticLightingSystem: Lightmap texture memory:  8.0 MB (8.0 MB streaming, 0.0 MB non-streaming), 10 textures
[2018.10.06-10.07.21:672][517]LogStaticLightingSystem: Shadowmap texture memory: 2.7 MB (2.7 MB streaming, 0.0 MB non-streaming), 3 textures
[2018.10.06-10.07.21:706][517]DumpUnbuiltLightIteractions
[2018.10.06-10.07.21:706][517]Lights with unbuilt interactions: 0
[2018.10.06-10.07.21:706][517]
[2018.10.06-10.07.21:706][517]Primitives with unbuilt interactions: 0
[2018.10.06-10.07.21:966][517]LogLinux: Setting swap interval to 'Immediate'
[2018.10.06-10.07.22:310][518]Cmd: MAP CHECK NOTIFYRESULTS
[2018.10.06-10.07.22:310][518]MapCheck: New page: ChirschScene - Oct 6, 2018, 5:07:22 PM
[2018.10.06-10.07.22:943][518]MapCheck: Map check complete: 0 Error(s), 0 Warning(s), took 632.328ms to complete.
[2018.10.06-10.07.24:194][577]LogLinux: Setting swap interval to 'Immediate'
[2018.10.06-10.07.27:494][746]LogTemp: Repeating last play command: Standalone Game
[2018.10.06-10.07.27:700][746]LogLinux: Setting swap interval to 'Immediate'
[2018.10.06-10.07.29:421][746]LogSlate: Window 'Save Content' being destroyed
[2018.10.06-10.07.29:761][746]LogLinux: Setting swap interval to 'Immediate'
[2018.10.06-10.07.29:884][746]Cmd: OBJ SAVEPACKAGE PACKAGE="/Game/ChirschScene" FILE="../../../../../!Works/[3D Modeling]/BasilcaSudak/UE4/Content/ChirschScene.umap" SILENT=true AUTOSAVING=false KEEPDIRTY=false
[2018.10.06-10.07.31:426][746]LogSavePackage: Moving '../../../../../!Works/[3D Modeling]/BasilcaSudak/UE4/Saved/ChirschScene1E53032F08D62B8CAC2EB3F8A4289F68.tmp' to '../../../../../!Works/[3D Modeling]/BasilcaSudak/UE4/Content/ChirschScene.umap'
[2018.10.06-10.07.31:543][746]LogFileHelpers: Saving map 'ChirschScene' took 1.740
[2018.10.06-10.07.31:603][746]Cmd: OBJ SAVEPACKAGE PACKAGE="/Game/ChirschScene_BuiltData" FILE="../../../../../!Works/[3D Modeling]/BasilcaSudak/UE4/Content/ChirschScene_BuiltData.uasset" SILENT=true
[2018.10.06-10.07.34:925][746]LogSavePackage: Moving '../../../../../!Works/[3D Modeling]/BasilcaSudak/UE4/Saved/ChirschScene_BuiltData1E5771CD08D62B8CAD122480A43F5DCF.tmp' to '../../../../../!Works/[3D Modeling]/BasilcaSudak/UE4/Content/ChirschScene_BuiltData.uasset'
[2018.10.06-10.07.35:175][746]Cmd: OBJ SAVEPACKAGE PACKAGE="/Game/ChirschScene_BuiltData" FILE="../../../../../!Works/[3D Modeling]/BasilcaSudak/UE4/Content/ChirschScene_BuiltData.uasset" SILENT=true
[2018.10.06-10.07.38:423][746]LogSavePackage: Moving '../../../../../!Works/[3D Modeling]/BasilcaSudak/UE4/Saved/ChirschScene_BuiltData1E59580108D62B8CAF0EE692A4723DFD.tmp' to '../../../../../!Works/[3D Modeling]/BasilcaSudak/UE4/Content/ChirschScene_BuiltData.uasset'
