"D:/Works/3D Engine Apps/Basilica Sudak/UE4/Content/BasilikaSudak-plg.uasset" 0
"D:/Works/3D Engine Apps/Basilica Sudak/UE4/Content/Materials/Textures/CherrySprite.uasset" 1
"D:/Works/3D Engine Apps/Basilica Sudak/UE4/Content/Materials/Textures/CherrySprite_normal.uasset" 2
"D:/Works/3D Engine Apps/Basilica Sudak/UE4/Content/Materials/Textures/CherrySprite_spec.uasset" 3
"D:/Works/3D Engine Apps/Basilica Sudak/UE4/Content/Materials/Cherry_Leafs.uasset" 4
"D:/Works/3D Engine Apps/Basilica Sudak/UE4/Content/Objects/CherryBush.uasset" 5
"D:/Works/3D Engine Apps/Basilica Sudak/UE4/Content/BushesSudak-plg.uasset" 6
"D:/Works/3D Engine Apps/Basilica Sudak/UE4/Content/Materials/Textures/bark-1024-colcor.uasset" 7
"D:/Works/3D Engine Apps/Basilica Sudak/UE4/Content/Materials/Textures/bark-1024-colcor_normal.uasset" 8
"D:/Works/3D Engine Apps/Basilica Sudak/UE4/Content/Materials/Textures/bark-1024-colcor_spec.uasset" 9
"D:/Works/3D Engine Apps/Basilica Sudak/UE4/Content/Materials/Oak_Bark.uasset" 10
"D:/Works/3D Engine Apps/Basilica Sudak/UE4/Content/Materials/Textures/oalSprite.uasset" 11
"D:/Works/3D Engine Apps/Basilica Sudak/UE4/Content/Materials/Textures/oalSprite_normal.uasset" 12
"D:/Works/3D Engine Apps/Basilica Sudak/UE4/Content/Materials/Textures/oalSprite_spec.uasset" 13
"D:/Works/3D Engine Apps/Basilica Sudak/UE4/Content/Materials/Oak_Leafs.uasset" 14
"D:/Works/3D Engine Apps/Basilica Sudak/UE4/Content/Objects/OakTree.uasset" 15
"D:/Works/3D Engine Apps/Basilica Sudak/UE4/Content/TreesSudak-plg_leaves.uasset" 16
"D:/Works/3D Engine Apps/Basilica Sudak/UE4/Content/Blueprints/FlyingCharacter.uasset" 17
"D:/Works/3D Engine Apps/Basilica Sudak/UE4/Content/Blueprints/WalkingCharacter.uasset" 18
"D:/Works/3D Engine Apps/Basilica Sudak/UE4/Content/Materials/Textures/Wood_Dark1.uasset" 19
"D:/Works/3D Engine Apps/Basilica Sudak/UE4/Content/Materials/Textures/Wood_Dark_normal.uasset" 20
"D:/Works/3D Engine Apps/Basilica Sudak/UE4/Content/Materials/Textures/Wood_Dark_spec.uasset" 21
"D:/Works/3D Engine Apps/Basilica Sudak/UE4/Content/Materials/Wood_Dark.uasset" 22
"../../../Engine/Content/Functions/Engine_MaterialFunctions01/Opacity/CameraDepthFade.uasset" 23
"../../../Engine/Content/EngineMaterials/T_Default_Material_Grid_M.uasset" 24
"../../../Engine/Content/EngineMaterials/T_Default_Material_Grid_N.uasset" 25
"../../../Engine/Content/EngineMaterials/WorldGridMaterial.uasset" 26
"../../../Engine/Content/BasicShapes/Cube.uasset" 27
"D:/Works/3D Engine Apps/Basilica Sudak/UE4/Content/Blueprints/ActiveDoorBP.uasset" 28
"D:/Works/3D Engine Apps/Basilica Sudak/UE4/Content/Objects/ActiveDoorBP_CChild.uasset" 29
"D:/Works/3D Engine Apps/Basilica Sudak/UE4/Content/Blueprints/ActiveDoorBP_CChild.uasset" 30
"D:/Works/3D Engine Apps/Basilica Sudak/UE4/Content/Objects/ActiveDoorBP_LChild.uasset" 31
"D:/Works/3D Engine Apps/Basilica Sudak/UE4/Content/Blueprints/ActiveDoorBP_LChild.uasset" 32
"D:/Works/3D Engine Apps/Basilica Sudak/UE4/Content/Blueprints/ActiveDoorBP_Child1.uasset" 33
"D:/Works/3D Engine Apps/Basilica Sudak/UE4/Content/Objects/ActiveDoorBP_RChild.uasset" 34
"D:/Works/3D Engine Apps/Basilica Sudak/UE4/Content/Blueprints/ActiveDoorBP_RChild.uasset" 35
"D:/Works/3D Engine Apps/Basilica Sudak/UE4/Content/Blueprints/Box_Brush_Blueprint.uasset" 36
"D:/Works/3D Engine Apps/Basilica Sudak/UE4/Content/Blueprints/SudakCharacter.uasset" 37
"D:/Works/3D Engine Apps/Basilica Sudak/UE4/Content/Materials/Textures/dirt1.uasset" 38
"D:/Works/3D Engine Apps/Basilica Sudak/UE4/Content/Materials/Textures/dirt1_normal.uasset" 39
"D:/Works/3D Engine Apps/Basilica Sudak/UE4/Content/Materials/Textures/dirt1_spec.uasset" 40
"D:/Works/3D Engine Apps/Basilica Sudak/UE4/Content/Materials/DirtyGround.uasset" 41
"D:/Works/3D Engine Apps/Basilica Sudak/UE4/Content/Materials/Ground.uasset" 42
"D:/Works/3D Engine Apps/Basilica Sudak/UE4/Content/Materials/Textures/CherrySprite_displace.uasset" 43
"D:/Works/3D Engine Apps/Basilica Sudak/UE4/Content/Materials/Textures/oak_branch.uasset" 44
"D:/Works/3D Engine Apps/Basilica Sudak/UE4/Content/Materials/Textures/oak_branch_mask.uasset" 45
"D:/Works/3D Engine Apps/Basilica Sudak/UE4/Content/Materials/Textures/oak_branch_normal.uasset" 46
"D:/Works/3D Engine Apps/Basilica Sudak/UE4/Content/Materials/Textures/oak_branch_spec.uasset" 47
"D:/Works/3D Engine Apps/Basilica Sudak/UE4/Content/Materials/Textures/oalSprite_displace.uasset" 48
"D:/Works/3D Engine Apps/Basilica Sudak/UE4/Content/Materials/Textures/Sand_Bricks_1_displace.uasset" 49
"D:/Works/3D Engine Apps/Basilica Sudak/UE4/Content/Materials/Textures/tree_bark_normal.uasset" 50
"D:/Works/3D Engine Apps/Basilica Sudak/UE4/Content/Materials/Textures/tree_bark_spec.uasset" 51
"D:/Works/3D Engine Apps/Basilica Sudak/UE4/Content/Materials/Textures/tree_stem_01-mask.uasset" 52
"D:/Works/3D Engine Apps/Basilica Sudak/UE4/Content/Materials/Textures/tree_stem_01.uasset" 53
"D:/Works/3D Engine Apps/Basilica Sudak/UE4/Content/Materials/Textures/tree_stem_01_normal.uasset" 54
"D:/Works/3D Engine Apps/Basilica Sudak/UE4/Content/Materials/Textures/tree_stem_01_spec.uasset" 55
"D:/Works/3D Engine Apps/Basilica Sudak/UE4/Content/Materials/Textures/T_M_TreesSudak-plg_leaves_Oak_Bark_1EFDF79308D62311C0ED2A64CD7672E8_BaseColor.uasset" 56
"D:/Works/3D Engine Apps/Basilica Sudak/UE4/Content/Materials/Textures/T_M_TreesSudak-plg_leaves_Oak_Leafs_1EFDF79308D62311C0ED2A64CD7672E8_BaseColor.uasset" 57
"D:/Works/3D Engine Apps/Basilica Sudak/UE4/Content/Materials/Textures/Window_Frame_x3_Alpha.uasset" 58
"D:/Works/3D Engine Apps/Basilica Sudak/UE4/Content/Materials/Textures/Window_Frame_x4_Alpha.uasset" 59
"D:/Works/3D Engine Apps/Basilica Sudak/UE4/Content/Materials/Textures/Wood_Dark2.uasset" 60
"D:/Works/3D Engine Apps/Basilica Sudak/UE4/Content/Materials/Textures/Window_Frame_x4.uasset" 61
"D:/Works/3D Engine Apps/Basilica Sudak/UE4/Content/Materials/Textures/Window_Frame_x4_normal.uasset" 62
"D:/Works/3D Engine Apps/Basilica Sudak/UE4/Content/Materials/Textures/Window_Frame_x4_spec.uasset" 63
"D:/Works/3D Engine Apps/Basilica Sudak/UE4/Content/Materials/Window_Frame_x4.uasset" 64
"D:/Works/3D Engine Apps/Basilica Sudak/UE4/Content/Materials/WindowBlue.uasset" 65
"D:/Works/3D Engine Apps/Basilica Sudak/UE4/Content/Objects/WindowFrameX4.uasset" 66
"D:/Works/3D Engine Apps/Basilica Sudak/UE4/Content/Splash/Splash.uasset" 67
"D:/Works/3D Engine Apps/Basilica Sudak/UE4/Content/Sprites/f1-key-icon-50140.uasset" 68
"D:/Works/3D Engine Apps/Basilica Sudak/UE4/Content/Sprites/SudakSplash.uasset" 69
"../../../Engine/Content/Animation/DefaultAnimCurveCompressionSettings.uasset" 70
"../../../Engine/Content/ArtTools/RenderToTexture/Meshes/S_1_Unit_Plane.uasset" 71
"../../../Engine/Content/EngineMaterials/DefaultMaterial.uasset" 72
"../../../Engine/Content/BasicShapes/Cone.uasset" 73
"../../../Engine/Content/BasicShapes/Cylinder.uasset" 74
"../../../Engine/Content/BasicShapes/Plane.uasset" 75
"../../../Engine/Content/BasicShapes/Sphere.uasset" 76
"../../../Engine/Content/EditorLandscapeResources/DataLayer.uasset" 77
"../../../Engine/Content/EditorMaterials/GizmoMaterial.uasset" 78
"../../../Engine/Content/EditorMaterials/MAT_Groups_Toggle.uasset" 79
"../../../Engine/Content/EditorMaterials/MAT_Groups_Visibility.uasset" 80
"../../../Engine/Content/EditorMaterials/PreviewShadowIndicator.uasset" 81
"../../../Engine/Content/EditorMaterials/PreviewShadowIndicatorMaterial.uasset" 82
"../../../Engine/Content/EditorMaterials/MatineeGroups/MAT_ColorTrack.uasset" 83
"../../../Engine/Content/EditorMaterials/MatineeGroups/MAT_Groups_Anim.uasset" 84
"../../../Engine/Content/EditorMaterials/MatineeGroups/MAT_Groups_AudioMaster.uasset" 85
"../../../Engine/Content/EditorMaterials/MatineeGroups/MAT_Groups_Director.uasset" 86
"../../../Engine/Content/EditorMaterials/MatineeGroups/MAT_Groups_Event.uasset" 87
"../../../Engine/Content/EditorMaterials/MatineeGroups/MAT_Groups_Fade.uasset" 88
"../../../Engine/Content/EditorMaterials/MatineeGroups/MAT_Groups_Float.uasset" 89
"../../../Engine/Content/EditorMaterials/MatineeGroups/MAT_Groups_Move.uasset" 90
"../../../Engine/Content/EditorMaterials/MatineeGroups/MAT_Groups_Slomo.uasset" 91
"../../../Engine/Content/EditorMaterials/MatineeGroups/MAT_Groups_Sound.uasset" 92
"../../../Engine/Content/EditorMaterials/MatineeGroups/MAT_Groups_Vector.uasset" 93
"../../../Engine/Content/EditorMaterials/ParticleSystems/PSysThumbnail_NoImage.uasset" 94
"../../../Engine/Content/EditorMaterials/ParticleSystems/PSysThumbnail_OOD.uasset" 95
"../../../Engine/Content/EditorMaterials/Camera/CineMat.uasset" 96
"../../../Engine/Content/EditorMaterials/Camera/MI_CineMat_Rig.uasset" 97
"../../../Engine/Content/EditorMeshes/Camera/SM_CraneRig_Arm.uasset" 98
"../../../Engine/Content/EditorMeshes/Camera/SM_CraneRig_Base.uasset" 99
"../../../Engine/Content/EditorMeshes/Camera/SM_CraneRig_Body.uasset" 100
"../../../Engine/Content/EditorMeshes/Camera/SM_CraneRig_Mount.uasset" 101
"../../../Engine/Content/EditorMeshes/Camera/SM_RailRig_Mount.uasset" 102
"../../../Engine/Content/EditorMeshes/Camera/SM_RailRig_Track.uasset" 103
"../../../Engine/Content/EditorResources/BSPVertex.uasset" 104
"../../../Engine/Content/EditorResources/EmptyActor.uasset" 105
"../../../Engine/Content/EditorResources/S_Actor.uasset" 106
"../../../Engine/Content/EditorResources/S_Note.uasset" 107
"../../../Engine/Content/EditorResources/S_Trigger.uasset" 108
"../../../Engine/Content/EditorResources/LightIcons/S_LightError.uasset" 109
"../../../Engine/Content/EditorResources/SequenceRecorder/Countdown.uasset" 110
"../../../Engine/Content/EditorResources/SequenceRecorder/RecordingIndicator.uasset" 111
"../../../Engine/Content/EditorSounds/Notifications/CompileFailed.uasset" 112
"../../../Engine/Content/EditorSounds/Notifications/CompileFailed_Cue.uasset" 113
"../../../Engine/Content/EditorSounds/Notifications/CompileSuccess.uasset" 114
"../../../Engine/Content/EditorSounds/Notifications/CompileStart_Cue.uasset" 115
"../../../Engine/Content/EditorSounds/Notifications/CompileSuccess_Cue.uasset" 116
"../../../Engine/Content/EngineDamageTypes/DmgTypeBP_Environmental.uasset" 117
"../../../Engine/Content/EngineDebugMaterials/HeatmapGradient.uasset" 118
"../../../Engine/Content/EngineDebugMaterials/BoneWeightMaterial.uasset" 119
"../../../Engine/Content/EngineDebugMaterials/ClothMaterial.uasset" 120
"../../../Engine/Content/EngineDebugMaterials/ClothMaterial_WF.uasset" 121
"../../../Engine/Content/EngineDebugMaterials/DebugEditorMaterial.uasset" 122
"../../../Engine/Content/EngineDebugMaterials/DebugMeshMaterial.uasset" 123
"../../../Engine/Content/EngineDebugMaterials/GeomMaterial.uasset" 124
"../../../Engine/Content/EngineDebugMaterials/M_SimpleTranslucent.uasset" 125
"../../../Engine/Content/EngineFonts/Faces/RobotoBold.uasset" 126
"../../../Engine/Content/EngineFonts/Faces/RobotoBoldItalic.uasset" 127
"../../../Engine/Content/EngineFonts/Faces/RobotoItalic.uasset" 128
"../../../Engine/Content/EngineFonts/Faces/RobotoLight.uasset" 129
"../../../Engine/Content/EngineFonts/Faces/RobotoRegular.uasset" 130
"../../../Engine/Content/EngineFonts/Roboto.uasset" 131
"../../../Engine/Content/EngineFonts/Faces/RobotoTiny.uasset" 132
"../../../Engine/Content/EngineFonts/RobotoTiny.uasset" 133
"../../../Engine/Content/EngineMaterials/BaseFlattenDiffuseMap.uasset" 134
"../../../Engine/Content/EngineMaterials/BaseFlattenEmissiveMap.uasset" 135
"../../../Engine/Content/EngineMaterials/BaseFlattenGrayscaleMap.uasset" 136
"../../../Engine/Content/EngineMaterials/BaseFlattenNormalMap.uasset" 137
"../../../Engine/Content/EngineMaterials/BaseFlattenMaterial.uasset" 138
"../../../Engine/Content/EngineMaterials/DefaultBloomKernel.uasset" 139
"../../../Engine/Content/EngineMaterials/DefaultBokeh.uasset" 140
"../../../Engine/Content/EngineMaterials/DefaultDiffuse.uasset" 141
"../../../Engine/Content/EngineMaterials/DefaultDeferredDecalMaterial.uasset" 142
"../../../Engine/Content/EngineMaterials/DefaultLightFunctionMaterial.uasset" 143
"../../../Engine/Content/Functions/Engine_MaterialFunctions02/Utility/BreakOutFloat2Components.uasset" 144
"../../../Engine/Content/EngineMaterials/DefaultPostProcessMaterial.uasset" 145
"../../../Engine/Content/EngineFonts/RobotoDistanceField.uasset" 146
"../../../Engine/Content/EngineMaterials/DefaultTextMaterialOpaque.uasset" 147
"../../../Engine/Content/EngineMaterials/DefaultWhiteGrid.uasset" 148
"../../../Engine/Content/EngineMaterials/EditorBrushMaterial.uasset" 149
"../../../Engine/Content/EngineMaterials/Good64x64TilingNoiseHighFreq.uasset" 150
"../../../Engine/Content/EngineMaterials/MiniFont.uasset" 151
"../../../Engine/Content/EngineMaterials/InvalidLightmapSettings.uasset" 152
"../../../Engine/Content/EngineMaterials/M_InvalidLightmapSettings.uasset" 153
"../../../Engine/Content/Functions/Engine_MaterialFunctions02/WorldPositionOffset/CameraOffset.uasset" 154
"../../../Engine/Content/EngineMaterials/PhAT_JointLimitMaterial.uasset" 155
"../../../Engine/Content/EngineMaterials/PreintegratedSkinBRDF.uasset" 156
"../../../Engine/Content/EngineMaterials/RemoveSurfaceMaterial.uasset" 157
"../../../Engine/Content/EngineMaterials/WeightMapPlaceholderTexture.uasset" 158
"../../../Engine/Content/EngineResources/WhiteSquareTexture.uasset" 159
"../../../Engine/Content/EngineMaterials/Widget3DPassThrough.uasset" 160
"../../../Engine/Content/EngineMaterials/Widget3DPassThrough_Masked.uasset" 161
"../../../Engine/Content/EngineMaterials/Widget3DPassThrough_Opaque.uasset" 162
"../../../Engine/Content/EngineMaterials/Widget3DPassThrough_Masked_OneSided.uasset" 163
"../../../Engine/Content/EngineMaterials/Widget3DPassThrough_Opaque_OneSided.uasset" 164
"../../../Engine/Content/EngineMaterials/Widget3DPassThrough_Translucent.uasset" 165
"../../../Engine/Content/EngineMaterials/Widget3DPassThrough_Translucent_OneSided.uasset" 166
"../../../Engine/Content/EngineMeshes/Cube.uasset" 167
"../../../Engine/Content/EngineMeshes/Cylinder.uasset" 168
"../../../Engine/Content/EngineMeshes/Sphere.uasset" 169
"../../../Engine/Content/EngineResources/Black.uasset" 170
"../../../Engine/Content/EngineResources/DefaultTexture.uasset" 171
"../../../Engine/Content/EngineResources/DefaultTextureCube.uasset" 172
"../../../Engine/Content/EngineResources/DefaultVolumeTexture2D.uasset" 173
"../../../Engine/Content/EngineResources/DefaultVolumeTexture.uasset" 174
"../../../Engine/Content/EngineResources/GradientTexture0.uasset" 175
"../../../Engine/Content/EngineSounds/Master.uasset" 176
"../../../Engine/Content/Functions/Engine_MaterialFunctions01/Shading/ConvertFromDiffSpec.uasset" 177
"../../../Engine/Content/Functions/Engine_MaterialFunctions01/Shading/PowerToRoughness.uasset" 178
"../../../Engine/Content/Maps/Templates/Thumbnails/Default.uasset" 179
"../../../Engine/Content/Maps/Templates/Thumbnails/VR-Basic.uasset" 180
"../../../Engine/Content/MobileResources/T_MobileControls_texture.uasset" 181
"../../../Engine/Content/MobileResources/T_MobileMenu2.uasset" 182
"../../../Engine/Content/MobileResources/HUD/AnalogHat.uasset" 183
"../../../Engine/Content/MobileResources/HUD/VirtualJoystick_Background.uasset" 184
"../../../Engine/Content/MobileResources/HUD/VirtualJoystick_Thumb.uasset" 185
"../../../Engine/Content/MobileResources/HUD/DefaultVirtualJoysticks.uasset" 186
"../../../Engine/Content/MobileResources/HUD/LeftVirtualJoystickOnly.uasset" 187
"../../../Engine/Content/MobileResources/HUD/MobileHUDButton1_off.uasset" 188
"../../../Engine/Content/MobileResources/HUD/MobileHUDButton1_on.uasset" 189
"../../../Engine/Content/MobileResources/HUD/MobileHUDButton2_off.uasset" 190
"../../../Engine/Content/MobileResources/HUD/MobileHUDButton2_on.uasset" 191
"../../../Engine/Content/MobileResources/HUD/MobileHUDButton3.uasset" 192
"../../../Engine/Content/MobileResources/HUD/MobileHUDButtonFire.uasset" 193
"../../../Engine/Content/MobileResources/HUD/MobileHUDDirectionPad.uasset" 194
"../../../Engine/Content/MobileResources/HUD/MobileHUDDirectionPad2.uasset" 195
"../../../Engine/Content/MobileResources/HUD/MobileHUDDirectionPad3.uasset" 196
"../../../Engine/Content/MobileResources/HUD/MobileHUDDirectionStick.uasset" 197
"../../../Engine/Content/MobileResources/HUD/T_Castle_ThumbstickInner.uasset" 198
"../../../Engine/Content/MobileResources/HUD/T_Castle_ThumbstickOutter.uasset" 199
"../../../Engine/Content/Tutorial/ContentIntroCurve.uasset" 200
"../../../Engine/Content/Tutorial/Basics/LevelEditorAttract.uasset" 201
"../../../Engine/Content/Tutorial/Basics/TutorialAssets/icon_tab_Levels_40x.uasset" 202
"../../../Engine/Content/Tutorial/Basics/LevelEditorOverview.uasset" 203
"../../../Engine/Content/Tutorial/BlueprintTutorials/TutorialAssets/Blueprint_64x.uasset" 204
"../../../Engine/Content/Tutorial/BlueprintTutorials/BlueprintEditorTutorial.uasset" 205
"../../../Engine/Content/Tutorial/BlueprintTutorials/TutorialAssets/BlueprintInterface_64x.uasset" 206
"../../../Engine/Content/Tutorial/BlueprintTutorials/BlueprintInterfacesEditorOverview.uasset" 207
"../../../Engine/Content/Tutorial/BlueprintTutorials/LevelBlueprintEditorOverview.uasset" 208
"../../../Engine/Content/Tutorial/BlueprintTutorials/TutorialAssets/Tutorial_BP_Interface.uasset" 209
"../../../Engine/Content/Tutorial/Code/AddingCode.uasset" 210
"../../../Engine/Content/Tutorial/Foliage/TutorialAssets/Foliage.uasset" 211
"../../../Engine/Content/Tutorial/Foliage/Foliage_Intro_Tutorial.uasset" 212
"../../../Engine/Content/Tutorial/Foliage/Foliage_Settings_Tutorial.uasset" 213
"../../../Engine/Content/Tutorial/Foliage/Foliage_Using_The_Tool_Tutorial.uasset" 214
"../../../Engine/Content/Tutorial/Landscape/TutorialAssets/Landscape.uasset" 215
"../../../Engine/Content/Tutorial/Landscape/LandscapeWalkThrough.uasset" 216
"../../../Engine/Content/Tutorial/Landscape/Landscape_Manage_Mode.uasset" 217
"../../../Engine/Content/EditorBlueprintResources/StandardMacros.uasset" 218
"../../../Engine/Content/Tutorial/Landscape/Landscape_Painting_Mode.uasset" 219
"../../../Engine/Content/Tutorial/Landscape/Landscape_Sculpt_Mode.uasset" 220
"../../../Engine/Content/Tutorial/Mobile/TutorialAssets/android_Icon.uasset" 221
"../../../Engine/Content/Tutorial/Mobile/SettingUpAndroidTutorial.uasset" 222
"../../../Engine/Content/Tutorial/SubEditors/MaterialEditorTutorial.uasset" 223
"../../../Engine/Content/Tutorial/SubEditors/StaticMeshEditorTutorial.uasset" 224
"../../../Engine/Content/Tutorial/SubEditors/TutorialAssets/TutorialMaterial.uasset" 225
"../../../Engine/Content/VREditor/LaserPointer/VR_LaserPower_01.uasset" 226
"../../../Engine/Content/VREditor/TransformGizmo/TransformGizmoMaterial.uasset" 227
"../../../Engine/Content/VREditor/TransformGizmo/TranslucentTransformGizmoMaterial.uasset" 228
"../../../Engine/Content/VREditor/TransformGizmo/BoundingBoxCorner.uasset" 229
"../../../Engine/Content/VREditor/TransformGizmo/BoundingBoxEdge.uasset" 230
"../../../Engine/Content/VREditor/TransformGizmo/PlaneTranslationHandle.uasset" 231
"../../../Engine/Content/VREditor/TransformGizmo/Main.uasset" 232
"../../../Engine/Content/VREditor/TransformGizmo/Xray.uasset" 233
"../../../Engine/Content/VREditor/TransformGizmo/SM_Sequencer_Key.uasset" 234
"../../../Engine/Content/VREditor/TransformGizmo/SM_Sequencer_Node.uasset" 235
"../../Plugins/2D/Paper2D/Content/PlaceholderTextures/DummySpriteTexture.uasset" 236
"../../Plugins/2D/Paper2D/Content/DummySprite.uasset" 237
"../../Plugins/2D/Paper2D/Content/DefaultPaperTerrainMaterial.uasset" 238
"../../Plugins/2D/Paper2D/Content/DummySpriteTexture.uasset" 239
"../../Plugins/2D/Paper2D/Content/DefaultSpriteMaterial.uasset" 240
"../../Plugins/2D/Paper2D/Content/MaskedUnlitSpriteMaterial.uasset" 241
"../../Plugins/2D/Paper2D/Content/OpaqueUnlitSpriteMaterial.uasset" 242
"../../Plugins/Runtime/Oculus/OculusVR/Content/OculusMR_RenderTarget.uasset" 243
"../../../Engine/Content/Functions/Engine_MaterialFunctions02/Utility/BreakOutFloat4Components.uasset" 244
"../../../Engine/Content/Functions/Engine_MaterialFunctions02/Utility/MakeFloat2.uasset" 245
"../../../Engine/Content/Functions/Engine_MaterialFunctions02/Utility/MakeFloat3.uasset" 246
"../../Plugins/Runtime/Oculus/OculusVR/Content/Materials/OculusMR_ChromaKey.uasset" 247
"../../Plugins/Runtime/Oculus/OculusVR/Content/Materials/OculusMR_ChromaKey_Lit.uasset" 248
"../../Plugins/Runtime/Oculus/OculusVR/Content/Materials/OculusMR_OpaqueColoredMaterial.uasset" 249
"../../Plugins/Runtime/Oculus/OculusVR/Content/Materials/OculusMR_WhiteMaterial.uasset" 250
"../../Plugins/Runtime/Oculus/OculusVR/Content/Materials/PokeAHoleMaterial.uasset" 251
"../../Plugins/Runtime/Oculus/OculusVR/Content/Textures/GearVRController_AO.uasset" 252
"../../Plugins/Runtime/Oculus/OculusVR/Content/Textures/GearVRController_Color.uasset" 253
"../../Plugins/Runtime/Oculus/OculusVR/Content/Textures/GearVRController_Normal.uasset" 254
"../../Plugins/Runtime/Oculus/OculusVR/Content/Materials/GearVRControllerMaterial.uasset" 255
"../../Plugins/Runtime/Oculus/OculusVR/Content/Meshes/GearVrController.uasset" 256
"../../Plugins/Runtime/Oculus/OculusVR/Content/Textures/touchController_albedo.uasset" 257
"../../Plugins/Runtime/Oculus/OculusVR/Content/Textures/touchController_controlmap.uasset" 258
"../../Plugins/Runtime/Oculus/OculusVR/Content/Materials/touchController_mat.uasset" 259
"../../Plugins/Runtime/Oculus/OculusVR/Content/Meshes/LeftTouchController.uasset" 260
"../../Plugins/Runtime/Oculus/OculusVR/Content/Meshes/RiftHMD.uasset" 261
"../../Plugins/Runtime/Oculus/OculusVR/Content/Meshes/RightTouchController.uasset" 262
"../../../Engine/Content/EngineSky/C_Sky_Cloud_Color.uasset" 263
"../../../Engine/Content/EngineSky/C_Sky_Horizon_Color.uasset" 264
"../../../Engine/Content/EngineSky/C_Sky_Zenith_Color.uasset" 265
"../../../Engine/Content/EngineSky/T_Sky_Blue.uasset" 266
"../../../Engine/Content/EngineSky/T_Sky_Clouds_M.uasset" 267
"../../../Engine/Content/EngineSky/T_Sky_Stars.uasset" 268
"../../../Engine/Content/EngineSky/M_Sky_Panning_Clouds2.uasset" 269
"../../../Engine/Content/EngineSky/SM_SkySphere.uasset" 270
"../../../Engine/Content/EngineSky/BP_Sky_Sphere.uasset" 271
"D:/Works/3D Engine Apps/Basilica Sudak/UE4/Content/Blueprints/SudakHUD.uasset" 272
"D:/Works/3D Engine Apps/Basilica Sudak/UE4/Content/Blueprints/SudakGameMode.uasset" 273
"D:/Works/3D Engine Apps/Basilica Sudak/UE4/Content/ChirschScene_BuiltData.uasset" 274
"D:/Works/3D Engine Apps/Basilica Sudak/UE4/Content/Sprites/keyboard-key-icon.uasset" 275
"D:/Works/3D Engine Apps/Basilica Sudak/UE4/Content/Blueprints/SudakOverlay.uasset" 276
"../../../Engine/Content/EngineMaterials/DefaultPhysicalMaterial.uasset" 277
"D:/Works/3D Engine Apps/Basilica Sudak/UE4/Content/Blueprints/HelpScreen.uasset" 278
"D:/Works/3D Engine Apps/Basilica Sudak/UE4/Content/Materials/Textures/BigArc1.uasset" 279
"D:/Works/3D Engine Apps/Basilica Sudak/UE4/Content/Materials/Textures/BigArc_normal.uasset" 280
"D:/Works/3D Engine Apps/Basilica Sudak/UE4/Content/Materials/Textures/BigArc_spec.uasset" 281
"D:/Works/3D Engine Apps/Basilica Sudak/UE4/Content/Materials/BigArc.uasset" 282
"D:/Works/3D Engine Apps/Basilica Sudak/UE4/Content/Materials/Textures/Column_Basemant1.uasset" 283
"D:/Works/3D Engine Apps/Basilica Sudak/UE4/Content/Materials/Textures/Column_Basemant_normal.uasset" 284
"D:/Works/3D Engine Apps/Basilica Sudak/UE4/Content/Materials/Textures/Column_Basemant_spec.uasset" 285
"D:/Works/3D Engine Apps/Basilica Sudak/UE4/Content/Materials/Column_Basemant.uasset" 286
"D:/Works/3D Engine Apps/Basilica Sudak/UE4/Content/Materials/Textures/Column_Main1.uasset" 287
"D:/Works/3D Engine Apps/Basilica Sudak/UE4/Content/Materials/Textures/Column_Main_normal.uasset" 288
"D:/Works/3D Engine Apps/Basilica Sudak/UE4/Content/Materials/Textures/Column_Main_spec.uasset" 289
"D:/Works/3D Engine Apps/Basilica Sudak/UE4/Content/Materials/Column_Main.uasset" 290
"D:/Works/3D Engine Apps/Basilica Sudak/UE4/Content/Materials/Textures/Dark_Sand1.uasset" 291
"D:/Works/3D Engine Apps/Basilica Sudak/UE4/Content/Materials/Textures/Dark_Sand_normal.uasset" 292
"D:/Works/3D Engine Apps/Basilica Sudak/UE4/Content/Materials/Textures/Dark_Sand_spec.uasset" 293
"D:/Works/3D Engine Apps/Basilica Sudak/UE4/Content/Materials/Dark_Sand.uasset" 294
"D:/Works/3D Engine Apps/Basilica Sudak/UE4/Content/Materials/Textures/dirty_FloorStone.uasset" 295
"D:/Works/3D Engine Apps/Basilica Sudak/UE4/Content/Materials/Textures/FloorStone_normal.uasset" 296
"D:/Works/3D Engine Apps/Basilica Sudak/UE4/Content/Materials/Textures/FloorStone_spec.uasset" 297
"D:/Works/3D Engine Apps/Basilica Sudak/UE4/Content/Materials/DirtyFloor.uasset" 298
"D:/Works/3D Engine Apps/Basilica Sudak/UE4/Content/Materials/Textures/FloorStone1.uasset" 299
"D:/Works/3D Engine Apps/Basilica Sudak/UE4/Content/Materials/FloorStone.uasset" 300
"D:/Works/3D Engine Apps/Basilica Sudak/UE4/Content/Materials/Textures/Marble1.uasset" 301
"D:/Works/3D Engine Apps/Basilica Sudak/UE4/Content/Materials/Textures/Marble_normal.uasset" 302
"D:/Works/3D Engine Apps/Basilica Sudak/UE4/Content/Materials/Textures/Marble_spec.uasset" 303
"D:/Works/3D Engine Apps/Basilica Sudak/UE4/Content/Materials/Marble.uasset" 304
"D:/Works/3D Engine Apps/Basilica Sudak/UE4/Content/Materials/Textures/Quartz_Sand1.uasset" 305
"D:/Works/3D Engine Apps/Basilica Sudak/UE4/Content/Materials/Textures/Quartz_Sand_normal.uasset" 306
"D:/Works/3D Engine Apps/Basilica Sudak/UE4/Content/Materials/Textures/Quartz_Sand_spec.uasset" 307
"D:/Works/3D Engine Apps/Basilica Sudak/UE4/Content/Materials/Quartz_Sand.uasset" 308
"D:/Works/3D Engine Apps/Basilica Sudak/UE4/Content/Materials/Textures/Roofing1.uasset" 309
"D:/Works/3D Engine Apps/Basilica Sudak/UE4/Content/Materials/Textures/Roofing_normal.uasset" 310
"D:/Works/3D Engine Apps/Basilica Sudak/UE4/Content/Materials/Textures/Roofing_spec.uasset" 311
"D:/Works/3D Engine Apps/Basilica Sudak/UE4/Content/Materials/Roofing.uasset" 312
"D:/Works/3D Engine Apps/Basilica Sudak/UE4/Content/Materials/Textures/RoofingSimetrical1.uasset" 313
"D:/Works/3D Engine Apps/Basilica Sudak/UE4/Content/Materials/Textures/RoofingSimetrical_normal.uasset" 314
"D:/Works/3D Engine Apps/Basilica Sudak/UE4/Content/Materials/Textures/RoofingSimetrical_spec.uasset" 315
"D:/Works/3D Engine Apps/Basilica Sudak/UE4/Content/Materials/RoofingSimetrical.uasset" 316
"D:/Works/3D Engine Apps/Basilica Sudak/UE4/Content/Materials/Textures/Sand_Bricks_1.uasset" 317
"D:/Works/3D Engine Apps/Basilica Sudak/UE4/Content/Materials/Textures/Sand_Bricks_1_normal.uasset" 318
"D:/Works/3D Engine Apps/Basilica Sudak/UE4/Content/Materials/Textures/Sand_Bricks_1_spec.uasset" 319
"D:/Works/3D Engine Apps/Basilica Sudak/UE4/Content/Materials/Sand_Bricks_1.uasset" 320
"D:/Works/3D Engine Apps/Basilica Sudak/UE4/Content/Materials/Textures/Sand_Bricks_2.uasset" 321
"D:/Works/3D Engine Apps/Basilica Sudak/UE4/Content/Materials/Textures/Sand_Bricks_2_normal.uasset" 322
"D:/Works/3D Engine Apps/Basilica Sudak/UE4/Content/Materials/Textures/Sand_Bricks_2_spec.uasset" 323
"D:/Works/3D Engine Apps/Basilica Sudak/UE4/Content/Materials/Sand_Bricks_2.uasset" 324
"D:/Works/3D Engine Apps/Basilica Sudak/UE4/Content/Materials/Textures/Sand_Bricks_3.uasset" 325
"D:/Works/3D Engine Apps/Basilica Sudak/UE4/Content/Materials/Textures/Sand_Bricks_3_normal.uasset" 326
"D:/Works/3D Engine Apps/Basilica Sudak/UE4/Content/Materials/Textures/Sand_Bricks_3_spec.uasset" 327
"D:/Works/3D Engine Apps/Basilica Sudak/UE4/Content/Materials/Sand_Bricks_3.uasset" 328
"D:/Works/3D Engine Apps/Basilica Sudak/UE4/Content/Materials/Textures/Window_Frame_Arc1.uasset" 329
"D:/Works/3D Engine Apps/Basilica Sudak/UE4/Content/Materials/Textures/Window_Frame_Arc_normal.uasset" 330
"D:/Works/3D Engine Apps/Basilica Sudak/UE4/Content/Materials/Textures/Window_Frame_Arc_spec.uasset" 331
"D:/Works/3D Engine Apps/Basilica Sudak/UE4/Content/Materials/Window_Frame_Arc.uasset" 332
"D:/Works/3D Engine Apps/Basilica Sudak/UE4/Content/Materials/Textures/Window_Frame_x3.uasset" 333
"D:/Works/3D Engine Apps/Basilica Sudak/UE4/Content/Materials/Textures/Window_Frame_x3_normal.uasset" 334
"D:/Works/3D Engine Apps/Basilica Sudak/UE4/Content/Materials/Textures/Window_Frame_x3_spec.uasset" 335
"D:/Works/3D Engine Apps/Basilica Sudak/UE4/Content/Materials/Window_Frame_x3.uasset" 336
"D:/Works/3D Engine Apps/Basilica Sudak/UE4/Content/Materials/Wood_Solid.uasset" 337
"D:/Works/3D Engine Apps/Basilica Sudak/UE4/Content/Objects/BasilicaSolid.uasset" 338
"D:/Works/3D Engine Apps/Basilica Sudak/UE4/Content/Materials/GoldYellow.uasset" 339
"D:/Works/3D Engine Apps/Basilica Sudak/UE4/Content/Objects/GoldCross.uasset" 340
"D:/Works/3D Engine Apps/Basilica Sudak/UE4/Content/Objects/WideFraameX4.uasset" 341
"D:/Works/3D Engine Apps/Basilica Sudak/UE4/Content/Objects/WindowFrameX3.uasset" 342
"D:/Works/3D Engine Apps/Basilica Sudak/UE4/Content/ChirschScene.umap" 343
"D:/Works/3D Engine Apps/Basilica Sudak/UE4/Content/Blueprints/TitleHud.uasset" 344
"D:/Works/3D Engine Apps/Basilica Sudak/UE4/Content/Blueprints/TitleGameMode.uasset" 345
"D:/Works/3D Engine Apps/Basilica Sudak/UE4/Content/Sprites/blender_logo-2.uasset" 346
"D:/Works/3D Engine Apps/Basilica Sudak/UE4/Content/Sprites/Sketchup_logo.uasset" 347
"D:/Works/3D Engine Apps/Basilica Sudak/UE4/Content/Sprites/Unreal-engine-4-logo-wide-sm.uasset" 348
"D:/Works/3D Engine Apps/Basilica Sudak/UE4/Content/Blueprints/LoadinScreen.uasset" 349
"D:/Works/3D Engine Apps/Basilica Sudak/UE4/Content/Blueprints/TitleSplash.uasset" 350
"D:/Works/3D Engine Apps/Basilica Sudak/UE4/Content/TitleScreen.umap" 351
"../../../Engine/Content/Maps/Entry_BuiltData.uasset" 352
"../../../Engine/Content/Maps/Entry.umap" 353
