"../../../Engine/Content/Tutorial/Foliage/TutorialAssets/Foliage.uasset" 0
"../../../Engine/Content/Tutorial/Landscape/TutorialAssets/Landscape.uasset" 1
"../../../Engine/Content/Tutorial/Basics/TutorialAssets/icon_tab_Levels_40x.uasset" 2
"../../../Engine/Content/BufferVisualization/Opacity.uasset" 3
"../../../Engine/Content/BufferVisualization/LightingModel.uasset" 4
"../../../Engine/Content/BufferVisualization/SubsurfaceColor.uasset" 5
"../../../Engine/Content/BufferVisualization/FinalImage.uasset" 6
"../../../Engine/Content/BufferVisualization/WorldNormal.uasset" 7
"../../../Engine/Content/BufferVisualization/BaseColor.uasset" 8
"../../../Engine/Content/BufferVisualization/SeparateTranslucencyA.uasset" 9
"../../../Engine/Content/Functions/Engine_MaterialFunctions02/Utility/BreakOutFloat2Components.uasset" 10
"../../../Engine/Content/Functions/Engine_MaterialFunctions01/Texturing/ScaleUVsByCenter.uasset" 11
"../../../Engine/Content/Functions/Engine_MaterialFunctions02/ScreenResolution.uasset" 12
"../../../Engine/Content/Functions/Engine_MaterialFunctions02/Texturing/ScreenAlignedUVs.uasset" 13
"../../../Engine/Content/Functions/Engine_MaterialFunctions02/Utility/MakeFloat2.uasset" 14
"../../../Engine/Content/Functions/Engine_MaterialFunctions02/Utility/MakeFloat3.uasset" 15
"../../../Engine/Content/EngineMaterials/MiniFont.uasset" 16
"../../../Engine/Content/BufferVisualization/CustomStencil.uasset" 17
"../../../Engine/Content/BufferVisualization/PreTonemapHDRColor.uasset" 18
"../../../Engine/Content/BufferVisualization/MaterialAO.uasset" 19
"../../../Engine/Content/Functions/Engine_MaterialFunctions02/Utility/VectorLength.uasset" 20
"../../../Engine/Content/BufferVisualization/CustomDepthWorldUnits.uasset" 21
"../../../Engine/Content/BufferVisualization/CustomDepth.uasset" 22
"../../../Engine/Content/EngineMaterials/DefaultPhysicalMaterial.uasset" 23
"../../../Engine/Content/BufferVisualization/AmbientOcclusion.uasset" 24
"../../../Engine/Content/BufferVisualization/SceneDepthWorldUnits.uasset" 25
"../../../Engine/Content/BufferVisualization/Roughness.uasset" 26
"../../../Engine/Content/BufferVisualization/SeparateTranslucencyRGB.uasset" 27
"../../../Engine/Content/BufferVisualization/SceneDepth.uasset" 28
"../../../Engine/Content/BufferVisualization/Specular.uasset" 29
"../../../Engine/Content/BufferVisualization/Metallic.uasset" 30
"../../../Engine/Content/BufferVisualization/SceneColor.uasset" 31
"../../../Engine/Content/BufferVisualization/PostTonemapHDRColor.uasset" 32
"../../../Engine/Content/EngineMeshes/Sphere.uasset" 33
"../../../Engine/Content/Functions/Engine_MaterialFunctions01/Opacity/CameraDepthFade.uasset" 34
"../../../Engine/Content/EngineMaterials/T_Default_Material_Grid_M.uasset" 35
"../../../Engine/Content/EngineMaterials/T_Default_Material_Grid_N.uasset" 36
"../../../Engine/Content/EngineMaterials/DefaultMaterial.uasset" 37
"../../../Engine/Content/EngineMeshes/Cube.uasset" 38
"../../../Engine/Content/EngineMeshes/Cylinder.uasset" 39
"../../../Engine/Content/MobileResources/T_MobileMenu2.uasset" 40
"../../../Engine/Content/MobileResources/T_MobileControls_texture.uasset" 41
"../../../Engine/Content/MobileResources/HUD/VirtualJoystick_Background.uasset" 42
"../../../Engine/Content/MobileResources/HUD/VirtualJoystick_Thumb.uasset" 43
"../../../Engine/Content/MobileResources/HUD/DefaultVirtualJoysticks.uasset" 44
"../../../Engine/Content/MobileResources/HUD/MobileHUDButton2_off.uasset" 45
"../../../Engine/Content/MobileResources/HUD/T_Castle_ThumbstickInner.uasset" 46
"../../../Engine/Content/MobileResources/HUD/MobileHUDButton3.uasset" 47
"../../../Engine/Content/MobileResources/HUD/LeftVirtualJoystickOnly.uasset" 48
"../../../Engine/Content/MobileResources/HUD/T_Castle_ThumbstickOutter.uasset" 49
"../../../Engine/Content/MobileResources/HUD/MobileHUDButtonFire.uasset" 50
"../../../Engine/Content/MobileResources/HUD/MobileHUDButton2_on.uasset" 51
"../../../Engine/Content/MobileResources/HUD/MobileHUDDirectionPad3.uasset" 52
"../../../Engine/Content/MobileResources/HUD/MobileHUDDirectionStick.uasset" 53
"../../../Engine/Content/MobileResources/HUD/MobileHUDDirectionPad.uasset" 54
"../../../Engine/Content/MobileResources/HUD/MobileHUDButton1_off.uasset" 55
"../../../Engine/Content/MobileResources/HUD/MobileHUDDirectionPad2.uasset" 56
"../../../Engine/Content/MobileResources/HUD/AnalogHat.uasset" 57
"../../../Engine/Content/MobileResources/HUD/MobileHUDButton1_on.uasset" 58
"../../../Engine/Content/Functions/Engine_MaterialFunctions01/Shading/PowerToRoughness.uasset" 59
"../../../Engine/Content/EditorMaterials/Thumbnails/SkySphereMaterial.uasset" 60
"../../../Engine/Content/EditorMeshes/EditorSkySphere.uasset" 61
"../../../Engine/Content/EditorMeshes/EditorSphere.uasset" 62
"../../../Engine/Content/EditorMeshes/EditorCylinder.uasset" 63
"../../../Engine/Content/EditorMeshes/EditorCube.uasset" 64
"../../../Engine/Content/EditorResources/MatineeCam_D.uasset" 65
"../../../Engine/Content/EditorMaterials/MatineeCam_mat.uasset" 66
"../../../Engine/Content/EditorMeshes/MatineeCam_SM.uasset" 67
"../../../Engine/Content/EditorMeshes/EditorPlane.uasset" 68
"../../../Engine/Content/EditorMaterials/Camera/CineMat.uasset" 69
"../../../Engine/Content/EditorMaterials/Camera/MI_CineMat_Rig.uasset" 70
"../../../Engine/Content/EditorMeshes/Camera/SM_RailRig_Mount.uasset" 71
"../../../Engine/Content/EditorMeshes/Camera/SM_CraneRig_Arm.uasset" 72
"../../../Engine/Content/EditorMaterials/Camera/MI_CineMat_CameraBody.uasset" 73
"../../../Engine/Content/EngineDebugMaterials/M_SimpleOpaque.uasset" 74
"../../../Engine/Content/EditorMaterials/Camera/MI_CineMat_CamViewFinder.uasset" 75
"../../../Engine/Content/EditorMeshes/Camera/SM_CineCam.uasset" 76
"../../../Engine/Content/EditorMeshes/Camera/SM_RailRig_Track.uasset" 77
"../../../Engine/Content/EditorMeshes/Camera/SM_CraneRig_Base.uasset" 78
"../../../Engine/Content/EditorMeshes/Camera/SM_CraneRig_Body.uasset" 79
"../../../Engine/Content/EditorMeshes/Camera/SM_CraneRig_Mount.uasset" 80
"../../../Engine/Content/MapTemplates/Sky/DaylightAmbientCubemap.uasset" 81
"../../../Engine/Content/EngineDebugMaterials/VertexColorViewMode_ColorOnly.uasset" 82
"../../../Engine/Content/Functions/Engine_MaterialFunctions01/Shading/ConvertFromDiffSpec.uasset" 83
"../../../Engine/Content/EngineDebugMaterials/VertexColorMaterial.uasset" 84
"../../../Engine/Content/EngineDebugMaterials/M_SimpleTranslucent.uasset" 85
"../../../Engine/Content/EngineDebugMaterials/ClothMaterial.uasset" 86
"../../../Engine/Content/EngineDebugMaterials/GeomMaterial.uasset" 87
"../../../Engine/Content/EngineDebugMaterials/ClothMaterial_WF.uasset" 88
"../../../Engine/Content/EngineMaterials/DefaultWhiteGrid.uasset" 89
"../../../Engine/Content/EngineDebugMaterials/MAT_LevelColorationLitLightmapUV.uasset" 90
"../../../Engine/Content/EngineDebugMaterials/ShadedLevelColorationLitMaterial.uasset" 91
"../../../Engine/Content/EngineDebugMaterials/VertexColorViewMode_GreenOnly.uasset" 92
"../../../Engine/Content/EngineDebugMaterials/LevelColorationUnlitMaterial.uasset" 93
"../../../Engine/Content/EngineDebugMaterials/ShadedLevelColorationUnlitMateri.uasset" 94
"../../../Engine/Content/EngineDebugMaterials/DebugEditorMaterial.uasset" 95
"../../../Engine/Content/EngineDebugMaterials/DebugMeshMaterial.uasset" 96
"../../../Engine/Content/EngineDebugMaterials/VertexColorViewMode_AlphaAsColor.uasset" 97
"../../../Engine/Content/EngineDebugMaterials/WireframeMaterial.uasset" 98
"../../../Engine/Content/EngineDebugMaterials/LevelColorationLitMaterial.uasset" 99
"../../../Engine/Content/EngineDebugMaterials/VertexColorViewMode_RedOnly.uasset" 100
"../../../Engine/Content/EngineDebugMaterials/VertexColorViewMode_BlueOnly.uasset" 101
"../../../Engine/Content/EngineDebugMaterials/HeatmapGradient.uasset" 102
"../../../Engine/Content/EngineDebugMaterials/BoneWeightMaterial.uasset" 103
"../../../Engine/Content/BasicShapes/Sphere.uasset" 104
"../../../Engine/Content/BasicShapes/Cylinder.uasset" 105
"../../../Engine/Content/BasicShapes/Cone.uasset" 106
"../../../Engine/Content/EngineMaterials/WorldGridMaterial.uasset" 107
"../../../Engine/Content/BasicShapes/Plane.uasset" 108
"../../../Engine/Content/EditorResources/S_WindDirectional.uasset" 109
"../../../Engine/Content/EditorResources/S_Terrain.uasset" 110
"../../../Engine/Content/EditorResources/BSPVertex.uasset" 111
"../../../Engine/Content/EditorResources/S_KHinge.uasset" 112
"../../../Engine/Content/EditorResources/MatInstActSprite.uasset" 113
"../../../Engine/Content/EditorResources/S_VectorFieldVol.uasset" 114
"../../../Engine/Content/EditorResources/EmptyActor.uasset" 115
"../../../Engine/Content/EditorResources/S_TextRenderActorIcon.uasset" 116
"../../../Engine/Content/EditorResources/S_Trigger.uasset" 117
"../../../Engine/Content/EditorResources/Bad.uasset" 118
"../../../Engine/Content/EditorResources/S_Player.uasset" 119
"../../../Engine/Content/EditorResources/S_PortalActorIcon2.uasset" 120
"../../../Engine/Content/EditorResources/S_Actor.uasset" 121
"../../../Engine/Content/EditorResources/S_NavP.uasset" 122
"../../../Engine/Content/EditorResources/S_ExpoHeightFog.uasset" 123
"../../../Engine/Content/EditorResources/S_DecalActorIcon.uasset" 124
"../../../Engine/Content/EditorResources/SceneManager.uasset" 125
"../../../Engine/Content/EditorResources/S_KBSJoint.uasset" 126
"../../../Engine/Content/EditorResources/S_Note.uasset" 127
"../../../Engine/Content/EditorResources/S_FTest.uasset" 128
"../../../Engine/Content/EditorResources/S_Emitter.uasset" 129
"../../../Engine/Content/EditorResources/S_Thruster.uasset" 130
"../../../Engine/Content/EditorResources/S_ReflActorIcon.uasset" 131
"../../../Engine/Content/EditorResources/S_KPrismatic.uasset" 132
"../../../Engine/Content/EditorResources/S_LevelSequence.uasset" 133
"../../../Engine/Content/EditorResources/SmallFont.uasset" 134
"../../../Engine/Content/EditorResources/S_RadForce.uasset" 135
"../../../Engine/Content/EditorResources/AI/S_NavLink.uasset" 136
"../../../Engine/Content/EditorResources/LightIcons/S_LightError.uasset" 137
"../../../Engine/Content/EditorResources/LightIcons/S_LightPointMove.uasset" 138
"../../../Engine/Content/EditorResources/LightIcons/SkyLight.uasset" 139
"../../../Engine/Content/EditorResources/LightIcons/S_LightDirectionalMove.uasset" 140
"../../../Engine/Content/EditorResources/LightIcons/S_LightSpotMove.uasset" 141
"../../../Engine/Content/EditorResources/LightIcons/S_LightDirectional.uasset" 142
"../../../Engine/Content/EditorResources/LightIcons/S_LightSpot.uasset" 143
"../../../Engine/Content/EditorResources/LightIcons/S_LightPoint.uasset" 144
"../../../Engine/Content/EditorResources/Spline/T_Loft_Spline.uasset" 145
"../../../Engine/Content/EditorResources/SequenceRecorder/RecordingIndicator.uasset" 146
"../../../Engine/Content/EditorResources/SequenceRecorder/Countdown.uasset" 147
"../../../Engine/Content/ArtTools/RenderToTexture/Meshes/S_1_Unit_Plane.uasset" 148
"../../../Engine/Content/EngineSounds/Master.uasset" 149
"../../../Engine/Content/VREditor/LaserPointer/VR_LaserPower_01.uasset" 150
"../../../Engine/Content/VREditor/TransformGizmo/TransformGizmoMaterial.uasset" 151
"../../../Engine/Content/VREditor/TransformGizmo/TranslucentTransformGizmoMaterial.uasset" 152
"../../../Engine/Content/VREditor/TransformGizmo/PlaneTranslationHandle.uasset" 153
"../../../Engine/Content/VREditor/TransformGizmo/BoundingBoxCorner.uasset" 154
"../../../Engine/Content/VREditor/TransformGizmo/Main.uasset" 155
"../../../Engine/Content/VREditor/TransformGizmo/Xray.uasset" 156
"../../../Engine/Content/VREditor/TransformGizmo/SM_Sequencer_Key.uasset" 157
"../../../Engine/Content/VREditor/TransformGizmo/SM_Sequencer_Node.uasset" 158
"../../../Engine/Content/VREditor/TransformGizmo/BoundingBoxEdge.uasset" 159
"../../../Engine/Content/EditorLandscapeResources/LandscapeGizmoHeight_Mat.uasset" 160
"../../../Engine/Content/EditorLandscapeResources/SplineEditorMeshMat.uasset" 161
"../../../Engine/Content/EditorLandscapeResources/SplineEditorMesh.uasset" 162
"../../../Engine/Content/EditorLandscapeResources/DataLayer.uasset" 163
"../../../Engine/Content/EditorLandscapeResources/DefaultAlphaTexture.uasset" 164
"../../../Engine/Content/EditorLandscapeResources/LandscapeGizmo_Mat.uasset" 165
"../../../Engine/Content/EditorLandscapeResources/LandscapeGizmo_Mat_Copied.uasset" 166
"../../../Engine/Content/EngineMaterials/HighResScreenshotCaptureRegion.uasset" 167
"../../../Engine/Content/EngineMaterials/DefaultBloomKernel.uasset" 168
"../../../Engine/Content/EngineMaterials/DefaultLightFunctionMaterial.uasset" 169
"../../../Engine/Content/EngineResources/WhiteSquareTexture.uasset" 170
"../../../Engine/Content/EngineMaterials/Widget3DPassThrough.uasset" 171
"../../../Engine/Content/EngineMaterials/Widget3DPassThrough_Translucent.uasset" 172
"../../../Engine/Content/EngineMaterials/Widget3DPassThrough_Translucent_OneSided.uasset" 173
"../../../Engine/Content/EngineMaterials/DefaultBokeh.uasset" 174
"../../../Engine/Content/EngineMaterials/WeightMapPlaceholderTexture.uasset" 175
"../../../Engine/Content/EngineMaterials/PaperDiffuse.uasset" 176
"../../../Engine/Content/EngineMaterials/Good64x64TilingNoiseHighFreq.uasset" 177
"../../../Engine/Content/EngineMaterials/HighResolutionScreenshotMaskFunction.uasset" 178
"../../../Engine/Content/EngineMaterials/HighResScreenshot.uasset" 179
"../../../Engine/Content/EngineMaterials/PaperNormal.uasset" 180
"../../../Engine/Content/EngineMaterials/BaseFlattenDiffuseMap.uasset" 181
"../../../Engine/Content/EngineMaterials/BaseFlattenEmissiveMap.uasset" 182
"../../../Engine/Content/EngineMaterials/BaseFlattenGrayscaleMap.uasset" 183
"../../../Engine/Content/EngineMaterials/BaseFlattenNormalMap.uasset" 184
"../../../Engine/Content/EngineMaterials/BaseFlattenMaterial.uasset" 185
"../../../Engine/Content/EngineMaterials/RemoveSurfaceMaterial.uasset" 186
"../../../Engine/Content/EngineMaterials/DefaultDiffuse.uasset" 187
"../../../Engine/Content/EngineMaterials/DefaultDeferredDecalMaterial.uasset" 188
"../../../Engine/Content/EngineMaterials/HighResScreenshotMask.uasset" 189
"../../../Engine/Content/EngineMaterials/DefaultPostProcessMaterial.uasset" 190
"../../../Engine/Content/EngineMaterials/Widget3DPassThrough_Opaque.uasset" 191
"../../../Engine/Content/EngineMaterials/Widget3DPassThrough_Opaque_OneSided.uasset" 192
"../../../Engine/Content/EngineFonts/RobotoDistanceField.uasset" 193
"../../../Engine/Content/EngineMaterials/DefaultTextMaterialOpaque.uasset" 194
"../../../Engine/Content/EngineMaterials/Widget3DPassThrough_Masked.uasset" 195
"../../../Engine/Content/EngineMaterials/EditorBrushMaterial.uasset" 196
"../../../Engine/Content/EngineMaterials/Grid_N.uasset" 197
"../../../Engine/Content/EngineMaterials/Widget3DPassThrough_Masked_OneSided.uasset" 198
"../../../Engine/Content/EngineMaterials/DefaultNormal.uasset" 199
"../../../Engine/Content/EngineMaterials/LandscapeHolePhysicalMaterial.uasset" 200
"../../../Engine/Content/EngineMaterials/PreintegratedSkinBRDF.uasset" 201
"../../../Engine/Content/EngineMaterials/InvalidLightmapSettings.uasset" 202
"../../../Engine/Content/EngineMaterials/M_InvalidLightmapSettings.uasset" 203
"../../../Engine/Content/EngineMaterials/PhysMat_Rubber.uasset" 204
"../../../Engine/Content/EngineMaterials/BlinkingCaret.uasset" 205
"../../../Engine/Content/Functions/Engine_MaterialFunctions02/WorldPositionOffset/CameraOffset.uasset" 206
"../../../Engine/Content/EngineMaterials/PhAT_JointLimitMaterial.uasset" 207
"../../../Engine/Content/EditorMaterials/WidgetMaterial.uasset" 208
"../../../Engine/Content/EditorMaterials/TargetIcon.uasset" 209
"../../../Engine/Content/EditorMaterials/WidgetVertexColorMaterial.uasset" 210
"../../../Engine/Content/EditorMaterials/WidgetGridVertexColorMaterial.uasset" 211
"../../../Engine/Content/EditorMaterials/WidgetGridVertexColorMaterial_Ma.uasset" 212
"../../../Engine/Content/EditorMaterials/PhAT_BoneSelectedMaterial.uasset" 213
"../../../Engine/Content/EditorMaterials/WidgetMaterial_Current.uasset" 214
"../../../Engine/Content/EditorMaterials/PhAT_NoCollisionMaterial.uasset" 215
"../../../Engine/Content/EditorMaterials/CompositeARGBLayer.uasset" 216
"../../../Engine/Content/EditorMaterials/TilingAALineIntegral.uasset" 217
"../../../Engine/Content/EditorMaterials/TilingAALineBoxFiltered.uasset" 218
"../../../Engine/Content/Functions/Engine_MaterialFunctions03/Procedurals/ComputeFilterWidth.uasset" 219
"../../../Engine/Content/EditorMaterials/TilingAADots.uasset" 220
"../../../Engine/Content/EngineMaterials/BlendFunc_DefBase.uasset" 221
"../../../Engine/Content/EngineMaterials/BlendFunc_DefBlend.uasset" 222
"../../../Engine/Content/Functions/Engine_MaterialFunctions03/Blends/Blend_Screen.uasset" 223
"../../../Engine/Content/EditorMaterials/TilingAAGrid.uasset" 224
"../../../Engine/Content/EditorMaterials/LevelGridMaterial.uasset" 225
"../../../Engine/Content/EditorMaterials/GizmoMaterial.uasset" 226
"../../../Engine/Content/EditorMaterials/PreviewShadowIndicator.uasset" 227
"../../../Engine/Content/EditorMaterials/PreviewShadowIndicatorMaterial.uasset" 228
"../../../Engine/Content/EditorMaterials/WidgetMaterial_Y.uasset" 229
"../../../Engine/Content/EditorMaterials/MakeCompositeARGBLayer.uasset" 230
"../../../Engine/Content/EditorResources/LevelGrid1DStripes.uasset" 231
"../../../Engine/Content/EditorMaterials/TextureGridCascaded1D.uasset" 232
"../../../Engine/Content/EditorMaterials/TextureGridCascaded2D.uasset" 233
"../../../Engine/Content/EditorMaterials/LevelGridMaterial2.uasset" 234
"../../../Engine/Content/EditorMaterials/PhAT_ElemSelectedMaterial.uasset" 235
"../../../Engine/Content/EditorMaterials/Tick.uasset" 236
"../../../Engine/Content/EditorMaterials/Tick_Mat.uasset" 237
"../../../Engine/Content/EditorMaterials/PhAT_UnselectedMaterial.uasset" 238
"../../../Engine/Content/Functions/Engine_MaterialFunctions02/Utility/Sign.uasset" 239
"../../../Engine/Content/Functions/Engine_MaterialFunctions02/Utility/Round.uasset" 240
"../../../Engine/Content/Functions/Engine_MaterialFunctions02/ExampleContent/Textures/flipbook.uasset" 241
"../../../Engine/Content/Functions/Engine_MaterialFunctions02/Texturing/FlipBook.uasset" 242
"../../../Engine/Content/EditorResources/T_EditorHelp.uasset" 243
"../../../Engine/Content/EditorMaterials/HelpActorMaterial.uasset" 244
"../../../Engine/Content/EditorMaterials/WidgetMaterial_Z.uasset" 245
"../../../Engine/Content/EditorMaterials/WidgetMaterial_X.uasset" 246
"../../../Engine/Content/EditorMaterials/Cross.uasset" 247
"../../../Engine/Content/EditorMaterials/Cross_Mat.uasset" 248
"../../../Engine/Content/EditorMaterials/MAT_Groups_Toggle.uasset" 249
"../../../Engine/Content/EditorMaterials/MAT_Groups_Visibility.uasset" 250
"../../../Engine/Content/EditorMaterials/MatineeGroups/MAT_Groups_Slomo.uasset" 251
"../../../Engine/Content/EditorMaterials/MatineeGroups/MAT_Groups_Event.uasset" 252
"../../../Engine/Content/EditorMaterials/MatineeGroups/MAT_Groups_Director.uasset" 253
"../../../Engine/Content/EditorMaterials/MatineeGroups/MAT_Groups_Move.uasset" 254
"../../../Engine/Content/EditorMaterials/MatineeGroups/MAT_ColorTrack.uasset" 255
"../../../Engine/Content/EditorMaterials/MatineeGroups/MAT_Groups_Fade.uasset" 256
"../../../Engine/Content/EditorMaterials/MatineeGroups/MAT_Groups_Vector.uasset" 257
"../../../Engine/Content/EditorMaterials/MatineeGroups/MAT_Groups_Float.uasset" 258
"../../../Engine/Content/EditorMaterials/MatineeGroups/MAT_Groups_Sound.uasset" 259
"../../../Engine/Content/EditorMaterials/MatineeGroups/MAT_Groups_Anim.uasset" 260
"../../../Engine/Content/EditorMaterials/MatineeGroups/MAT_Groups_AudioMaster.uasset" 261
"../../../Engine/Content/EngineMaterials/Grid.uasset" 262
"../../../Engine/Content/EditorMaterials/Thumbnails/FloorPlaneMaterial.uasset" 263
"../../../Engine/Content/EditorMaterials/ParticleSystems/PSysThumbnail_OOD.uasset" 264
"../../../Engine/Content/EditorMaterials/ParticleSystems/PSysThumbnail_NoImage.uasset" 265
"../../../Engine/Content/EngineFonts/Faces/RobotoTiny.uasset" 266
"../../../Engine/Content/EngineFonts/RobotoTiny.uasset" 267
"../../../Engine/Content/EngineFonts/TinyFont.uasset" 268
"../../../Engine/Content/EngineFonts/Faces/RobotoBold.uasset" 269
"../../../Engine/Content/EngineFonts/Faces/RobotoBoldItalic.uasset" 270
"../../../Engine/Content/EngineFonts/Faces/RobotoItalic.uasset" 271
"../../../Engine/Content/EngineFonts/Faces/RobotoLight.uasset" 272
"../../../Engine/Content/EngineFonts/Faces/RobotoRegular.uasset" 273
"../../../Engine/Content/EngineFonts/Roboto.uasset" 274
"../../../Engine/Content/EngineFonts/SmallFont.uasset" 275
"../../../Engine/Content/EngineResources/DefaultTextureCube.uasset" 276
"../../../Engine/Content/EngineResources/Black.uasset" 277
"../../../Engine/Content/EngineResources/StreamingPauseIcon.uasset" 278
"../../../Engine/Content/EngineResources/M_StreamingPause.uasset" 279
"../../../Engine/Content/EngineResources/DefaultTexture.uasset" 280
"../../../Engine/Content/EngineResources/DefaultVolumeTexture2D.uasset" 281
"../../../Engine/Content/EngineResources/DefaultVolumeTexture.uasset" 282
"../../../Engine/Content/EngineResources/GradientTexture0.uasset" 283
"../../../Engine/Content/EngineDamageTypes/DmgTypeBP_Environmental.uasset" 284
"../../../Engine/Content/EditorSounds/Notifications/CompileSuccess.uasset" 285
"../../../Engine/Content/EditorSounds/Notifications/CompileStart_Cue.uasset" 286
"../../../Engine/Content/EditorSounds/Notifications/CompileFailed.uasset" 287
"../../../Engine/Content/EditorSounds/Notifications/CompileFailed_Cue.uasset" 288
"../../../Engine/Content/EditorSounds/Notifications/CompileSuccess_Cue.uasset" 289
"../../../Engine/Content/Maps/Templates/Thumbnails/Default.uasset" 290
"../../../Engine/Content/Maps/Templates/Thumbnails/VR-Basic.uasset" 291
"../../../Engine/Content/Tutorial/ContentIntroCurve.uasset" 292
"../../../Engine/Content/Tutorial/SubEditors/TutorialAssets/TutorialMaterial.uasset" 293
"../../../Engine/Content/Tutorial/Mobile/TutorialAssets/android_Icon.uasset" 294
"../../../Engine/Content/Tutorial/BlueprintTutorials/TutorialAssets/Blueprint_64x.uasset" 295
"../../../../../!Works/[3D Modeling]/BasilcaSudak/UE4/Content/Sprites/blender_logo-2.uasset" 296
"../../../../../!Works/[3D Modeling]/BasilcaSudak/UE4/Content/Sprites/Sketchup_logo.uasset" 297
"../../../../../!Works/[3D Modeling]/BasilcaSudak/UE4/Content/Sprites/Unreal-engine-4-logo-wide-sm.uasset" 298
"../../../../../!Works/[3D Modeling]/BasilcaSudak/UE4/Content/Blueprints/LoadinScreen.uasset" 299
"../../Plugins/2D/Paper2D/Content/DefaultSpriteMaterial.uasset" 300
"../../Plugins/2D/Paper2D/Content/MaskedUnlitSpriteMaterial.uasset" 301
"../../Plugins/2D/Paper2D/Content/OpaqueUnlitSpriteMaterial.uasset" 302
"../../Plugins/2D/Paper2D/Content/PlaceholderTextures/DummySpriteTexture.uasset" 303
"../../Plugins/2D/Paper2D/Content/DummySprite.uasset" 304
"../../Plugins/2D/Paper2D/Content/DefaultPaperTerrainMaterial.uasset" 305
"../../../../../!Works/[3D Modeling]/BasilcaSudak/UE4/Content/Blueprints/TitleHud.uasset" 306
"../../../../../!Works/[3D Modeling]/BasilcaSudak/UE4/Content/Blueprints/TitleGameMode.uasset" 307
"../../../../../!Works/[3D Modeling]/BasilcaSudak/UE4/Content/TitleScreen.umap" 308
"../../../../../!Works/[3D Modeling]/BasilcaSudak/UE4/Content/Blueprints/FlyingCharacter.uasset" 309
"../../../../../!Works/[3D Modeling]/BasilcaSudak/UE4/Content/Blueprints/WalkingCharacter.uasset" 310
"../../../../../!Works/[3D Modeling]/BasilcaSudak/UE4/Content/Materials/Textures/Wood_Dark1.uasset" 311
"../../../../../!Works/[3D Modeling]/BasilcaSudak/UE4/Content/Materials/Textures/Wood_Dark_normal.uasset" 312
"../../../../../!Works/[3D Modeling]/BasilcaSudak/UE4/Content/Materials/Textures/Wood_Dark_spec.uasset" 313
"../../../../../!Works/[3D Modeling]/BasilcaSudak/UE4/Content/Materials/Wood_Dark.uasset" 314
"../../../Engine/Content/BasicShapes/Cube.uasset" 315
"../../../../../!Works/[3D Modeling]/BasilcaSudak/UE4/Content/Blueprints/ActiveDoorBP.uasset" 316
"../../../Engine/Content/EditorBlueprintResources/StandardMacros.uasset" 317
"../../../Engine/Content/EngineSky/C_Sky_Cloud_Color.uasset" 318
"../../../Engine/Content/EngineSky/C_Sky_Horizon_Color.uasset" 319
"../../../Engine/Content/EngineSky/C_Sky_Zenith_Color.uasset" 320
"../../../Engine/Content/EngineSky/T_Sky_Blue.uasset" 321
"../../../Engine/Content/EngineSky/T_Sky_Clouds_M.uasset" 322
"../../../Engine/Content/EngineSky/T_Sky_Stars.uasset" 323
"../../../Engine/Content/EngineSky/M_Sky_Panning_Clouds2.uasset" 324
"../../../Engine/Content/EngineSky/SM_SkySphere.uasset" 325
"../../../Engine/Content/EngineSky/BP_Sky_Sphere.uasset" 326
"../../../../../!Works/[3D Modeling]/BasilcaSudak/UE4/Content/Blueprints/SudakHUD.uasset" 327
"../../../../../!Works/[3D Modeling]/BasilcaSudak/UE4/Content/Blueprints/SudakGameMode.uasset" 328
"../../../../../!Works/[3D Modeling]/BasilcaSudak/UE4/Content/Objects/ActiveDoorBP_CChild.uasset" 329
"../../../../../!Works/[3D Modeling]/BasilcaSudak/UE4/Content/Objects/ActiveDoorBP_LChild.uasset" 330
"../../../../../!Works/[3D Modeling]/BasilcaSudak/UE4/Content/Objects/ActiveDoorBP_RChild.uasset" 331
"../../../../../!Works/[3D Modeling]/BasilcaSudak/UE4/Content/ChirschScene_BuiltData.uasset" 332
"../../../../../!Works/[3D Modeling]/BasilcaSudak/UE4/Content/Materials/Textures/dirt1.uasset" 333
"../../../../../!Works/[3D Modeling]/BasilcaSudak/UE4/Content/Materials/Textures/dirt1_normal.uasset" 334
"../../../../../!Works/[3D Modeling]/BasilcaSudak/UE4/Content/Materials/Textures/dirt1_spec.uasset" 335
"../../../../../!Works/[3D Modeling]/BasilcaSudak/UE4/Content/Materials/DirtyGround.uasset" 336
"../../../../../!Works/[3D Modeling]/BasilcaSudak/UE4/Content/Sprites/keyboard-key-icon.uasset" 337
"../../../../../!Works/[3D Modeling]/BasilcaSudak/UE4/Content/Blueprints/SudakOverlay.uasset" 338
"../../../../../!Works/[3D Modeling]/BasilcaSudak/UE4/Content/Blueprints/HelpScreen.uasset" 339
"../../../../../!Works/[3D Modeling]/BasilcaSudak/UE4/Content/Materials/Textures/BigArc1.uasset" 340
"../../../../../!Works/[3D Modeling]/BasilcaSudak/UE4/Content/Materials/Textures/BigArc_normal.uasset" 341
"../../../../../!Works/[3D Modeling]/BasilcaSudak/UE4/Content/Materials/Textures/BigArc_spec.uasset" 342
"../../../../../!Works/[3D Modeling]/BasilcaSudak/UE4/Content/Materials/BigArc.uasset" 343
"../../../../../!Works/[3D Modeling]/BasilcaSudak/UE4/Content/Materials/Textures/Column_Basemant1.uasset" 344
"../../../../../!Works/[3D Modeling]/BasilcaSudak/UE4/Content/Materials/Textures/Column_Basemant_normal.uasset" 345
"../../../../../!Works/[3D Modeling]/BasilcaSudak/UE4/Content/Materials/Textures/Column_Basemant_spec.uasset" 346
"../../../../../!Works/[3D Modeling]/BasilcaSudak/UE4/Content/Materials/Column_Basemant.uasset" 347
"../../../../../!Works/[3D Modeling]/BasilcaSudak/UE4/Content/Materials/Textures/Column_Main1.uasset" 348
"../../../../../!Works/[3D Modeling]/BasilcaSudak/UE4/Content/Materials/Textures/Column_Main_normal.uasset" 349
"../../../../../!Works/[3D Modeling]/BasilcaSudak/UE4/Content/Materials/Textures/Column_Main_spec.uasset" 350
"../../../../../!Works/[3D Modeling]/BasilcaSudak/UE4/Content/Materials/Column_Main.uasset" 351
"../../../../../!Works/[3D Modeling]/BasilcaSudak/UE4/Content/Materials/Textures/Dark_Sand1.uasset" 352
"../../../../../!Works/[3D Modeling]/BasilcaSudak/UE4/Content/Materials/Textures/Dark_Sand_normal.uasset" 353
"../../../../../!Works/[3D Modeling]/BasilcaSudak/UE4/Content/Materials/Textures/Dark_Sand_spec.uasset" 354
"../../../../../!Works/[3D Modeling]/BasilcaSudak/UE4/Content/Materials/Dark_Sand.uasset" 355
"../../../../../!Works/[3D Modeling]/BasilcaSudak/UE4/Content/Materials/Textures/dirty_FloorStone.uasset" 356
"../../../../../!Works/[3D Modeling]/BasilcaSudak/UE4/Content/Materials/Textures/FloorStone_normal.uasset" 357
"../../../../../!Works/[3D Modeling]/BasilcaSudak/UE4/Content/Materials/Textures/FloorStone_spec.uasset" 358
"../../../../../!Works/[3D Modeling]/BasilcaSudak/UE4/Content/Materials/DirtyFloor.uasset" 359
"../../../../../!Works/[3D Modeling]/BasilcaSudak/UE4/Content/Materials/Textures/FloorStone1.uasset" 360
"../../../../../!Works/[3D Modeling]/BasilcaSudak/UE4/Content/Materials/FloorStone.uasset" 361
"../../../../../!Works/[3D Modeling]/BasilcaSudak/UE4/Content/Materials/Textures/Marble1.uasset" 362
"../../../../../!Works/[3D Modeling]/BasilcaSudak/UE4/Content/Materials/Textures/Marble_normal.uasset" 363
"../../../../../!Works/[3D Modeling]/BasilcaSudak/UE4/Content/Materials/Textures/Marble_spec.uasset" 364
"../../../../../!Works/[3D Modeling]/BasilcaSudak/UE4/Content/Materials/Marble.uasset" 365
"../../../../../!Works/[3D Modeling]/BasilcaSudak/UE4/Content/Materials/Textures/Quartz_Sand1.uasset" 366
"../../../../../!Works/[3D Modeling]/BasilcaSudak/UE4/Content/Materials/Textures/Quartz_Sand_normal.uasset" 367
"../../../../../!Works/[3D Modeling]/BasilcaSudak/UE4/Content/Materials/Textures/Quartz_Sand_spec.uasset" 368
"../../../../../!Works/[3D Modeling]/BasilcaSudak/UE4/Content/Materials/Quartz_Sand.uasset" 369
"../../../../../!Works/[3D Modeling]/BasilcaSudak/UE4/Content/Materials/Textures/Roofing1.uasset" 370
"../../../../../!Works/[3D Modeling]/BasilcaSudak/UE4/Content/Materials/Textures/Roofing_normal.uasset" 371
"../../../../../!Works/[3D Modeling]/BasilcaSudak/UE4/Content/Materials/Textures/Roofing_spec.uasset" 372
"../../../../../!Works/[3D Modeling]/BasilcaSudak/UE4/Content/Materials/Roofing.uasset" 373
"../../../../../!Works/[3D Modeling]/BasilcaSudak/UE4/Content/Materials/Textures/RoofingSimetrical1.uasset" 374
"../../../../../!Works/[3D Modeling]/BasilcaSudak/UE4/Content/Materials/Textures/RoofingSimetrical_normal.uasset" 375
"../../../../../!Works/[3D Modeling]/BasilcaSudak/UE4/Content/Materials/Textures/RoofingSimetrical_spec.uasset" 376
"../../../../../!Works/[3D Modeling]/BasilcaSudak/UE4/Content/Materials/RoofingSimetrical.uasset" 377
"../../../../../!Works/[3D Modeling]/BasilcaSudak/UE4/Content/Materials/Textures/Sand_Bricks_1.uasset" 378
"../../../../../!Works/[3D Modeling]/BasilcaSudak/UE4/Content/Materials/Textures/Sand_Bricks_1_normal.uasset" 379
"../../../../../!Works/[3D Modeling]/BasilcaSudak/UE4/Content/Materials/Textures/Sand_Bricks_1_spec.uasset" 380
"../../../../../!Works/[3D Modeling]/BasilcaSudak/UE4/Content/Materials/Sand_Bricks_1.uasset" 381
"../../../../../!Works/[3D Modeling]/BasilcaSudak/UE4/Content/Materials/Textures/Sand_Bricks_2.uasset" 382
"../../../../../!Works/[3D Modeling]/BasilcaSudak/UE4/Content/Materials/Textures/Sand_Bricks_2_normal.uasset" 383
"../../../../../!Works/[3D Modeling]/BasilcaSudak/UE4/Content/Materials/Textures/Sand_Bricks_2_spec.uasset" 384
"../../../../../!Works/[3D Modeling]/BasilcaSudak/UE4/Content/Materials/Sand_Bricks_2.uasset" 385
"../../../../../!Works/[3D Modeling]/BasilcaSudak/UE4/Content/Materials/Textures/Sand_Bricks_3.uasset" 386
"../../../../../!Works/[3D Modeling]/BasilcaSudak/UE4/Content/Materials/Textures/Sand_Bricks_3_normal.uasset" 387
"../../../../../!Works/[3D Modeling]/BasilcaSudak/UE4/Content/Materials/Textures/Sand_Bricks_3_spec.uasset" 388
"../../../../../!Works/[3D Modeling]/BasilcaSudak/UE4/Content/Materials/Sand_Bricks_3.uasset" 389
"../../../../../!Works/[3D Modeling]/BasilcaSudak/UE4/Content/Materials/Textures/Window_Frame_Arc1.uasset" 390
"../../../../../!Works/[3D Modeling]/BasilcaSudak/UE4/Content/Materials/Textures/Window_Frame_Arc_normal.uasset" 391
"../../../../../!Works/[3D Modeling]/BasilcaSudak/UE4/Content/Materials/Textures/Window_Frame_Arc_spec.uasset" 392
"../../../../../!Works/[3D Modeling]/BasilcaSudak/UE4/Content/Materials/Window_Frame_Arc.uasset" 393
"../../../../../!Works/[3D Modeling]/BasilcaSudak/UE4/Content/Materials/Textures/Window_Frame_x3.uasset" 394
"../../../../../!Works/[3D Modeling]/BasilcaSudak/UE4/Content/Materials/Textures/Window_Frame_x3_normal.uasset" 395
"../../../../../!Works/[3D Modeling]/BasilcaSudak/UE4/Content/Materials/Textures/Window_Frame_x3_spec.uasset" 396
"../../../../../!Works/[3D Modeling]/BasilcaSudak/UE4/Content/Materials/Window_Frame_x3.uasset" 397
"../../../../../!Works/[3D Modeling]/BasilcaSudak/UE4/Content/Materials/Textures/Window_Frame_x4.uasset" 398
"../../../../../!Works/[3D Modeling]/BasilcaSudak/UE4/Content/Materials/Textures/Window_Frame_x4_normal.uasset" 399
"../../../../../!Works/[3D Modeling]/BasilcaSudak/UE4/Content/Materials/Textures/Window_Frame_x4_spec.uasset" 400
"../../../../../!Works/[3D Modeling]/BasilcaSudak/UE4/Content/Materials/Window_Frame_x4.uasset" 401
"../../../../../!Works/[3D Modeling]/BasilcaSudak/UE4/Content/Materials/WindowBlue.uasset" 402
"../../../../../!Works/[3D Modeling]/BasilcaSudak/UE4/Content/Materials/Wood_Solid.uasset" 403
"../../../../../!Works/[3D Modeling]/BasilcaSudak/UE4/Content/Objects/BasilicaSolid.uasset" 404
"../../../../../!Works/[3D Modeling]/BasilcaSudak/UE4/Content/Materials/Textures/CherrySprite.uasset" 405
"../../../../../!Works/[3D Modeling]/BasilcaSudak/UE4/Content/Materials/Textures/CherrySprite_normal.uasset" 406
"../../../../../!Works/[3D Modeling]/BasilcaSudak/UE4/Content/Materials/Textures/CherrySprite_spec.uasset" 407
"../../../../../!Works/[3D Modeling]/BasilcaSudak/UE4/Content/Materials/Cherry_Leafs.uasset" 408
"../../../../../!Works/[3D Modeling]/BasilcaSudak/UE4/Content/Objects/CherryBush.uasset" 409
"../../../../../!Works/[3D Modeling]/BasilcaSudak/UE4/Content/Materials/GoldYellow.uasset" 410
"../../../../../!Works/[3D Modeling]/BasilcaSudak/UE4/Content/Objects/GoldCross.uasset" 411
"../../../../../!Works/[3D Modeling]/BasilcaSudak/UE4/Content/Materials/Textures/bark-1024-colcor.uasset" 412
"../../../../../!Works/[3D Modeling]/BasilcaSudak/UE4/Content/Materials/Textures/bark-1024-colcor_normal.uasset" 413
"../../../../../!Works/[3D Modeling]/BasilcaSudak/UE4/Content/Materials/Textures/bark-1024-colcor_spec.uasset" 414
"../../../../../!Works/[3D Modeling]/BasilcaSudak/UE4/Content/Materials/Oak_Bark.uasset" 415
"../../../../../!Works/[3D Modeling]/BasilcaSudak/UE4/Content/Materials/Textures/oalSprite.uasset" 416
"../../../../../!Works/[3D Modeling]/BasilcaSudak/UE4/Content/Materials/Textures/oalSprite_normal.uasset" 417
"../../../../../!Works/[3D Modeling]/BasilcaSudak/UE4/Content/Materials/Textures/oalSprite_spec.uasset" 418
"../../../../../!Works/[3D Modeling]/BasilcaSudak/UE4/Content/Materials/Oak_Leafs.uasset" 419
"../../../../../!Works/[3D Modeling]/BasilcaSudak/UE4/Content/Objects/OakTree.uasset" 420
"../../../../../!Works/[3D Modeling]/BasilcaSudak/UE4/Content/Objects/WideFraameX4.uasset" 421
"../../../../../!Works/[3D Modeling]/BasilcaSudak/UE4/Content/Objects/WindowFrameX3.uasset" 422
"../../../../../!Works/[3D Modeling]/BasilcaSudak/UE4/Content/ChirschScene.umap" 423
"../../../Engine/Content/Maps/Entry_BuiltData.uasset" 424
"../../../Engine/Content/Maps/Entry.umap" 425
